2025-09-19 21:03:08 | INFO | Processed JSON message: {'message': 'I just tried travel! It was weird.', 'author': 'Alice', 'timestamp': '2025-09-19 21:03:08', 'category': 'travel', 'sentiment': 0.7, 'keyword_mentioned': 'travel', 'message_length': 34}
2025-09-19 21:03:08 | INFO | Message received - Keyword: travel, Sentiment: 0.7
2025-09-19 21:03:08 | INFO | Updated keyword sentiment averages: {'other': 0.47, 'JavaScript': 0.28, 'recipe': 0.49, 'meme': 0.49, 'game': 0.54, 'Python': 0.4, 'travel': 0.68}
2025-09-19 21:03:08 | INFO | Updated keyword counts: {'other': 8, 'JavaScript': 2, 'recipe': 5, 'meme': 4, 'game': 2, 'Python': 3, 'travel': 3}
2025-09-19 21:03:08 | INFO | Chart updated successfully for keyword: travel
2025-09-19 21:03:13 | INFO | Processed JSON message: {'message': 'I just saw recipe! It was weird.', 'author': 'Eve', 'timestamp': '2025-09-19 21:03:13', 'category': 'food', 'sentiment': 0.78, 'keyword_mentioned': 'recipe', 'message_length': 32}
2025-09-19 21:03:13 | INFO | Message received - Keyword: recipe, Sentiment: 0.78
2025-09-19 21:03:13 | INFO | Updated keyword sentiment averages: {'other': 0.47, 'JavaScript': 0.28, 'recipe': 0.54, 'meme': 0.49, 'game': 0.54, 'Python': 0.4, 'travel': 0.68}
2025-09-19 21:03:13 | INFO | Updated keyword counts: {'other': 8, 'JavaScript': 2, 'recipe': 6, 'meme': 4, 'game': 2, 'Python': 3, 'travel': 3}
2025-09-19 21:03:13 | INFO | Chart updated successfully for keyword: recipe
2025-09-19 21:03:18 | INFO | Processed JSON message: {'message': 'I just tried recipe! It was boring.', 'author': 'Alice', 'timestamp': '2025-09-19 21:03:18', 'category': 'food', 'sentiment': 0.24, 'keyword_mentioned': 'recipe', 'message_length': 35}
2025-09-19 21:03:18 | INFO | Message received - Keyword: recipe, Sentiment: 0.24
2025-09-19 21:03:18 | INFO | Updated keyword sentiment averages: {'other': 0.47, 'JavaScript': 0.28, 'recipe': 0.5, 'meme': 0.49, 'game': 0.54, 'Python': 0.4, 'travel': 0.68}
2025-09-19 21:03:18 | INFO | Updated keyword counts: {'other': 8, 'JavaScript': 2, 'recipe': 7, 'meme': 4, 'game': 2, 'Python': 3, 'travel': 3}
2025-09-19 21:03:18 | INFO | Chart updated successfully for keyword: recipe
2025-09-19 21:03:23 | INFO | Processed JSON message: {'message': 'I just loved an app! It was amazing.', 'author': 'Alice', 'timestamp': '2025-09-19 21:03:23', 'category': 'other', 'sentiment': 0.85, 'keyword_mentioned': 'other', 'message_length': 36}
2025-09-19 21:03:23 | INFO | Message received - Keyword: other, Sentiment: 0.85
2025-09-19 21:03:23 | INFO | Updated keyword sentiment averages: {'other': 0.51, 'JavaScript': 0.28, 'recipe': 0.5, 'meme': 0.49, 'game': 0.54, 'Python': 0.4, 'travel': 0.68}
2025-09-19 21:03:23 | INFO | Updated keyword counts: {'other': 9, 'JavaScript': 2, 'recipe': 7, 'meme': 4, 'game': 2, 'Python': 3, 'travel': 3}
2025-09-19 21:03:23 | INFO | Chart updated successfully for keyword: other
2025-09-19 21:03:28 | INFO | Processed JSON message: {'message': 'I just tried game! It was boring.', 'author': 'Bob', 'timestamp': '2025-09-19 21:03:28', 'category': 'gaming', 'sentiment': 0.63, 'keyword_mentioned': 'game', 'message_length': 33}
2025-09-19 21:03:28 | INFO | Message received - Keyword: game, Sentiment: 0.63
2025-09-19 21:03:28 | INFO | Updated keyword sentiment averages: {'other': 0.51, 'JavaScript': 0.28, 'recipe': 0.5, 'meme': 0.49, 'game': 0.57, 'Python': 0.4, 'travel': 0.68}
2025-09-19 21:03:28 | INFO | Updated keyword counts: {'other': 9, 'JavaScript': 2, 'recipe': 7, 'meme': 4, 'game': 3, 'Python': 3, 'travel': 3}
2025-09-19 21:03:28 | INFO | Chart updated successfully for keyword: game
2025-09-19 21:03:33 | INFO | Processed JSON message: {'message': 'I just tried JavaScript! It was weird.', 'author': 'Eve', 'timestamp': '2025-09-19 21:03:33', 'category': 'tech', 'sentiment': 0.84, 'keyword_mentioned': 'JavaScript', 'message_length': 38}
2025-09-19 21:03:33 | INFO | Message received - Keyword: JavaScript, Sentiment: 0.84
2025-09-19 21:03:33 | INFO | Updated keyword sentiment averages: {'other': 0.51, 'JavaScript': 0.46, 'recipe': 0.5, 'meme': 0.49, 'game': 0.57, 'Python': 0.4, 'travel': 0.68}
2025-09-19 21:03:33 | INFO | Updated keyword counts: {'other': 9, 'JavaScript': 3, 'recipe': 7, 'meme': 4, 'game': 3, 'Python': 3, 'travel': 3}
2025-09-19 21:03:33 | INFO | Chart updated successfully for keyword: JavaScript
2025-09-19 21:03:38 | INFO | Processed JSON message: {'message': 'I just found game! It was amazing.', 'author': 'Alice', 'timestamp': '2025-09-19 21:03:38', 'category': 'gaming', 'sentiment': 0.51, 'keyword_mentioned': 'game', 'message_length': 34}
2025-09-19 21:03:38 | INFO | Message received - Keyword: game, Sentiment: 0.51
2025-09-19 21:03:38 | INFO | Updated keyword sentiment averages: {'other': 0.51, 'JavaScript': 0.46, 'recipe': 0.5, 'meme': 0.49, 'game': 0.56, 'Python': 0.4, 'travel': 0.68}
2025-09-19 21:03:38 | INFO | Updated keyword counts: {'other': 9, 'JavaScript': 3, 'recipe': 7, 'meme': 4, 'game': 4, 'Python': 3, 'travel': 3}
2025-09-19 21:03:38 | INFO | Chart updated successfully for keyword: game
2025-09-19 21:03:43 | INFO | Processed JSON message: {'message': 'I just shared recipe! It was boring.', 'author': 'Bob', 'timestamp': '2025-09-19 21:03:43', 'category': 'food', 'sentiment': 0.63, 'keyword_mentioned': 'recipe', 'message_length': 36}
2025-09-19 21:03:43 | INFO | Message received - Keyword: recipe, Sentiment: 0.63
2025-09-19 21:03:43 | INFO | Updated keyword sentiment averages: {'other': 0.51, 'JavaScript': 0.46, 'recipe': 0.51, 'meme': 0.49, 'game': 0.56, 'Python': 0.4, 'travel': 0.68}
2025-09-19 21:03:43 | INFO | Updated keyword counts: {'other': 9, 'JavaScript': 3, 'recipe': 8, 'meme': 4, 'game': 4, 'Python': 3, 'travel': 3}
2025-09-19 21:03:43 | INFO | Chart updated successfully for keyword: recipe
2025-09-19 21:03:48 | INFO | Processed JSON message: {'message': 'I just saw a meme! It was exciting.', 'author': 'Eve', 'timestamp': '2025-09-19 21:03:48', 'category': 'humor', 'sentiment': 0.12, 'keyword_mentioned': 'meme', 'message_length': 35}
2025-09-19 21:03:48 | INFO | Message received - Keyword: meme, Sentiment: 0.12
2025-09-19 21:03:48 | INFO | Updated keyword sentiment averages: {'other': 0.51, 'JavaScript': 0.46, 'recipe': 0.51, 'meme': 0.41, 'game': 0.56, 'Python': 0.4, 'travel': 0.68}
2025-09-19 21:03:48 | INFO | Updated keyword counts: {'other': 9, 'JavaScript': 3, 'recipe': 8, 'meme': 5, 'game': 4, 'Python': 3, 'travel': 3}
2025-09-19 21:03:48 | INFO | Chart updated successfully for keyword: meme
2025-09-19 21:03:53 | INFO | Processed JSON message: {'message': 'I just shared Python! It was exciting.', 'author': 'Bob', 'timestamp': '2025-09-19 21:03:53', 'category': 'tech', 'sentiment': 0.31, 'keyword_mentioned': 'Python', 'message_length': 38}
2025-09-19 21:03:53 | INFO | Message received - Keyword: Python, Sentiment: 0.31
2025-09-19 21:03:53 | INFO | Updated keyword sentiment averages: {'other': 0.51, 'JavaScript': 0.46, 'recipe': 0.51, 'meme': 0.41, 'game': 0.56, 'Python': 0.38, 'travel': 0.68}
2025-09-19 21:03:53 | INFO | Updated keyword counts: {'other': 9, 'JavaScript': 3, 'recipe': 8, 'meme': 5, 'game': 4, 'Python': 4, 'travel': 3}
2025-09-19 21:03:53 | INFO | Chart updated successfully for keyword: Python
2025-09-19 21:03:58 | INFO | Processed JSON message: {'message': 'I just found a meme! It was weird.', 'author': 'Bob', 'timestamp': '2025-09-19 21:03:58', 'category': 'humor', 'sentiment': 0.27, 'keyword_mentioned': 'meme', 'message_length': 34}
2025-09-19 21:03:58 | INFO | Message received - Keyword: meme, Sentiment: 0.27
2025-09-19 21:03:58 | INFO | Updated keyword sentiment averages: {'other': 0.51, 'JavaScript': 0.46, 'recipe': 0.51, 'meme': 0.39, 'game': 0.56, 'Python': 0.38, 'travel': 0.68}
2025-09-19 21:03:58 | INFO | Updated keyword counts: {'other': 9, 'JavaScript': 3, 'recipe': 8, 'meme': 6, 'game': 4, 'Python': 4, 'travel': 3}
2025-09-19 21:03:58 | INFO | Chart updated successfully for keyword: meme
2025-09-19 21:04:03 | INFO | Processed JSON message: {'message': 'I just shared a story! It was funny.', 'author': 'Alice', 'timestamp': '2025-09-19 21:04:03', 'category': 'other', 'sentiment': 0.69, 'keyword_mentioned': 'other', 'message_length': 36}
2025-09-19 21:04:03 | INFO | Message received - Keyword: other, Sentiment: 0.69
2025-09-19 21:04:03 | INFO | Updated keyword sentiment averages: {'other': 0.53, 'JavaScript': 0.46, 'recipe': 0.51, 'meme': 0.39, 'game': 0.56, 'Python': 0.38, 'travel': 0.68}
2025-09-19 21:04:03 | INFO | Updated keyword counts: {'other': 10, 'JavaScript': 3, 'recipe': 8, 'meme': 6, 'game': 4, 'Python': 4, 'travel': 3}
2025-09-19 21:04:03 | INFO | Chart updated successfully for keyword: other
2025-09-19 21:04:08 | INFO | Processed JSON message: {'message': 'I just shared a story! It was funny.', 'author': 'Charlie', 'timestamp': '2025-09-19 21:04:08', 'category': 'other', 'sentiment': 0.69, 'keyword_mentioned': 'other', 'message_length': 36}
2025-09-19 21:04:08 | INFO | Message received - Keyword: other, Sentiment: 0.69
2025-09-19 21:04:08 | INFO | Updated keyword sentiment averages: {'other': 0.55, 'JavaScript': 0.46, 'recipe': 0.51, 'meme': 0.39, 'game': 0.56, 'Python': 0.38, 'travel': 0.68}
2025-09-19 21:04:08 | INFO | Updated keyword counts: {'other': 11, 'JavaScript': 3, 'recipe': 8, 'meme': 6, 'game': 4, 'Python': 4, 'travel': 3}
2025-09-19 21:04:08 | INFO | Chart updated successfully for keyword: other
2025-09-19 21:04:13 | INFO | Processed JSON message: {'message': 'I just found travel! It was funny.', 'author': 'Charlie', 'timestamp': '2025-09-19 21:04:13', 'category': 'travel', 'sentiment': 0.63, 'keyword_mentioned': 'travel', 'message_length': 34}
2025-09-19 21:04:13 | INFO | Message received - Keyword: travel, Sentiment: 0.63
2025-09-19 21:04:13 | INFO | Updated keyword sentiment averages: {'other': 0.55, 'JavaScript': 0.46, 'recipe': 0.51, 'meme': 0.39, 'game': 0.56, 'Python': 0.38, 'travel': 0.67}
2025-09-19 21:04:13 | INFO | Updated keyword counts: {'other': 11, 'JavaScript': 3, 'recipe': 8, 'meme': 6, 'game': 4, 'Python': 4, 'travel': 4}
2025-09-19 21:04:13 | INFO | Chart updated successfully for keyword: travel
2025-09-19 21:04:18 | INFO | Processed JSON message: {'message': 'I just found recipe! It was weird.', 'author': 'Eve', 'timestamp': '2025-09-19 21:04:18', 'category': 'food', 'sentiment': 0.55, 'keyword_mentioned': 'recipe', 'message_length': 34}
2025-09-19 21:04:18 | INFO | Message received - Keyword: recipe, Sentiment: 0.55
2025-09-19 21:04:18 | INFO | Updated keyword sentiment averages: {'other': 0.55, 'JavaScript': 0.46, 'recipe': 0.52, 'meme': 0.39, 'game': 0.56, 'Python': 0.38, 'travel': 0.67}
2025-09-19 21:04:18 | INFO | Updated keyword counts: {'other': 11, 'JavaScript': 3, 'recipe': 9, 'meme': 6, 'game': 4, 'Python': 4, 'travel': 4}
2025-09-19 21:04:18 | INFO | Chart updated successfully for keyword: recipe
2025-09-19 21:04:23 | INFO | Processed JSON message: {'message': 'I just tried Python! It was exciting.', 'author': 'Bob', 'timestamp': '2025-09-19 21:04:23', 'category': 'tech', 'sentiment': 0.48, 'keyword_mentioned': 'Python', 'message_length': 37}
2025-09-19 21:04:23 | INFO | Message received - Keyword: Python, Sentiment: 0.48
2025-09-19 21:04:23 | INFO | Updated keyword sentiment averages: {'other': 0.55, 'JavaScript': 0.46, 'recipe': 0.52, 'meme': 0.39, 'game': 0.56, 'Python': 0.4, 'travel': 0.67}
2025-09-19 21:04:23 | INFO | Updated keyword counts: {'other': 11, 'JavaScript': 3, 'recipe': 9, 'meme': 6, 'game': 4, 'Python': 5, 'travel': 4}
2025-09-19 21:04:23 | INFO | Chart updated successfully for keyword: Python
2025-09-19 21:04:28 | INFO | Processed JSON message: {'message': 'I just saw recipe! It was funny.', 'author': 'Bob', 'timestamp': '2025-09-19 21:04:28', 'category': 'food', 'sentiment': 0.29, 'keyword_mentioned': 'recipe', 'message_length': 32}
2025-09-19 21:04:28 | INFO | Message received - Keyword: recipe, Sentiment: 0.29
2025-09-19 21:04:28 | INFO | Updated keyword sentiment averages: {'other': 0.55, 'JavaScript': 0.46, 'recipe': 0.49, 'meme': 0.39, 'game': 0.56, 'Python': 0.4, 'travel': 0.67}
2025-09-19 21:04:28 | INFO | Updated keyword counts: {'other': 11, 'JavaScript': 3, 'recipe': 10, 'meme': 6, 'game': 4, 'Python': 5, 'travel': 4}
2025-09-19 21:04:28 | INFO | Chart updated successfully for keyword: recipe
2025-09-19 21:04:33 | INFO | Processed JSON message: {'message': 'I just shared a movie! It was exciting.', 'author': 'Eve', 'timestamp': '2025-09-19 21:04:33', 'category': 'entertainment', 'sentiment': 0.98, 'keyword_mentioned': 'movie', 'message_length': 39}
2025-09-19 21:04:33 | INFO | Message received - Keyword: movie, Sentiment: 0.98
2025-09-19 21:04:33 | INFO | Updated keyword sentiment averages: {'other': 0.55, 'JavaScript': 0.46, 'recipe': 0.49, 'meme': 0.39, 'game': 0.56, 'Python': 0.4, 'travel': 0.67, 'movie': 0.98}
2025-09-19 21:04:33 | INFO | Updated keyword counts: {'other': 11, 'JavaScript': 3, 'recipe': 10, 'meme': 6, 'game': 4, 'Python': 5, 'travel': 4, 'movie': 1}
2025-09-19 21:04:33 | INFO | Chart updated successfully for keyword: movie
2025-09-19 21:04:38 | INFO | Processed JSON message: {'message': 'I just found a meme! It was weird.', 'author': 'Eve', 'timestamp': '2025-09-19 21:04:38', 'category': 'humor', 'sentiment': 0.63, 'keyword_mentioned': 'meme', 'message_length': 34}
2025-09-19 21:04:38 | INFO | Message received - Keyword: meme, Sentiment: 0.63
2025-09-19 21:04:38 | INFO | Updated keyword sentiment averages: {'other': 0.55, 'JavaScript': 0.46, 'recipe': 0.49, 'meme': 0.42, 'game': 0.56, 'Python': 0.4, 'travel': 0.67, 'movie': 0.98}
2025-09-19 21:04:38 | INFO | Updated keyword counts: {'other': 11, 'JavaScript': 3, 'recipe': 10, 'meme': 7, 'game': 4, 'Python': 5, 'travel': 4, 'movie': 1}
2025-09-19 21:04:38 | INFO | Chart updated successfully for keyword: meme
2025-09-19 21:04:43 | INFO | Processed JSON message: {'message': 'I just loved an app! It was weird.', 'author': 'Alice', 'timestamp': '2025-09-19 21:04:43', 'category': 'other', 'sentiment': 0.3, 'keyword_mentioned': 'other', 'message_length': 34}
2025-09-19 21:04:43 | INFO | Message received - Keyword: other, Sentiment: 0.3
2025-09-19 21:04:43 | INFO | Updated keyword sentiment averages: {'other': 0.53, 'JavaScript': 0.46, 'recipe': 0.49, 'meme': 0.42, 'game': 0.56, 'Python': 0.4, 'travel': 0.67, 'movie': 0.98}
2025-09-19 21:04:43 | INFO | Updated keyword counts: {'other': 12, 'JavaScript': 3, 'recipe': 10, 'meme': 7, 'game': 4, 'Python': 5, 'travel': 4, 'movie': 1}
2025-09-19 21:04:43 | INFO | Chart updated successfully for keyword: other
2025-09-19 21:04:48 | INFO | Processed JSON message: {'message': 'I just tried an app! It was funny.', 'author': 'Eve', 'timestamp': '2025-09-19 21:04:48', 'category': 'other', 'sentiment': 0.33, 'keyword_mentioned': 'other', 'message_length': 34}
2025-09-19 21:04:48 | INFO | Message received - Keyword: other, Sentiment: 0.33
2025-09-19 21:04:48 | INFO | Updated keyword sentiment averages: {'other': 0.51, 'JavaScript': 0.46, 'recipe': 0.49, 'meme': 0.42, 'game': 0.56, 'Python': 0.4, 'travel': 0.67, 'movie': 0.98}
2025-09-19 21:04:48 | INFO | Updated keyword counts: {'other': 13, 'JavaScript': 3, 'recipe': 10, 'meme': 7, 'game': 4, 'Python': 5, 'travel': 4, 'movie': 1}
2025-09-19 21:04:48 | INFO | Chart updated successfully for keyword: other
2025-09-19 21:04:53 | INFO | Processed JSON message: {'message': 'I just loved a trick! It was exciting.', 'author': 'Charlie', 'timestamp': '2025-09-19 21:04:53', 'category': 'other', 'sentiment': 0.37, 'keyword_mentioned': 'other', 'message_length': 38}
2025-09-19 21:04:53 | INFO | Message received - Keyword: other, Sentiment: 0.37
2025-09-19 21:04:53 | INFO | Updated keyword sentiment averages: {'other': 0.5, 'JavaScript': 0.46, 'recipe': 0.49, 'meme': 0.42, 'game': 0.56, 'Python': 0.4, 'travel': 0.67, 'movie': 0.98}
2025-09-19 21:04:53 | INFO | Updated keyword counts: {'other': 14, 'JavaScript': 3, 'recipe': 10, 'meme': 7, 'game': 4, 'Python': 5, 'travel': 4, 'movie': 1}
2025-09-19 21:04:53 | INFO | Chart updated successfully for keyword: other
2025-09-19 21:04:58 | INFO | Processed JSON message: {'message': 'I just shared a story! It was exciting.', 'author': 'Alice', 'timestamp': '2025-09-19 21:04:58', 'category': 'other', 'sentiment': 0.19, 'keyword_mentioned': 'other', 'message_length': 39}
2025-09-19 21:04:58 | INFO | Message received - Keyword: other, Sentiment: 0.19
2025-09-19 21:04:58 | INFO | Updated keyword sentiment averages: {'other': 0.48, 'JavaScript': 0.46, 'recipe': 0.49, 'meme': 0.42, 'game': 0.56, 'Python': 0.4, 'travel': 0.67, 'movie': 0.98}
2025-09-19 21:04:58 | INFO | Updated keyword counts: {'other': 15, 'JavaScript': 3, 'recipe': 10, 'meme': 7, 'game': 4, 'Python': 5, 'travel': 4, 'movie': 1}
2025-09-19 21:04:58 | INFO | Chart updated successfully for keyword: other
2025-09-19 21:05:03 | INFO | Processed JSON message: {'message': 'I just found travel! It was exciting.', 'author': 'Alice', 'timestamp': '2025-09-19 21:05:03', 'category': 'travel', 'sentiment': 0.5, 'keyword_mentioned': 'travel', 'message_length': 37}
2025-09-19 21:05:03 | INFO | Message received - Keyword: travel, Sentiment: 0.5
2025-09-19 21:05:03 | INFO | Updated keyword sentiment averages: {'other': 0.48, 'JavaScript': 0.46, 'recipe': 0.49, 'meme': 0.42, 'game': 0.56, 'Python': 0.4, 'travel': 0.63, 'movie': 0.98}
2025-09-19 21:05:03 | INFO | Updated keyword counts: {'other': 15, 'JavaScript': 3, 'recipe': 10, 'meme': 7, 'game': 4, 'Python': 5, 'travel': 5, 'movie': 1}
2025-09-19 21:05:03 | INFO | Chart updated successfully for keyword: travel
2025-09-19 21:05:08 | INFO | Processed JSON message: {'message': 'I just tried recipe! It was weird.', 'author': 'Eve', 'timestamp': '2025-09-19 21:05:08', 'category': 'food', 'sentiment': 0.79, 'keyword_mentioned': 'recipe', 'message_length': 34}
2025-09-19 21:05:08 | INFO | Message received - Keyword: recipe, Sentiment: 0.79
2025-09-19 21:05:08 | INFO | Updated keyword sentiment averages: {'other': 0.48, 'JavaScript': 0.46, 'recipe': 0.52, 'meme': 0.42, 'game': 0.56, 'Python': 0.4, 'travel': 0.63, 'movie': 0.98}
2025-09-19 21:05:08 | INFO | Updated keyword counts: {'other': 15, 'JavaScript': 3, 'recipe': 11, 'meme': 7, 'game': 4, 'Python': 5, 'travel': 5, 'movie': 1}
2025-09-19 21:05:08 | INFO | Chart updated successfully for keyword: recipe
2025-09-19 21:05:13 | INFO | Processed JSON message: {'message': 'I just found an app! It was amazing.', 'author': 'Charlie', 'timestamp': '2025-09-19 21:05:13', 'category': 'other', 'sentiment': 0.91, 'keyword_mentioned': 'other', 'message_length': 36}
2025-09-19 21:05:13 | INFO | Message received - Keyword: other, Sentiment: 0.91
2025-09-19 21:05:13 | INFO | Updated keyword sentiment averages: {'other': 0.51, 'JavaScript': 0.46, 'recipe': 0.52, 'meme': 0.42, 'game': 0.56, 'Python': 0.4, 'travel': 0.63, 'movie': 0.98}
2025-09-19 21:05:13 | INFO | Updated keyword counts: {'other': 16, 'JavaScript': 3, 'recipe': 11, 'meme': 7, 'game': 4, 'Python': 5, 'travel': 5, 'movie': 1}
2025-09-19 21:05:13 | INFO | Chart updated successfully for keyword: other
2025-09-19 21:05:18 | INFO | Processed JSON message: {'message': 'I just shared a meme! It was boring.', 'author': 'Alice', 'timestamp': '2025-09-19 21:05:18', 'category': 'humor', 'sentiment': 0.17, 'keyword_mentioned': 'meme', 'message_length': 36}
2025-09-19 21:05:18 | INFO | Message received - Keyword: meme, Sentiment: 0.17
2025-09-19 21:05:18 | INFO | Updated keyword sentiment averages: {'other': 0.51, 'JavaScript': 0.46, 'recipe': 0.52, 'meme': 0.39, 'game': 0.56, 'Python': 0.4, 'travel': 0.63, 'movie': 0.98}
2025-09-19 21:05:18 | INFO | Updated keyword counts: {'other': 16, 'JavaScript': 3, 'recipe': 11, 'meme': 8, 'game': 4, 'Python': 5, 'travel': 5, 'movie': 1}
2025-09-19 21:05:18 | INFO | Chart updated successfully for keyword: meme
2025-09-19 21:05:23 | INFO | Processed JSON message: {'message': 'I just saw game! It was exciting.', 'author': 'Bob', 'timestamp': '2025-09-19 21:05:23', 'category': 'gaming', 'sentiment': 0.24, 'keyword_mentioned': 'game', 'message_length': 33}
2025-09-19 21:05:23 | INFO | Message received - Keyword: game, Sentiment: 0.24
2025-09-19 21:05:23 | INFO | Updated keyword sentiment averages: {'other': 0.51, 'JavaScript': 0.46, 'recipe': 0.52, 'meme': 0.39, 'game': 0.49, 'Python': 0.4, 'travel': 0.63, 'movie': 0.98}
2025-09-19 21:05:23 | INFO | Updated keyword counts: {'other': 16, 'JavaScript': 3, 'recipe': 11, 'meme': 8, 'game': 5, 'Python': 5, 'travel': 5, 'movie': 1}
2025-09-19 21:05:23 | INFO | Chart updated successfully for keyword: game
2025-09-19 21:05:28 | INFO | Processed JSON message: {'message': 'I just tried game! It was funny.', 'author': 'Eve', 'timestamp': '2025-09-19 21:05:28', 'category': 'gaming', 'sentiment': 0.92, 'keyword_mentioned': 'game', 'message_length': 32}
2025-09-19 21:05:28 | INFO | Message received - Keyword: game, Sentiment: 0.92
2025-09-19 21:05:28 | INFO | Updated keyword sentiment averages: {'other': 0.51, 'JavaScript': 0.46, 'recipe': 0.52, 'meme': 0.39, 'game': 0.56, 'Python': 0.4, 'travel': 0.63, 'movie': 0.98}
2025-09-19 21:05:28 | INFO | Updated keyword counts: {'other': 16, 'JavaScript': 3, 'recipe': 11, 'meme': 8, 'game': 6, 'Python': 5, 'travel': 5, 'movie': 1}
2025-09-19 21:05:28 | INFO | Chart updated successfully for keyword: game
2025-09-19 21:05:29 | WARNING | Consumer interrupted by user.
2025-09-19 21:05:29 | INFO | Kafka consumer for topic 'project_json' closed.
2025-09-19 21:05:29 | INFO | END consumer for topic 'project_json' and group 'buzz_group'.
2025-09-19 21:10:17 | INFO | Logging to file: logs/project_log.log
2025-09-19 21:10:17 | INFO | Log sanitization enabled, personal info removed
2025-09-19 21:10:18 | INFO | Logging to file: logs/project_log.log
2025-09-19 21:10:18 | INFO | Log sanitization enabled, personal info removed
2025-09-19 21:10:18 | INFO | START producer...
2025-09-19 21:10:18 | INFO | Kafka producer connected to localhost:9092
2025-09-19 21:10:18 | INFO | {'message': 'I just tried a story! It was funny.', 'author': 'Bob', 'timestamp': '2025-09-19 21:10:18', 'category': 'other', 'sentiment': 0.3, 'keyword_mentioned': 'other', 'message_length': 35}
2025-09-19 21:10:18 | INFO | START consumer.
2025-09-19 21:10:18 | INFO | Kafka topic: project_json
2025-09-19 21:10:18 | INFO | Kafka consumer group id: buzz_group
2025-09-19 21:10:18 | INFO | Consumer: Topic 'project_json' and group 'buzz_group'...
2025-09-19 21:10:18 | INFO | Kafka broker address: localhost:9092
2025-09-19 21:10:18 | INFO | Sent message to Kafka topic 'project_json': {'message': 'I just tried a story! It was funny.', 'author': 'Bob', 'timestamp': '2025-09-19 21:10:18', 'category': 'other', 'sentiment': 0.3, 'keyword_mentioned': 'other', 'message_length': 35}
2025-09-19 21:10:18 | INFO | Creating Kafka consumer. Topic='project_json' and group ID='buzz_group'.
2025-09-19 21:10:18 | INFO | Kafka consumer created successfully.
2025-09-19 21:10:18 | INFO | Polling messages from topic 'project_json'...
2025-09-19 21:10:21 | INFO | Processed JSON message: {'message': 'I just tried a story! It was funny.', 'author': 'Bob', 'timestamp': '2025-09-19 21:10:18', 'category': 'other', 'sentiment': 0.3, 'keyword_mentioned': 'other', 'message_length': 35}
2025-09-19 21:10:21 | INFO | Message received - Keyword: other, Sentiment: 0.3
2025-09-19 21:10:21 | INFO | Updated keyword sentiment averages: {'other': 0.3}
2025-09-19 21:10:21 | INFO | Updated keyword counts: {'other': 1}
2025-09-19 21:10:21 | INFO | Chart updated successfully for keyword: other
2025-09-19 21:10:23 | INFO | {'message': 'I just found travel! It was weird.', 'author': 'Eve', 'timestamp': '2025-09-19 21:10:23', 'category': 'travel', 'sentiment': 0.31, 'keyword_mentioned': 'travel', 'message_length': 34}
2025-09-19 21:10:23 | INFO | Sent message to Kafka topic 'project_json': {'message': 'I just found travel! It was weird.', 'author': 'Eve', 'timestamp': '2025-09-19 21:10:23', 'category': 'travel', 'sentiment': 0.31, 'keyword_mentioned': 'travel', 'message_length': 34}
2025-09-19 21:10:23 | INFO | Processed JSON message: {'message': 'I just found travel! It was weird.', 'author': 'Eve', 'timestamp': '2025-09-19 21:10:23', 'category': 'travel', 'sentiment': 0.31, 'keyword_mentioned': 'travel', 'message_length': 34}
2025-09-19 21:10:23 | INFO | Message received - Keyword: travel, Sentiment: 0.31
2025-09-19 21:10:23 | INFO | Updated keyword sentiment averages: {'other': 0.3, 'travel': 0.31}
2025-09-19 21:10:23 | INFO | Updated keyword counts: {'other': 1, 'travel': 1}
2025-09-19 21:10:23 | INFO | Chart updated successfully for keyword: travel
2025-09-19 21:10:28 | INFO | {'message': 'I just found a movie! It was exciting.', 'author': 'Alice', 'timestamp': '2025-09-19 21:10:28', 'category': 'entertainment', 'sentiment': 0.42, 'keyword_mentioned': 'movie', 'message_length': 38}
2025-09-19 21:10:28 | INFO | Sent message to Kafka topic 'project_json': {'message': 'I just found a movie! It was exciting.', 'author': 'Alice', 'timestamp': '2025-09-19 21:10:28', 'category': 'entertainment', 'sentiment': 0.42, 'keyword_mentioned': 'movie', 'message_length': 38}
2025-09-19 21:10:28 | INFO | Processed JSON message: {'message': 'I just found a movie! It was exciting.', 'author': 'Alice', 'timestamp': '2025-09-19 21:10:28', 'category': 'entertainment', 'sentiment': 0.42, 'keyword_mentioned': 'movie', 'message_length': 38}
2025-09-19 21:10:28 | INFO | Message received - Keyword: movie, Sentiment: 0.42
2025-09-19 21:10:28 | INFO | Updated keyword sentiment averages: {'other': 0.3, 'travel': 0.31, 'movie': 0.42}
2025-09-19 21:10:28 | INFO | Updated keyword counts: {'other': 1, 'travel': 1, 'movie': 1}
2025-09-19 21:10:28 | INFO | Chart updated successfully for keyword: movie
2025-09-19 21:10:33 | INFO | {'message': 'I just saw an app! It was funny.', 'author': 'Bob', 'timestamp': '2025-09-19 21:10:33', 'category': 'other', 'sentiment': 0.23, 'keyword_mentioned': 'other', 'message_length': 32}
2025-09-19 21:10:33 | INFO | Sent message to Kafka topic 'project_json': {'message': 'I just saw an app! It was funny.', 'author': 'Bob', 'timestamp': '2025-09-19 21:10:33', 'category': 'other', 'sentiment': 0.23, 'keyword_mentioned': 'other', 'message_length': 32}
2025-09-19 21:10:33 | INFO | Processed JSON message: {'message': 'I just saw an app! It was funny.', 'author': 'Bob', 'timestamp': '2025-09-19 21:10:33', 'category': 'other', 'sentiment': 0.23, 'keyword_mentioned': 'other', 'message_length': 32}
2025-09-19 21:10:33 | INFO | Message received - Keyword: other, Sentiment: 0.23
2025-09-19 21:10:33 | INFO | Updated keyword sentiment averages: {'other': 0.27, 'travel': 0.31, 'movie': 0.42}
2025-09-19 21:10:33 | INFO | Updated keyword counts: {'other': 2, 'travel': 1, 'movie': 1}
2025-09-19 21:10:33 | INFO | Chart updated successfully for keyword: other
2025-09-19 21:10:38 | INFO | {'message': 'I just tried Python! It was exciting.', 'author': 'Bob', 'timestamp': '2025-09-19 21:10:38', 'category': 'tech', 'sentiment': 0.39, 'keyword_mentioned': 'Python', 'message_length': 37}
2025-09-19 21:10:38 | INFO | Sent message to Kafka topic 'project_json': {'message': 'I just tried Python! It was exciting.', 'author': 'Bob', 'timestamp': '2025-09-19 21:10:38', 'category': 'tech', 'sentiment': 0.39, 'keyword_mentioned': 'Python', 'message_length': 37}
2025-09-19 21:10:38 | INFO | Processed JSON message: {'message': 'I just tried Python! It was exciting.', 'author': 'Bob', 'timestamp': '2025-09-19 21:10:38', 'category': 'tech', 'sentiment': 0.39, 'keyword_mentioned': 'Python', 'message_length': 37}
2025-09-19 21:10:38 | INFO | Message received - Keyword: Python, Sentiment: 0.39
2025-09-19 21:10:38 | INFO | Updated keyword sentiment averages: {'other': 0.27, 'travel': 0.31, 'movie': 0.42, 'Python': 0.39}
2025-09-19 21:10:38 | INFO | Updated keyword counts: {'other': 2, 'travel': 1, 'movie': 1, 'Python': 1}
2025-09-19 21:10:38 | INFO | Chart updated successfully for keyword: Python
2025-09-19 21:10:43 | INFO | {'message': 'I just loved travel! It was weird.', 'author': 'Alice', 'timestamp': '2025-09-19 21:10:43', 'category': 'travel', 'sentiment': 0.28, 'keyword_mentioned': 'travel', 'message_length': 34}
2025-09-19 21:10:43 | INFO | Sent message to Kafka topic 'project_json': {'message': 'I just loved travel! It was weird.', 'author': 'Alice', 'timestamp': '2025-09-19 21:10:43', 'category': 'travel', 'sentiment': 0.28, 'keyword_mentioned': 'travel', 'message_length': 34}
2025-09-19 21:10:43 | INFO | Processed JSON message: {'message': 'I just loved travel! It was weird.', 'author': 'Alice', 'timestamp': '2025-09-19 21:10:43', 'category': 'travel', 'sentiment': 0.28, 'keyword_mentioned': 'travel', 'message_length': 34}
2025-09-19 21:10:43 | INFO | Message received - Keyword: travel, Sentiment: 0.28
2025-09-19 21:10:43 | INFO | Updated keyword sentiment averages: {'other': 0.27, 'travel': 0.3, 'movie': 0.42, 'Python': 0.39}
2025-09-19 21:10:43 | INFO | Updated keyword counts: {'other': 2, 'travel': 2, 'movie': 1, 'Python': 1}
2025-09-19 21:10:43 | INFO | Chart updated successfully for keyword: travel
2025-09-19 21:10:48 | INFO | {'message': 'I just found an app! It was exciting.', 'author': 'Alice', 'timestamp': '2025-09-19 21:10:48', 'category': 'other', 'sentiment': 0.11, 'keyword_mentioned': 'other', 'message_length': 37}
2025-09-19 21:10:48 | INFO | Sent message to Kafka topic 'project_json': {'message': 'I just found an app! It was exciting.', 'author': 'Alice', 'timestamp': '2025-09-19 21:10:48', 'category': 'other', 'sentiment': 0.11, 'keyword_mentioned': 'other', 'message_length': 37}
2025-09-19 21:10:48 | INFO | Processed JSON message: {'message': 'I just found an app! It was exciting.', 'author': 'Alice', 'timestamp': '2025-09-19 21:10:48', 'category': 'other', 'sentiment': 0.11, 'keyword_mentioned': 'other', 'message_length': 37}
2025-09-19 21:10:48 | INFO | Message received - Keyword: other, Sentiment: 0.11
2025-09-19 21:10:48 | INFO | Updated keyword sentiment averages: {'other': 0.21, 'travel': 0.3, 'movie': 0.42, 'Python': 0.39}
2025-09-19 21:10:48 | INFO | Updated keyword counts: {'other': 3, 'travel': 2, 'movie': 1, 'Python': 1}
2025-09-19 21:10:48 | INFO | Chart updated successfully for keyword: other
2025-09-19 21:10:53 | INFO | {'message': 'I just loved game! It was amazing.', 'author': 'Eve', 'timestamp': '2025-09-19 21:10:53', 'category': 'gaming', 'sentiment': 0.23, 'keyword_mentioned': 'game', 'message_length': 34}
2025-09-19 21:10:53 | INFO | Sent message to Kafka topic 'project_json': {'message': 'I just loved game! It was amazing.', 'author': 'Eve', 'timestamp': '2025-09-19 21:10:53', 'category': 'gaming', 'sentiment': 0.23, 'keyword_mentioned': 'game', 'message_length': 34}
2025-09-19 21:10:53 | INFO | Processed JSON message: {'message': 'I just loved game! It was amazing.', 'author': 'Eve', 'timestamp': '2025-09-19 21:10:53', 'category': 'gaming', 'sentiment': 0.23, 'keyword_mentioned': 'game', 'message_length': 34}
2025-09-19 21:10:53 | INFO | Message received - Keyword: game, Sentiment: 0.23
2025-09-19 21:10:53 | INFO | Updated keyword sentiment averages: {'other': 0.21, 'travel': 0.3, 'movie': 0.42, 'Python': 0.39, 'game': 0.23}
2025-09-19 21:10:53 | INFO | Updated keyword counts: {'other': 3, 'travel': 2, 'movie': 1, 'Python': 1, 'game': 1}
2025-09-19 21:10:53 | INFO | Chart updated successfully for keyword: game
2025-09-19 21:10:58 | INFO | {'message': 'I just found a trick! It was amazing.', 'author': 'Alice', 'timestamp': '2025-09-19 21:10:58', 'category': 'other', 'sentiment': 0.1, 'keyword_mentioned': 'other', 'message_length': 37}
2025-09-19 21:10:58 | INFO | Sent message to Kafka topic 'project_json': {'message': 'I just found a trick! It was amazing.', 'author': 'Alice', 'timestamp': '2025-09-19 21:10:58', 'category': 'other', 'sentiment': 0.1, 'keyword_mentioned': 'other', 'message_length': 37}
2025-09-19 21:10:58 | INFO | Processed JSON message: {'message': 'I just found a trick! It was amazing.', 'author': 'Alice', 'timestamp': '2025-09-19 21:10:58', 'category': 'other', 'sentiment': 0.1, 'keyword_mentioned': 'other', 'message_length': 37}
2025-09-19 21:10:58 | INFO | Message received - Keyword: other, Sentiment: 0.1
2025-09-19 21:10:58 | INFO | Updated keyword sentiment averages: {'other': 0.18, 'travel': 0.3, 'movie': 0.42, 'Python': 0.39, 'game': 0.23}
2025-09-19 21:10:58 | INFO | Updated keyword counts: {'other': 4, 'travel': 2, 'movie': 1, 'Python': 1, 'game': 1}
2025-09-19 21:10:58 | INFO | Chart updated successfully for keyword: other
2025-09-19 21:11:03 | INFO | {'message': 'I just loved a movie! It was weird.', 'author': 'Eve', 'timestamp': '2025-09-19 21:11:03', 'category': 'entertainment', 'sentiment': 0.15, 'keyword_mentioned': 'movie', 'message_length': 35}
2025-09-19 21:11:03 | INFO | Sent message to Kafka topic 'project_json': {'message': 'I just loved a movie! It was weird.', 'author': 'Eve', 'timestamp': '2025-09-19 21:11:03', 'category': 'entertainment', 'sentiment': 0.15, 'keyword_mentioned': 'movie', 'message_length': 35}
2025-09-19 21:11:03 | INFO | Processed JSON message: {'message': 'I just loved a movie! It was weird.', 'author': 'Eve', 'timestamp': '2025-09-19 21:11:03', 'category': 'entertainment', 'sentiment': 0.15, 'keyword_mentioned': 'movie', 'message_length': 35}
2025-09-19 21:11:03 | INFO | Message received - Keyword: movie, Sentiment: 0.15
2025-09-19 21:11:03 | INFO | Updated keyword sentiment averages: {'other': 0.18, 'travel': 0.3, 'movie': 0.28, 'Python': 0.39, 'game': 0.23}
2025-09-19 21:11:03 | INFO | Updated keyword counts: {'other': 4, 'travel': 2, 'movie': 2, 'Python': 1, 'game': 1}
2025-09-19 21:11:03 | INFO | Chart updated successfully for keyword: movie
2025-09-19 21:11:08 | INFO | {'message': 'I just found a meme! It was amazing.', 'author': 'Eve', 'timestamp': '2025-09-19 21:11:08', 'category': 'humor', 'sentiment': 0.0, 'keyword_mentioned': 'meme', 'message_length': 36}
2025-09-19 21:11:08 | INFO | Sent message to Kafka topic 'project_json': {'message': 'I just found a meme! It was amazing.', 'author': 'Eve', 'timestamp': '2025-09-19 21:11:08', 'category': 'humor', 'sentiment': 0.0, 'keyword_mentioned': 'meme', 'message_length': 36}
2025-09-19 21:11:08 | INFO | Processed JSON message: {'message': 'I just found a meme! It was amazing.', 'author': 'Eve', 'timestamp': '2025-09-19 21:11:08', 'category': 'humor', 'sentiment': 0.0, 'keyword_mentioned': 'meme', 'message_length': 36}
2025-09-19 21:11:08 | INFO | Message received - Keyword: meme, Sentiment: 0.0
2025-09-19 21:11:08 | INFO | Updated keyword sentiment averages: {'other': 0.18, 'travel': 0.3, 'movie': 0.28, 'Python': 0.39, 'game': 0.23, 'meme': 0.0}
2025-09-19 21:11:08 | INFO | Updated keyword counts: {'other': 4, 'travel': 2, 'movie': 2, 'Python': 1, 'game': 1, 'meme': 1}
2025-09-19 21:11:08 | INFO | Chart updated successfully for keyword: meme
2025-09-19 21:11:13 | INFO | {'message': 'I just loved a meme! It was funny.', 'author': 'Charlie', 'timestamp': '2025-09-19 21:11:13', 'category': 'humor', 'sentiment': 0.09, 'keyword_mentioned': 'meme', 'message_length': 34}
2025-09-19 21:11:13 | INFO | Sent message to Kafka topic 'project_json': {'message': 'I just loved a meme! It was funny.', 'author': 'Charlie', 'timestamp': '2025-09-19 21:11:13', 'category': 'humor', 'sentiment': 0.09, 'keyword_mentioned': 'meme', 'message_length': 34}
2025-09-19 21:11:13 | INFO | Processed JSON message: {'message': 'I just loved a meme! It was funny.', 'author': 'Charlie', 'timestamp': '2025-09-19 21:11:13', 'category': 'humor', 'sentiment': 0.09, 'keyword_mentioned': 'meme', 'message_length': 34}
2025-09-19 21:11:13 | INFO | Message received - Keyword: meme, Sentiment: 0.09
2025-09-19 21:11:13 | INFO | Updated keyword sentiment averages: {'other': 0.18, 'travel': 0.3, 'movie': 0.28, 'Python': 0.39, 'game': 0.23, 'meme': 0.04}
2025-09-19 21:11:13 | INFO | Updated keyword counts: {'other': 4, 'travel': 2, 'movie': 2, 'Python': 1, 'game': 1, 'meme': 2}
2025-09-19 21:11:13 | INFO | Chart updated successfully for keyword: meme
2025-09-19 21:11:18 | INFO | {'message': 'I just tried Python! It was funny.', 'author': 'Eve', 'timestamp': '2025-09-19 21:11:18', 'category': 'tech', 'sentiment': 0.56, 'keyword_mentioned': 'Python', 'message_length': 34}
2025-09-19 21:11:18 | INFO | Sent message to Kafka topic 'project_json': {'message': 'I just tried Python! It was funny.', 'author': 'Eve', 'timestamp': '2025-09-19 21:11:18', 'category': 'tech', 'sentiment': 0.56, 'keyword_mentioned': 'Python', 'message_length': 34}
2025-09-19 21:11:18 | INFO | Processed JSON message: {'message': 'I just tried Python! It was funny.', 'author': 'Eve', 'timestamp': '2025-09-19 21:11:18', 'category': 'tech', 'sentiment': 0.56, 'keyword_mentioned': 'Python', 'message_length': 34}
2025-09-19 21:11:18 | INFO | Message received - Keyword: Python, Sentiment: 0.56
2025-09-19 21:11:18 | INFO | Updated keyword sentiment averages: {'other': 0.18, 'travel': 0.3, 'movie': 0.28, 'Python': 0.48, 'game': 0.23, 'meme': 0.04}
2025-09-19 21:11:18 | INFO | Updated keyword counts: {'other': 4, 'travel': 2, 'movie': 2, 'Python': 2, 'game': 1, 'meme': 2}
2025-09-19 21:11:18 | INFO | Chart updated successfully for keyword: Python
2025-09-19 21:11:23 | INFO | {'message': 'I just shared JavaScript! It was funny.', 'author': 'Eve', 'timestamp': '2025-09-19 21:11:23', 'category': 'tech', 'sentiment': 0.57, 'keyword_mentioned': 'JavaScript', 'message_length': 39}
2025-09-19 21:11:23 | INFO | Sent message to Kafka topic 'project_json': {'message': 'I just shared JavaScript! It was funny.', 'author': 'Eve', 'timestamp': '2025-09-19 21:11:23', 'category': 'tech', 'sentiment': 0.57, 'keyword_mentioned': 'JavaScript', 'message_length': 39}
2025-09-19 21:11:23 | INFO | Processed JSON message: {'message': 'I just shared JavaScript! It was funny.', 'author': 'Eve', 'timestamp': '2025-09-19 21:11:23', 'category': 'tech', 'sentiment': 0.57, 'keyword_mentioned': 'JavaScript', 'message_length': 39}
2025-09-19 21:11:23 | INFO | Message received - Keyword: JavaScript, Sentiment: 0.57
2025-09-19 21:11:23 | INFO | Updated keyword sentiment averages: {'other': 0.18, 'travel': 0.3, 'movie': 0.28, 'Python': 0.48, 'game': 0.23, 'meme': 0.04, 'JavaScript': 0.57}
2025-09-19 21:11:23 | INFO | Updated keyword counts: {'other': 4, 'travel': 2, 'movie': 2, 'Python': 2, 'game': 1, 'meme': 2, 'JavaScript': 1}
2025-09-19 21:11:23 | INFO | Chart updated successfully for keyword: JavaScript
2025-09-19 21:11:28 | INFO | {'message': 'I just loved an app! It was weird.', 'author': 'Bob', 'timestamp': '2025-09-19 21:11:28', 'category': 'other', 'sentiment': 0.79, 'keyword_mentioned': 'other', 'message_length': 34}
2025-09-19 21:11:28 | INFO | Sent message to Kafka topic 'project_json': {'message': 'I just loved an app! It was weird.', 'author': 'Bob', 'timestamp': '2025-09-19 21:11:28', 'category': 'other', 'sentiment': 0.79, 'keyword_mentioned': 'other', 'message_length': 34}
2025-09-19 21:11:28 | INFO | Processed JSON message: {'message': 'I just loved an app! It was weird.', 'author': 'Bob', 'timestamp': '2025-09-19 21:11:28', 'category': 'other', 'sentiment': 0.79, 'keyword_mentioned': 'other', 'message_length': 34}
2025-09-19 21:11:28 | INFO | Message received - Keyword: other, Sentiment: 0.79
2025-09-19 21:11:28 | INFO | Updated keyword sentiment averages: {'other': 0.31, 'travel': 0.3, 'movie': 0.28, 'Python': 0.48, 'game': 0.23, 'meme': 0.04, 'JavaScript': 0.57}
2025-09-19 21:11:28 | INFO | Updated keyword counts: {'other': 5, 'travel': 2, 'movie': 2, 'Python': 2, 'game': 1, 'meme': 2, 'JavaScript': 1}
2025-09-19 21:11:28 | INFO | Chart updated successfully for keyword: other
2025-09-19 21:11:33 | INFO | {'message': 'I just saw a story! It was exciting.', 'author': 'Charlie', 'timestamp': '2025-09-19 21:11:33', 'category': 'other', 'sentiment': 0.62, 'keyword_mentioned': 'other', 'message_length': 36}
2025-09-19 21:11:33 | INFO | Sent message to Kafka topic 'project_json': {'message': 'I just saw a story! It was exciting.', 'author': 'Charlie', 'timestamp': '2025-09-19 21:11:33', 'category': 'other', 'sentiment': 0.62, 'keyword_mentioned': 'other', 'message_length': 36}
2025-09-19 21:11:33 | INFO | Processed JSON message: {'message': 'I just saw a story! It was exciting.', 'author': 'Charlie', 'timestamp': '2025-09-19 21:11:33', 'category': 'other', 'sentiment': 0.62, 'keyword_mentioned': 'other', 'message_length': 36}
2025-09-19 21:11:33 | INFO | Message received - Keyword: other, Sentiment: 0.62
2025-09-19 21:11:33 | INFO | Updated keyword sentiment averages: {'other': 0.36, 'travel': 0.3, 'movie': 0.28, 'Python': 0.48, 'game': 0.23, 'meme': 0.04, 'JavaScript': 0.57}
2025-09-19 21:11:33 | INFO | Updated keyword counts: {'other': 6, 'travel': 2, 'movie': 2, 'Python': 2, 'game': 1, 'meme': 2, 'JavaScript': 1}
2025-09-19 21:11:33 | INFO | Chart updated successfully for keyword: other
2025-09-19 21:11:38 | INFO | {'message': 'I just shared an app! It was boring.', 'author': 'Eve', 'timestamp': '2025-09-19 21:11:38', 'category': 'other', 'sentiment': 0.67, 'keyword_mentioned': 'other', 'message_length': 36}
2025-09-19 21:11:38 | INFO | Sent message to Kafka topic 'project_json': {'message': 'I just shared an app! It was boring.', 'author': 'Eve', 'timestamp': '2025-09-19 21:11:38', 'category': 'other', 'sentiment': 0.67, 'keyword_mentioned': 'other', 'message_length': 36}
2025-09-19 21:11:38 | INFO | Processed JSON message: {'message': 'I just shared an app! It was boring.', 'author': 'Eve', 'timestamp': '2025-09-19 21:11:38', 'category': 'other', 'sentiment': 0.67, 'keyword_mentioned': 'other', 'message_length': 36}
2025-09-19 21:11:38 | INFO | Message received - Keyword: other, Sentiment: 0.67
2025-09-19 21:11:38 | INFO | Updated keyword sentiment averages: {'other': 0.4, 'travel': 0.3, 'movie': 0.28, 'Python': 0.48, 'game': 0.23, 'meme': 0.04, 'JavaScript': 0.57}
2025-09-19 21:11:38 | INFO | Updated keyword counts: {'other': 7, 'travel': 2, 'movie': 2, 'Python': 2, 'game': 1, 'meme': 2, 'JavaScript': 1}
2025-09-19 21:11:38 | INFO | Chart updated successfully for keyword: other
2025-09-19 21:11:43 | INFO | {'message': 'I just saw an app! It was amazing.', 'author': 'Charlie', 'timestamp': '2025-09-19 21:11:43', 'category': 'other', 'sentiment': 0.66, 'keyword_mentioned': 'other', 'message_length': 34}
2025-09-19 21:11:43 | INFO | Sent message to Kafka topic 'project_json': {'message': 'I just saw an app! It was amazing.', 'author': 'Charlie', 'timestamp': '2025-09-19 21:11:43', 'category': 'other', 'sentiment': 0.66, 'keyword_mentioned': 'other', 'message_length': 34}
2025-09-19 21:11:43 | INFO | Processed JSON message: {'message': 'I just saw an app! It was amazing.', 'author': 'Charlie', 'timestamp': '2025-09-19 21:11:43', 'category': 'other', 'sentiment': 0.66, 'keyword_mentioned': 'other', 'message_length': 34}
2025-09-19 21:11:43 | INFO | Message received - Keyword: other, Sentiment: 0.66
2025-09-19 21:11:43 | INFO | Updated keyword sentiment averages: {'other': 0.43, 'travel': 0.3, 'movie': 0.28, 'Python': 0.48, 'game': 0.23, 'meme': 0.04, 'JavaScript': 0.57}
2025-09-19 21:11:43 | INFO | Updated keyword counts: {'other': 8, 'travel': 2, 'movie': 2, 'Python': 2, 'game': 1, 'meme': 2, 'JavaScript': 1}
2025-09-19 21:11:43 | INFO | Chart updated successfully for keyword: other
2025-09-19 21:11:48 | INFO | {'message': 'I just loved a meme! It was funny.', 'author': 'Bob', 'timestamp': '2025-09-19 21:11:48', 'category': 'humor', 'sentiment': 0.28, 'keyword_mentioned': 'meme', 'message_length': 34}
2025-09-19 21:11:48 | INFO | Sent message to Kafka topic 'project_json': {'message': 'I just loved a meme! It was funny.', 'author': 'Bob', 'timestamp': '2025-09-19 21:11:48', 'category': 'humor', 'sentiment': 0.28, 'keyword_mentioned': 'meme', 'message_length': 34}
2025-09-19 21:11:48 | INFO | Processed JSON message: {'message': 'I just loved a meme! It was funny.', 'author': 'Bob', 'timestamp': '2025-09-19 21:11:48', 'category': 'humor', 'sentiment': 0.28, 'keyword_mentioned': 'meme', 'message_length': 34}
2025-09-19 21:11:48 | INFO | Message received - Keyword: meme, Sentiment: 0.28
2025-09-19 21:11:48 | INFO | Updated keyword sentiment averages: {'other': 0.43, 'travel': 0.3, 'movie': 0.28, 'Python': 0.48, 'game': 0.23, 'meme': 0.12, 'JavaScript': 0.57}
2025-09-19 21:11:48 | INFO | Updated keyword counts: {'other': 8, 'travel': 2, 'movie': 2, 'Python': 2, 'game': 1, 'meme': 3, 'JavaScript': 1}
2025-09-19 21:11:48 | INFO | Chart updated successfully for keyword: meme
2025-09-19 21:11:53 | INFO | {'message': 'I just loved a story! It was boring.', 'author': 'Alice', 'timestamp': '2025-09-19 21:11:53', 'category': 'other', 'sentiment': 0.41, 'keyword_mentioned': 'other', 'message_length': 36}
2025-09-19 21:11:53 | INFO | Sent message to Kafka topic 'project_json': {'message': 'I just loved a story! It was boring.', 'author': 'Alice', 'timestamp': '2025-09-19 21:11:53', 'category': 'other', 'sentiment': 0.41, 'keyword_mentioned': 'other', 'message_length': 36}
2025-09-19 21:11:53 | INFO | Processed JSON message: {'message': 'I just loved a story! It was boring.', 'author': 'Alice', 'timestamp': '2025-09-19 21:11:53', 'category': 'other', 'sentiment': 0.41, 'keyword_mentioned': 'other', 'message_length': 36}
2025-09-19 21:11:53 | INFO | Message received - Keyword: other, Sentiment: 0.41
2025-09-19 21:11:53 | INFO | Updated keyword sentiment averages: {'other': 0.43, 'travel': 0.3, 'movie': 0.28, 'Python': 0.48, 'game': 0.23, 'meme': 0.12, 'JavaScript': 0.57}
2025-09-19 21:11:53 | INFO | Updated keyword counts: {'other': 9, 'travel': 2, 'movie': 2, 'Python': 2, 'game': 1, 'meme': 3, 'JavaScript': 1}
2025-09-19 21:11:53 | INFO | Chart updated successfully for keyword: other
2025-09-19 21:11:58 | INFO | {'message': 'I just tried an app! It was funny.', 'author': 'Alice', 'timestamp': '2025-09-19 21:11:58', 'category': 'other', 'sentiment': 0.52, 'keyword_mentioned': 'other', 'message_length': 34}
2025-09-19 21:11:58 | INFO | Sent message to Kafka topic 'project_json': {'message': 'I just tried an app! It was funny.', 'author': 'Alice', 'timestamp': '2025-09-19 21:11:58', 'category': 'other', 'sentiment': 0.52, 'keyword_mentioned': 'other', 'message_length': 34}
2025-09-19 21:11:58 | INFO | Processed JSON message: {'message': 'I just tried an app! It was funny.', 'author': 'Alice', 'timestamp': '2025-09-19 21:11:58', 'category': 'other', 'sentiment': 0.52, 'keyword_mentioned': 'other', 'message_length': 34}
2025-09-19 21:11:58 | INFO | Message received - Keyword: other, Sentiment: 0.52
2025-09-19 21:11:58 | INFO | Updated keyword sentiment averages: {'other': 0.44, 'travel': 0.3, 'movie': 0.28, 'Python': 0.48, 'game': 0.23, 'meme': 0.12, 'JavaScript': 0.57}
2025-09-19 21:11:58 | INFO | Updated keyword counts: {'other': 10, 'travel': 2, 'movie': 2, 'Python': 2, 'game': 1, 'meme': 3, 'JavaScript': 1}
2025-09-19 21:11:58 | INFO | Chart updated successfully for keyword: other
2025-09-19 21:12:03 | INFO | {'message': 'I just loved a movie! It was funny.', 'author': 'Charlie', 'timestamp': '2025-09-19 21:12:03', 'category': 'entertainment', 'sentiment': 0.86, 'keyword_mentioned': 'movie', 'message_length': 35}
2025-09-19 21:12:03 | INFO | Sent message to Kafka topic 'project_json': {'message': 'I just loved a movie! It was funny.', 'author': 'Charlie', 'timestamp': '2025-09-19 21:12:03', 'category': 'entertainment', 'sentiment': 0.86, 'keyword_mentioned': 'movie', 'message_length': 35}
2025-09-19 21:12:03 | INFO | Processed JSON message: {'message': 'I just loved a movie! It was funny.', 'author': 'Charlie', 'timestamp': '2025-09-19 21:12:03', 'category': 'entertainment', 'sentiment': 0.86, 'keyword_mentioned': 'movie', 'message_length': 35}
2025-09-19 21:12:03 | INFO | Message received - Keyword: movie, Sentiment: 0.86
2025-09-19 21:12:03 | INFO | Updated keyword sentiment averages: {'other': 0.44, 'travel': 0.3, 'movie': 0.48, 'Python': 0.48, 'game': 0.23, 'meme': 0.12, 'JavaScript': 0.57}
2025-09-19 21:12:03 | INFO | Updated keyword counts: {'other': 10, 'travel': 2, 'movie': 3, 'Python': 2, 'game': 1, 'meme': 3, 'JavaScript': 1}
2025-09-19 21:12:03 | INFO | Chart updated successfully for keyword: movie
2025-09-19 21:12:08 | INFO | {'message': 'I just saw a trick! It was amazing.', 'author': 'Charlie', 'timestamp': '2025-09-19 21:12:08', 'category': 'other', 'sentiment': 0.69, 'keyword_mentioned': 'other', 'message_length': 35}
2025-09-19 21:12:08 | INFO | Sent message to Kafka topic 'project_json': {'message': 'I just saw a trick! It was amazing.', 'author': 'Charlie', 'timestamp': '2025-09-19 21:12:08', 'category': 'other', 'sentiment': 0.69, 'keyword_mentioned': 'other', 'message_length': 35}
2025-09-19 21:12:08 | INFO | Processed JSON message: {'message': 'I just saw a trick! It was amazing.', 'author': 'Charlie', 'timestamp': '2025-09-19 21:12:08', 'category': 'other', 'sentiment': 0.69, 'keyword_mentioned': 'other', 'message_length': 35}
2025-09-19 21:12:08 | INFO | Message received - Keyword: other, Sentiment: 0.69
2025-09-19 21:12:08 | INFO | Updated keyword sentiment averages: {'other': 0.46, 'travel': 0.3, 'movie': 0.48, 'Python': 0.48, 'game': 0.23, 'meme': 0.12, 'JavaScript': 0.57}
2025-09-19 21:12:08 | INFO | Updated keyword counts: {'other': 11, 'travel': 2, 'movie': 3, 'Python': 2, 'game': 1, 'meme': 3, 'JavaScript': 1}
2025-09-19 21:12:08 | INFO | Chart updated successfully for keyword: other
2025-09-19 21:12:13 | INFO | {'message': 'I just found a trick! It was weird.', 'author': 'Eve', 'timestamp': '2025-09-19 21:12:13', 'category': 'other', 'sentiment': 0.95, 'keyword_mentioned': 'other', 'message_length': 35}
2025-09-19 21:12:13 | INFO | Sent message to Kafka topic 'project_json': {'message': 'I just found a trick! It was weird.', 'author': 'Eve', 'timestamp': '2025-09-19 21:12:13', 'category': 'other', 'sentiment': 0.95, 'keyword_mentioned': 'other', 'message_length': 35}
