2025-09-19 21:27:36 | INFO | {'message': 'I just found a trick! It was amazing.', 'author': 'Bob', 'timestamp': '2025-09-19 21:27:36', 'category': 'other', 'sentiment': 0.3, 'keyword_mentioned': 'other', 'message_length': 37}
2025-09-19 21:27:36 | INFO | Sent message to Kafka topic 'project_json': {'message': 'I just found a trick! It was amazing.', 'author': 'Bob', 'timestamp': '2025-09-19 21:27:36', 'category': 'other', 'sentiment': 0.3, 'keyword_mentioned': 'other', 'message_length': 37}
2025-09-19 21:27:41 | INFO | {'message': 'I just shared game! It was exciting.', 'author': 'Bob', 'timestamp': '2025-09-19 21:27:41', 'category': 'gaming', 'sentiment': 0.14, 'keyword_mentioned': 'game', 'message_length': 36}
2025-09-19 21:27:41 | INFO | Sent message to Kafka topic 'project_json': {'message': 'I just shared game! It was exciting.', 'author': 'Bob', 'timestamp': '2025-09-19 21:27:41', 'category': 'gaming', 'sentiment': 0.14, 'keyword_mentioned': 'game', 'message_length': 36}
2025-09-19 21:27:46 | INFO | {'message': 'I just saw a movie! It was amazing.', 'author': 'Charlie', 'timestamp': '2025-09-19 21:27:46', 'category': 'entertainment', 'sentiment': 0.57, 'keyword_mentioned': 'movie', 'message_length': 35}
2025-09-19 21:27:46 | INFO | Sent message to Kafka topic 'project_json': {'message': 'I just saw a movie! It was amazing.', 'author': 'Charlie', 'timestamp': '2025-09-19 21:27:46', 'category': 'entertainment', 'sentiment': 0.57, 'keyword_mentioned': 'movie', 'message_length': 35}
2025-09-19 21:27:51 | INFO | {'message': 'I just shared a movie! It was amazing.', 'author': 'Eve', 'timestamp': '2025-09-19 21:27:51', 'category': 'entertainment', 'sentiment': 0.14, 'keyword_mentioned': 'movie', 'message_length': 38}
2025-09-19 21:27:51 | INFO | Sent message to Kafka topic 'project_json': {'message': 'I just shared a movie! It was amazing.', 'author': 'Eve', 'timestamp': '2025-09-19 21:27:51', 'category': 'entertainment', 'sentiment': 0.14, 'keyword_mentioned': 'movie', 'message_length': 38}
2025-09-19 21:27:56 | INFO | {'message': 'I just shared game! It was amazing.', 'author': 'Charlie', 'timestamp': '2025-09-19 21:27:56', 'category': 'gaming', 'sentiment': 0.49, 'keyword_mentioned': 'game', 'message_length': 35}
2025-09-19 21:27:56 | INFO | Sent message to Kafka topic 'project_json': {'message': 'I just shared game! It was amazing.', 'author': 'Charlie', 'timestamp': '2025-09-19 21:27:56', 'category': 'gaming', 'sentiment': 0.49, 'keyword_mentioned': 'game', 'message_length': 35}
2025-09-19 21:28:01 | INFO | {'message': 'I just found a trick! It was boring.', 'author': 'Bob', 'timestamp': '2025-09-19 21:28:01', 'category': 'other', 'sentiment': 0.26, 'keyword_mentioned': 'other', 'message_length': 36}
2025-09-19 21:28:01 | INFO | Sent message to Kafka topic 'project_json': {'message': 'I just found a trick! It was boring.', 'author': 'Bob', 'timestamp': '2025-09-19 21:28:01', 'category': 'other', 'sentiment': 0.26, 'keyword_mentioned': 'other', 'message_length': 36}
2025-09-19 21:28:06 | INFO | {'message': 'I just found an app! It was funny.', 'author': 'Alice', 'timestamp': '2025-09-19 21:28:06', 'category': 'other', 'sentiment': 0.94, 'keyword_mentioned': 'other', 'message_length': 34}
2025-09-19 21:28:06 | INFO | Sent message to Kafka topic 'project_json': {'message': 'I just found an app! It was funny.', 'author': 'Alice', 'timestamp': '2025-09-19 21:28:06', 'category': 'other', 'sentiment': 0.94, 'keyword_mentioned': 'other', 'message_length': 34}
2025-09-19 21:28:11 | INFO | {'message': 'I just saw a story! It was exciting.', 'author': 'Bob', 'timestamp': '2025-09-19 21:28:11', 'category': 'other', 'sentiment': 0.87, 'keyword_mentioned': 'other', 'message_length': 36}
2025-09-19 21:28:11 | INFO | Sent message to Kafka topic 'project_json': {'message': 'I just saw a story! It was exciting.', 'author': 'Bob', 'timestamp': '2025-09-19 21:28:11', 'category': 'other', 'sentiment': 0.87, 'keyword_mentioned': 'other', 'message_length': 36}
2025-09-19 21:28:16 | INFO | {'message': 'I just loved a story! It was weird.', 'author': 'Bob', 'timestamp': '2025-09-19 21:28:16', 'category': 'other', 'sentiment': 0.76, 'keyword_mentioned': 'other', 'message_length': 35}
2025-09-19 21:28:16 | INFO | Sent message to Kafka topic 'project_json': {'message': 'I just loved a story! It was weird.', 'author': 'Bob', 'timestamp': '2025-09-19 21:28:16', 'category': 'other', 'sentiment': 0.76, 'keyword_mentioned': 'other', 'message_length': 35}
2025-09-19 21:28:21 | INFO | {'message': 'I just loved an app! It was amazing.', 'author': 'Alice', 'timestamp': '2025-09-19 21:28:21', 'category': 'other', 'sentiment': 0.4, 'keyword_mentioned': 'other', 'message_length': 36}
2025-09-19 21:28:21 | INFO | Sent message to Kafka topic 'project_json': {'message': 'I just loved an app! It was amazing.', 'author': 'Alice', 'timestamp': '2025-09-19 21:28:21', 'category': 'other', 'sentiment': 0.4, 'keyword_mentioned': 'other', 'message_length': 36}
2025-09-19 21:28:26 | INFO | {'message': 'I just shared a story! It was weird.', 'author': 'Eve', 'timestamp': '2025-09-19 21:28:26', 'category': 'other', 'sentiment': 0.75, 'keyword_mentioned': 'other', 'message_length': 36}
2025-09-19 21:28:26 | INFO | Sent message to Kafka topic 'project_json': {'message': 'I just shared a story! It was weird.', 'author': 'Eve', 'timestamp': '2025-09-19 21:28:26', 'category': 'other', 'sentiment': 0.75, 'keyword_mentioned': 'other', 'message_length': 36}
2025-09-19 21:28:31 | INFO | {'message': 'I just shared recipe! It was weird.', 'author': 'Eve', 'timestamp': '2025-09-19 21:28:31', 'category': 'food', 'sentiment': 0.3, 'keyword_mentioned': 'recipe', 'message_length': 35}
2025-09-19 21:28:31 | INFO | Sent message to Kafka topic 'project_json': {'message': 'I just shared recipe! It was weird.', 'author': 'Eve', 'timestamp': '2025-09-19 21:28:31', 'category': 'food', 'sentiment': 0.3, 'keyword_mentioned': 'recipe', 'message_length': 35}
2025-09-19 21:28:36 | INFO | {'message': 'I just found travel! It was weird.', 'author': 'Bob', 'timestamp': '2025-09-19 21:28:36', 'category': 'travel', 'sentiment': 0.51, 'keyword_mentioned': 'travel', 'message_length': 34}
2025-09-19 21:28:36 | INFO | Sent message to Kafka topic 'project_json': {'message': 'I just found travel! It was weird.', 'author': 'Bob', 'timestamp': '2025-09-19 21:28:36', 'category': 'travel', 'sentiment': 0.51, 'keyword_mentioned': 'travel', 'message_length': 34}
2025-09-19 21:28:41 | INFO | {'message': 'I just loved a meme! It was exciting.', 'author': 'Eve', 'timestamp': '2025-09-19 21:28:41', 'category': 'humor', 'sentiment': 0.78, 'keyword_mentioned': 'meme', 'message_length': 37}
2025-09-19 21:28:41 | INFO | Sent message to Kafka topic 'project_json': {'message': 'I just loved a meme! It was exciting.', 'author': 'Eve', 'timestamp': '2025-09-19 21:28:41', 'category': 'humor', 'sentiment': 0.78, 'keyword_mentioned': 'meme', 'message_length': 37}
2025-09-19 21:28:46 | INFO | {'message': 'I just tried travel! It was amazing.', 'author': 'Alice', 'timestamp': '2025-09-19 21:28:46', 'category': 'travel', 'sentiment': 0.4, 'keyword_mentioned': 'travel', 'message_length': 36}
2025-09-19 21:28:46 | INFO | Sent message to Kafka topic 'project_json': {'message': 'I just tried travel! It was amazing.', 'author': 'Alice', 'timestamp': '2025-09-19 21:28:46', 'category': 'travel', 'sentiment': 0.4, 'keyword_mentioned': 'travel', 'message_length': 36}
2025-09-19 21:28:51 | INFO | {'message': 'I just loved a movie! It was boring.', 'author': 'Eve', 'timestamp': '2025-09-19 21:28:51', 'category': 'entertainment', 'sentiment': 0.66, 'keyword_mentioned': 'movie', 'message_length': 36}
2025-09-19 21:28:51 | INFO | Sent message to Kafka topic 'project_json': {'message': 'I just loved a movie! It was boring.', 'author': 'Eve', 'timestamp': '2025-09-19 21:28:51', 'category': 'entertainment', 'sentiment': 0.66, 'keyword_mentioned': 'movie', 'message_length': 36}
2025-09-19 21:28:56 | INFO | {'message': 'I just loved a trick! It was funny.', 'author': 'Charlie', 'timestamp': '2025-09-19 21:28:56', 'category': 'other', 'sentiment': 0.45, 'keyword_mentioned': 'other', 'message_length': 35}
2025-09-19 21:28:56 | INFO | Sent message to Kafka topic 'project_json': {'message': 'I just loved a trick! It was funny.', 'author': 'Charlie', 'timestamp': '2025-09-19 21:28:56', 'category': 'other', 'sentiment': 0.45, 'keyword_mentioned': 'other', 'message_length': 35}
2025-09-19 21:29:01 | INFO | {'message': 'I just saw a movie! It was funny.', 'author': 'Alice', 'timestamp': '2025-09-19 21:29:01', 'category': 'entertainment', 'sentiment': 0.33, 'keyword_mentioned': 'movie', 'message_length': 33}
2025-09-19 21:29:01 | INFO | Sent message to Kafka topic 'project_json': {'message': 'I just saw a movie! It was funny.', 'author': 'Alice', 'timestamp': '2025-09-19 21:29:01', 'category': 'entertainment', 'sentiment': 0.33, 'keyword_mentioned': 'movie', 'message_length': 33}
2025-09-19 21:29:06 | INFO | {'message': 'I just found game! It was amazing.', 'author': 'Alice', 'timestamp': '2025-09-19 21:29:06', 'category': 'gaming', 'sentiment': 0.03, 'keyword_mentioned': 'game', 'message_length': 34}
2025-09-19 21:29:06 | INFO | Sent message to Kafka topic 'project_json': {'message': 'I just found game! It was amazing.', 'author': 'Alice', 'timestamp': '2025-09-19 21:29:06', 'category': 'gaming', 'sentiment': 0.03, 'keyword_mentioned': 'game', 'message_length': 34}
2025-09-19 21:29:11 | INFO | {'message': 'I just found a story! It was funny.', 'author': 'Charlie', 'timestamp': '2025-09-19 21:29:11', 'category': 'other', 'sentiment': 0.02, 'keyword_mentioned': 'other', 'message_length': 35}
2025-09-19 21:29:11 | INFO | Sent message to Kafka topic 'project_json': {'message': 'I just found a story! It was funny.', 'author': 'Charlie', 'timestamp': '2025-09-19 21:29:11', 'category': 'other', 'sentiment': 0.02, 'keyword_mentioned': 'other', 'message_length': 35}
2025-09-19 21:29:16 | INFO | {'message': 'I just saw Python! It was exciting.', 'author': 'Eve', 'timestamp': '2025-09-19 21:29:16', 'category': 'tech', 'sentiment': 0.4, 'keyword_mentioned': 'Python', 'message_length': 35}
2025-09-19 21:29:16 | INFO | Sent message to Kafka topic 'project_json': {'message': 'I just saw Python! It was exciting.', 'author': 'Eve', 'timestamp': '2025-09-19 21:29:16', 'category': 'tech', 'sentiment': 0.4, 'keyword_mentioned': 'Python', 'message_length': 35}
2025-09-19 21:29:21 | INFO | {'message': 'I just found recipe! It was funny.', 'author': 'Bob', 'timestamp': '2025-09-19 21:29:21', 'category': 'food', 'sentiment': 0.08, 'keyword_mentioned': 'recipe', 'message_length': 34}
2025-09-19 21:29:21 | INFO | Sent message to Kafka topic 'project_json': {'message': 'I just found recipe! It was funny.', 'author': 'Bob', 'timestamp': '2025-09-19 21:29:21', 'category': 'food', 'sentiment': 0.08, 'keyword_mentioned': 'recipe', 'message_length': 34}
2025-09-19 21:29:26 | INFO | {'message': 'I just shared travel! It was exciting.', 'author': 'Alice', 'timestamp': '2025-09-19 21:29:26', 'category': 'travel', 'sentiment': 0.37, 'keyword_mentioned': 'travel', 'message_length': 38}
2025-09-19 21:29:27 | INFO | Sent message to Kafka topic 'project_json': {'message': 'I just shared travel! It was exciting.', 'author': 'Alice', 'timestamp': '2025-09-19 21:29:26', 'category': 'travel', 'sentiment': 0.37, 'keyword_mentioned': 'travel', 'message_length': 38}
2025-09-19 21:29:32 | INFO | {'message': 'I just tried recipe! It was amazing.', 'author': 'Charlie', 'timestamp': '2025-09-19 21:29:32', 'category': 'food', 'sentiment': 0.81, 'keyword_mentioned': 'recipe', 'message_length': 36}
2025-09-19 21:29:32 | INFO | Sent message to Kafka topic 'project_json': {'message': 'I just tried recipe! It was amazing.', 'author': 'Charlie', 'timestamp': '2025-09-19 21:29:32', 'category': 'food', 'sentiment': 0.81, 'keyword_mentioned': 'recipe', 'message_length': 36}
2025-09-19 21:29:37 | INFO | {'message': 'I just tried recipe! It was weird.', 'author': 'Bob', 'timestamp': '2025-09-19 21:29:37', 'category': 'food', 'sentiment': 0.76, 'keyword_mentioned': 'recipe', 'message_length': 34}
2025-09-19 21:29:37 | INFO | Sent message to Kafka topic 'project_json': {'message': 'I just tried recipe! It was weird.', 'author': 'Bob', 'timestamp': '2025-09-19 21:29:37', 'category': 'food', 'sentiment': 0.76, 'keyword_mentioned': 'recipe', 'message_length': 34}
2025-09-19 21:29:42 | INFO | {'message': 'I just tried a trick! It was boring.', 'author': 'Eve', 'timestamp': '2025-09-19 21:29:42', 'category': 'other', 'sentiment': 0.26, 'keyword_mentioned': 'other', 'message_length': 36}
2025-09-19 21:29:42 | INFO | Sent message to Kafka topic 'project_json': {'message': 'I just tried a trick! It was boring.', 'author': 'Eve', 'timestamp': '2025-09-19 21:29:42', 'category': 'other', 'sentiment': 0.26, 'keyword_mentioned': 'other', 'message_length': 36}
2025-09-19 21:29:47 | INFO | {'message': 'I just shared recipe! It was funny.', 'author': 'Bob', 'timestamp': '2025-09-19 21:29:47', 'category': 'food', 'sentiment': 0.71, 'keyword_mentioned': 'recipe', 'message_length': 35}
2025-09-19 21:29:47 | INFO | Sent message to Kafka topic 'project_json': {'message': 'I just shared recipe! It was funny.', 'author': 'Bob', 'timestamp': '2025-09-19 21:29:47', 'category': 'food', 'sentiment': 0.71, 'keyword_mentioned': 'recipe', 'message_length': 35}
2025-09-19 21:29:52 | INFO | {'message': 'I just shared JavaScript! It was weird.', 'author': 'Bob', 'timestamp': '2025-09-19 21:29:52', 'category': 'tech', 'sentiment': 0.61, 'keyword_mentioned': 'JavaScript', 'message_length': 39}
2025-09-19 21:29:52 | INFO | Sent message to Kafka topic 'project_json': {'message': 'I just shared JavaScript! It was weird.', 'author': 'Bob', 'timestamp': '2025-09-19 21:29:52', 'category': 'tech', 'sentiment': 0.61, 'keyword_mentioned': 'JavaScript', 'message_length': 39}
2025-09-19 21:29:57 | INFO | {'message': 'I just shared a trick! It was weird.', 'author': 'Alice', 'timestamp': '2025-09-19 21:29:57', 'category': 'other', 'sentiment': 0.3, 'keyword_mentioned': 'other', 'message_length': 36}
2025-09-19 21:29:57 | INFO | Sent message to Kafka topic 'project_json': {'message': 'I just shared a trick! It was weird.', 'author': 'Alice', 'timestamp': '2025-09-19 21:29:57', 'category': 'other', 'sentiment': 0.3, 'keyword_mentioned': 'other', 'message_length': 36}
2025-09-19 21:30:02 | INFO | {'message': 'I just saw game! It was funny.', 'author': 'Alice', 'timestamp': '2025-09-19 21:30:02', 'category': 'gaming', 'sentiment': 0.66, 'keyword_mentioned': 'game', 'message_length': 30}
2025-09-19 21:30:02 | INFO | Sent message to Kafka topic 'project_json': {'message': 'I just saw game! It was funny.', 'author': 'Alice', 'timestamp': '2025-09-19 21:30:02', 'category': 'gaming', 'sentiment': 0.66, 'keyword_mentioned': 'game', 'message_length': 30}
2025-09-19 21:30:07 | INFO | {'message': 'I just loved game! It was exciting.', 'author': 'Bob', 'timestamp': '2025-09-19 21:30:07', 'category': 'gaming', 'sentiment': 0.3, 'keyword_mentioned': 'game', 'message_length': 35}
2025-09-19 21:30:07 | INFO | Sent message to Kafka topic 'project_json': {'message': 'I just loved game! It was exciting.', 'author': 'Bob', 'timestamp': '2025-09-19 21:30:07', 'category': 'gaming', 'sentiment': 0.3, 'keyword_mentioned': 'game', 'message_length': 35}
2025-09-19 21:30:12 | INFO | {'message': 'I just saw recipe! It was boring.', 'author': 'Eve', 'timestamp': '2025-09-19 21:30:12', 'category': 'food', 'sentiment': 0.7, 'keyword_mentioned': 'recipe', 'message_length': 33}
2025-09-19 21:30:12 | INFO | Sent message to Kafka topic 'project_json': {'message': 'I just saw recipe! It was boring.', 'author': 'Eve', 'timestamp': '2025-09-19 21:30:12', 'category': 'food', 'sentiment': 0.7, 'keyword_mentioned': 'recipe', 'message_length': 33}
2025-09-19 21:30:17 | INFO | {'message': 'I just loved a meme! It was funny.', 'author': 'Bob', 'timestamp': '2025-09-19 21:30:17', 'category': 'humor', 'sentiment': 0.52, 'keyword_mentioned': 'meme', 'message_length': 34}
2025-09-19 21:30:17 | INFO | Sent message to Kafka topic 'project_json': {'message': 'I just loved a meme! It was funny.', 'author': 'Bob', 'timestamp': '2025-09-19 21:30:17', 'category': 'humor', 'sentiment': 0.52, 'keyword_mentioned': 'meme', 'message_length': 34}
2025-09-19 21:30:22 | INFO | {'message': 'I just loved game! It was exciting.', 'author': 'Bob', 'timestamp': '2025-09-19 21:30:22', 'category': 'gaming', 'sentiment': 0.12, 'keyword_mentioned': 'game', 'message_length': 35}
2025-09-19 21:30:22 | INFO | Sent message to Kafka topic 'project_json': {'message': 'I just loved game! It was exciting.', 'author': 'Bob', 'timestamp': '2025-09-19 21:30:22', 'category': 'gaming', 'sentiment': 0.12, 'keyword_mentioned': 'game', 'message_length': 35}
2025-09-19 21:30:27 | INFO | {'message': 'I just shared JavaScript! It was exciting.', 'author': 'Eve', 'timestamp': '2025-09-19 21:30:27', 'category': 'tech', 'sentiment': 0.81, 'keyword_mentioned': 'JavaScript', 'message_length': 42}
2025-09-19 21:30:27 | INFO | Sent message to Kafka topic 'project_json': {'message': 'I just shared JavaScript! It was exciting.', 'author': 'Eve', 'timestamp': '2025-09-19 21:30:27', 'category': 'tech', 'sentiment': 0.81, 'keyword_mentioned': 'JavaScript', 'message_length': 42}
2025-09-19 21:30:32 | INFO | {'message': 'I just tried a story! It was funny.', 'author': 'Charlie', 'timestamp': '2025-09-19 21:30:32', 'category': 'other', 'sentiment': 0.81, 'keyword_mentioned': 'other', 'message_length': 35}
2025-09-19 21:30:32 | INFO | Sent message to Kafka topic 'project_json': {'message': 'I just tried a story! It was funny.', 'author': 'Charlie', 'timestamp': '2025-09-19 21:30:32', 'category': 'other', 'sentiment': 0.81, 'keyword_mentioned': 'other', 'message_length': 35}
2025-09-19 21:30:37 | INFO | {'message': 'I just shared JavaScript! It was boring.', 'author': 'Charlie', 'timestamp': '2025-09-19 21:30:37', 'category': 'tech', 'sentiment': 0.65, 'keyword_mentioned': 'JavaScript', 'message_length': 40}
2025-09-19 21:30:37 | INFO | Sent message to Kafka topic 'project_json': {'message': 'I just shared JavaScript! It was boring.', 'author': 'Charlie', 'timestamp': '2025-09-19 21:30:37', 'category': 'tech', 'sentiment': 0.65, 'keyword_mentioned': 'JavaScript', 'message_length': 40}
2025-09-19 21:30:42 | INFO | {'message': 'I just shared a trick! It was exciting.', 'author': 'Charlie', 'timestamp': '2025-09-19 21:30:42', 'category': 'other', 'sentiment': 0.32, 'keyword_mentioned': 'other', 'message_length': 39}
2025-09-19 21:30:42 | INFO | Sent message to Kafka topic 'project_json': {'message': 'I just shared a trick! It was exciting.', 'author': 'Charlie', 'timestamp': '2025-09-19 21:30:42', 'category': 'other', 'sentiment': 0.32, 'keyword_mentioned': 'other', 'message_length': 39}
2025-09-19 21:30:47 | INFO | {'message': 'I just shared Python! It was boring.', 'author': 'Eve', 'timestamp': '2025-09-19 21:30:47', 'category': 'tech', 'sentiment': 0.92, 'keyword_mentioned': 'Python', 'message_length': 36}
2025-09-19 21:30:47 | INFO | Sent message to Kafka topic 'project_json': {'message': 'I just shared Python! It was boring.', 'author': 'Eve', 'timestamp': '2025-09-19 21:30:47', 'category': 'tech', 'sentiment': 0.92, 'keyword_mentioned': 'Python', 'message_length': 36}
2025-09-19 21:30:52 | INFO | {'message': 'I just found travel! It was weird.', 'author': 'Alice', 'timestamp': '2025-09-19 21:30:52', 'category': 'travel', 'sentiment': 0.31, 'keyword_mentioned': 'travel', 'message_length': 34}
2025-09-19 21:30:52 | INFO | Sent message to Kafka topic 'project_json': {'message': 'I just found travel! It was weird.', 'author': 'Alice', 'timestamp': '2025-09-19 21:30:52', 'category': 'travel', 'sentiment': 0.31, 'keyword_mentioned': 'travel', 'message_length': 34}
2025-09-19 21:30:57 | INFO | {'message': 'I just found a trick! It was exciting.', 'author': 'Bob', 'timestamp': '2025-09-19 21:30:57', 'category': 'other', 'sentiment': 0.63, 'keyword_mentioned': 'other', 'message_length': 38}
2025-09-19 21:30:57 | INFO | Sent message to Kafka topic 'project_json': {'message': 'I just found a trick! It was exciting.', 'author': 'Bob', 'timestamp': '2025-09-19 21:30:57', 'category': 'other', 'sentiment': 0.63, 'keyword_mentioned': 'other', 'message_length': 38}
2025-09-19 21:31:02 | INFO | {'message': 'I just found a movie! It was weird.', 'author': 'Eve', 'timestamp': '2025-09-19 21:31:02', 'category': 'entertainment', 'sentiment': 0.43, 'keyword_mentioned': 'movie', 'message_length': 35}
2025-09-19 21:31:02 | INFO | Sent message to Kafka topic 'project_json': {'message': 'I just found a movie! It was weird.', 'author': 'Eve', 'timestamp': '2025-09-19 21:31:02', 'category': 'entertainment', 'sentiment': 0.43, 'keyword_mentioned': 'movie', 'message_length': 35}
2025-09-19 21:31:07 | INFO | {'message': 'I just tried game! It was funny.', 'author': 'Bob', 'timestamp': '2025-09-19 21:31:07', 'category': 'gaming', 'sentiment': 0.69, 'keyword_mentioned': 'game', 'message_length': 32}
2025-09-19 21:31:07 | INFO | Sent message to Kafka topic 'project_json': {'message': 'I just tried game! It was funny.', 'author': 'Bob', 'timestamp': '2025-09-19 21:31:07', 'category': 'gaming', 'sentiment': 0.69, 'keyword_mentioned': 'game', 'message_length': 32}
2025-09-19 21:31:12 | INFO | {'message': 'I just shared an app! It was funny.', 'author': 'Alice', 'timestamp': '2025-09-19 21:31:12', 'category': 'other', 'sentiment': 0.59, 'keyword_mentioned': 'other', 'message_length': 35}
2025-09-19 21:31:12 | INFO | Sent message to Kafka topic 'project_json': {'message': 'I just shared an app! It was funny.', 'author': 'Alice', 'timestamp': '2025-09-19 21:31:12', 'category': 'other', 'sentiment': 0.59, 'keyword_mentioned': 'other', 'message_length': 35}
2025-09-19 21:31:17 | INFO | {'message': 'I just loved recipe! It was amazing.', 'author': 'Alice', 'timestamp': '2025-09-19 21:31:17', 'category': 'food', 'sentiment': 0.32, 'keyword_mentioned': 'recipe', 'message_length': 36}
2025-09-19 21:31:17 | INFO | Sent message to Kafka topic 'project_json': {'message': 'I just loved recipe! It was amazing.', 'author': 'Alice', 'timestamp': '2025-09-19 21:31:17', 'category': 'food', 'sentiment': 0.32, 'keyword_mentioned': 'recipe', 'message_length': 36}
2025-09-19 21:31:22 | INFO | {'message': 'I just tried an app! It was boring.', 'author': 'Alice', 'timestamp': '2025-09-19 21:31:22', 'category': 'other', 'sentiment': 0.4, 'keyword_mentioned': 'other', 'message_length': 35}
2025-09-19 21:31:22 | INFO | Sent message to Kafka topic 'project_json': {'message': 'I just tried an app! It was boring.', 'author': 'Alice', 'timestamp': '2025-09-19 21:31:22', 'category': 'other', 'sentiment': 0.4, 'keyword_mentioned': 'other', 'message_length': 35}
2025-09-19 21:31:27 | INFO | {'message': 'I just loved a trick! It was exciting.', 'author': 'Charlie', 'timestamp': '2025-09-19 21:31:27', 'category': 'other', 'sentiment': 0.92, 'keyword_mentioned': 'other', 'message_length': 38}
2025-09-19 21:31:27 | INFO | Sent message to Kafka topic 'project_json': {'message': 'I just loved a trick! It was exciting.', 'author': 'Charlie', 'timestamp': '2025-09-19 21:31:27', 'category': 'other', 'sentiment': 0.92, 'keyword_mentioned': 'other', 'message_length': 38}
2025-09-19 21:31:32 | INFO | {'message': 'I just saw JavaScript! It was exciting.', 'author': 'Eve', 'timestamp': '2025-09-19 21:31:32', 'category': 'tech', 'sentiment': 0.32, 'keyword_mentioned': 'JavaScript', 'message_length': 39}
2025-09-19 21:31:32 | INFO | Sent message to Kafka topic 'project_json': {'message': 'I just saw JavaScript! It was exciting.', 'author': 'Eve', 'timestamp': '2025-09-19 21:31:32', 'category': 'tech', 'sentiment': 0.32, 'keyword_mentioned': 'JavaScript', 'message_length': 39}
2025-09-19 21:31:37 | INFO | {'message': 'I just tried a trick! It was weird.', 'author': 'Eve', 'timestamp': '2025-09-19 21:31:37', 'category': 'other', 'sentiment': 0.53, 'keyword_mentioned': 'other', 'message_length': 35}
2025-09-19 21:31:37 | INFO | Sent message to Kafka topic 'project_json': {'message': 'I just tried a trick! It was weird.', 'author': 'Eve', 'timestamp': '2025-09-19 21:31:37', 'category': 'other', 'sentiment': 0.53, 'keyword_mentioned': 'other', 'message_length': 35}
2025-09-19 21:31:42 | INFO | {'message': 'I just saw JavaScript! It was boring.', 'author': 'Eve', 'timestamp': '2025-09-19 21:31:42', 'category': 'tech', 'sentiment': 0.28, 'keyword_mentioned': 'JavaScript', 'message_length': 37}
2025-09-19 21:31:42 | INFO | Sent message to Kafka topic 'project_json': {'message': 'I just saw JavaScript! It was boring.', 'author': 'Eve', 'timestamp': '2025-09-19 21:31:42', 'category': 'tech', 'sentiment': 0.28, 'keyword_mentioned': 'JavaScript', 'message_length': 37}
2025-09-19 21:31:47 | INFO | {'message': 'I just found recipe! It was exciting.', 'author': 'Charlie', 'timestamp': '2025-09-19 21:31:47', 'category': 'food', 'sentiment': 0.01, 'keyword_mentioned': 'recipe', 'message_length': 37}
2025-09-19 21:31:47 | INFO | Sent message to Kafka topic 'project_json': {'message': 'I just found recipe! It was exciting.', 'author': 'Charlie', 'timestamp': '2025-09-19 21:31:47', 'category': 'food', 'sentiment': 0.01, 'keyword_mentioned': 'recipe', 'message_length': 37}
2025-09-19 21:31:52 | INFO | {'message': 'I just loved a movie! It was exciting.', 'author': 'Eve', 'timestamp': '2025-09-19 21:31:52', 'category': 'entertainment', 'sentiment': 0.04, 'keyword_mentioned': 'movie', 'message_length': 38}
2025-09-19 21:31:52 | INFO | Sent message to Kafka topic 'project_json': {'message': 'I just loved a movie! It was exciting.', 'author': 'Eve', 'timestamp': '2025-09-19 21:31:52', 'category': 'entertainment', 'sentiment': 0.04, 'keyword_mentioned': 'movie', 'message_length': 38}
2025-09-19 21:31:57 | INFO | {'message': 'I just loved JavaScript! It was amazing.', 'author': 'Alice', 'timestamp': '2025-09-19 21:31:57', 'category': 'tech', 'sentiment': 0.12, 'keyword_mentioned': 'JavaScript', 'message_length': 40}
2025-09-19 21:31:57 | INFO | Sent message to Kafka topic 'project_json': {'message': 'I just loved JavaScript! It was amazing.', 'author': 'Alice', 'timestamp': '2025-09-19 21:31:57', 'category': 'tech', 'sentiment': 0.12, 'keyword_mentioned': 'JavaScript', 'message_length': 40}
2025-09-19 21:32:02 | INFO | {'message': 'I just shared a trick! It was funny.', 'author': 'Eve', 'timestamp': '2025-09-19 21:32:02', 'category': 'other', 'sentiment': 0.79, 'keyword_mentioned': 'other', 'message_length': 36}
2025-09-19 21:32:02 | INFO | Sent message to Kafka topic 'project_json': {'message': 'I just shared a trick! It was funny.', 'author': 'Eve', 'timestamp': '2025-09-19 21:32:02', 'category': 'other', 'sentiment': 0.79, 'keyword_mentioned': 'other', 'message_length': 36}
2025-09-19 21:32:07 | INFO | {'message': 'I just loved recipe! It was exciting.', 'author': 'Bob', 'timestamp': '2025-09-19 21:32:07', 'category': 'food', 'sentiment': 0.57, 'keyword_mentioned': 'recipe', 'message_length': 37}
2025-09-19 21:32:07 | INFO | Sent message to Kafka topic 'project_json': {'message': 'I just loved recipe! It was exciting.', 'author': 'Bob', 'timestamp': '2025-09-19 21:32:07', 'category': 'food', 'sentiment': 0.57, 'keyword_mentioned': 'recipe', 'message_length': 37}
2025-09-19 21:32:12 | INFO | {'message': 'I just loved a trick! It was weird.', 'author': 'Charlie', 'timestamp': '2025-09-19 21:32:12', 'category': 'other', 'sentiment': 0.93, 'keyword_mentioned': 'other', 'message_length': 35}
2025-09-19 21:32:12 | INFO | Sent message to Kafka topic 'project_json': {'message': 'I just loved a trick! It was weird.', 'author': 'Charlie', 'timestamp': '2025-09-19 21:32:12', 'category': 'other', 'sentiment': 0.93, 'keyword_mentioned': 'other', 'message_length': 35}
2025-09-19 21:32:17 | INFO | {'message': 'I just saw a trick! It was exciting.', 'author': 'Charlie', 'timestamp': '2025-09-19 21:32:17', 'category': 'other', 'sentiment': 0.38, 'keyword_mentioned': 'other', 'message_length': 36}
2025-09-19 21:32:17 | INFO | Sent message to Kafka topic 'project_json': {'message': 'I just saw a trick! It was exciting.', 'author': 'Charlie', 'timestamp': '2025-09-19 21:32:17', 'category': 'other', 'sentiment': 0.38, 'keyword_mentioned': 'other', 'message_length': 36}
2025-09-19 21:32:22 | INFO | {'message': 'I just found a story! It was weird.', 'author': 'Charlie', 'timestamp': '2025-09-19 21:32:22', 'category': 'other', 'sentiment': 0.05, 'keyword_mentioned': 'other', 'message_length': 35}
2025-09-19 21:32:22 | INFO | Sent message to Kafka topic 'project_json': {'message': 'I just found a story! It was weird.', 'author': 'Charlie', 'timestamp': '2025-09-19 21:32:22', 'category': 'other', 'sentiment': 0.05, 'keyword_mentioned': 'other', 'message_length': 35}
2025-09-19 21:32:27 | INFO | {'message': 'I just loved game! It was weird.', 'author': 'Charlie', 'timestamp': '2025-09-19 21:32:27', 'category': 'gaming', 'sentiment': 0.76, 'keyword_mentioned': 'game', 'message_length': 32}
2025-09-19 21:32:27 | INFO | Sent message to Kafka topic 'project_json': {'message': 'I just loved game! It was weird.', 'author': 'Charlie', 'timestamp': '2025-09-19 21:32:27', 'category': 'gaming', 'sentiment': 0.76, 'keyword_mentioned': 'game', 'message_length': 32}
2025-09-19 21:32:32 | INFO | {'message': 'I just tried recipe! It was weird.', 'author': 'Bob', 'timestamp': '2025-09-19 21:32:32', 'category': 'food', 'sentiment': 0.37, 'keyword_mentioned': 'recipe', 'message_length': 34}
2025-09-19 21:32:32 | INFO | Sent message to Kafka topic 'project_json': {'message': 'I just tried recipe! It was weird.', 'author': 'Bob', 'timestamp': '2025-09-19 21:32:32', 'category': 'food', 'sentiment': 0.37, 'keyword_mentioned': 'recipe', 'message_length': 34}
2025-09-19 21:32:37 | INFO | {'message': 'I just loved an app! It was weird.', 'author': 'Charlie', 'timestamp': '2025-09-19 21:32:37', 'category': 'other', 'sentiment': 0.42, 'keyword_mentioned': 'other', 'message_length': 34}
2025-09-19 21:32:37 | INFO | Sent message to Kafka topic 'project_json': {'message': 'I just loved an app! It was weird.', 'author': 'Charlie', 'timestamp': '2025-09-19 21:32:37', 'category': 'other', 'sentiment': 0.42, 'keyword_mentioned': 'other', 'message_length': 34}
2025-09-19 21:32:42 | INFO | {'message': 'I just found a story! It was funny.', 'author': 'Bob', 'timestamp': '2025-09-19 21:32:42', 'category': 'other', 'sentiment': 0.89, 'keyword_mentioned': 'other', 'message_length': 35}
2025-09-19 21:32:42 | INFO | Sent message to Kafka topic 'project_json': {'message': 'I just found a story! It was funny.', 'author': 'Bob', 'timestamp': '2025-09-19 21:32:42', 'category': 'other', 'sentiment': 0.89, 'keyword_mentioned': 'other', 'message_length': 35}
2025-09-19 21:32:47 | INFO | {'message': 'I just found recipe! It was amazing.', 'author': 'Bob', 'timestamp': '2025-09-19 21:32:47', 'category': 'food', 'sentiment': 0.6, 'keyword_mentioned': 'recipe', 'message_length': 36}
2025-09-19 21:32:47 | INFO | Sent message to Kafka topic 'project_json': {'message': 'I just found recipe! It was amazing.', 'author': 'Bob', 'timestamp': '2025-09-19 21:32:47', 'category': 'food', 'sentiment': 0.6, 'keyword_mentioned': 'recipe', 'message_length': 36}
2025-09-19 21:32:52 | INFO | {'message': 'I just found a trick! It was weird.', 'author': 'Charlie', 'timestamp': '2025-09-19 21:32:52', 'category': 'other', 'sentiment': 0.66, 'keyword_mentioned': 'other', 'message_length': 35}
2025-09-19 21:32:52 | INFO | Sent message to Kafka topic 'project_json': {'message': 'I just found a trick! It was weird.', 'author': 'Charlie', 'timestamp': '2025-09-19 21:32:52', 'category': 'other', 'sentiment': 0.66, 'keyword_mentioned': 'other', 'message_length': 35}
2025-09-19 21:32:57 | INFO | {'message': 'I just found recipe! It was amazing.', 'author': 'Charlie', 'timestamp': '2025-09-19 21:32:57', 'category': 'food', 'sentiment': 0.45, 'keyword_mentioned': 'recipe', 'message_length': 36}
2025-09-19 21:32:57 | INFO | Sent message to Kafka topic 'project_json': {'message': 'I just found recipe! It was amazing.', 'author': 'Charlie', 'timestamp': '2025-09-19 21:32:57', 'category': 'food', 'sentiment': 0.45, 'keyword_mentioned': 'recipe', 'message_length': 36}
2025-09-19 21:33:02 | INFO | {'message': 'I just found recipe! It was weird.', 'author': 'Alice', 'timestamp': '2025-09-19 21:33:02', 'category': 'food', 'sentiment': 0.81, 'keyword_mentioned': 'recipe', 'message_length': 34}
2025-09-19 21:33:02 | INFO | Sent message to Kafka topic 'project_json': {'message': 'I just found recipe! It was weird.', 'author': 'Alice', 'timestamp': '2025-09-19 21:33:02', 'category': 'food', 'sentiment': 0.81, 'keyword_mentioned': 'recipe', 'message_length': 34}
2025-09-19 21:33:07 | INFO | {'message': 'I just saw a trick! It was funny.', 'author': 'Bob', 'timestamp': '2025-09-19 21:33:07', 'category': 'other', 'sentiment': 0.05, 'keyword_mentioned': 'other', 'message_length': 33}
2025-09-19 21:33:07 | INFO | Sent message to Kafka topic 'project_json': {'message': 'I just saw a trick! It was funny.', 'author': 'Bob', 'timestamp': '2025-09-19 21:33:07', 'category': 'other', 'sentiment': 0.05, 'keyword_mentioned': 'other', 'message_length': 33}
2025-09-19 21:33:12 | INFO | {'message': 'I just tried an app! It was boring.', 'author': 'Eve', 'timestamp': '2025-09-19 21:33:12', 'category': 'other', 'sentiment': 0.79, 'keyword_mentioned': 'other', 'message_length': 35}
2025-09-19 21:33:12 | INFO | Sent message to Kafka topic 'project_json': {'message': 'I just tried an app! It was boring.', 'author': 'Eve', 'timestamp': '2025-09-19 21:33:12', 'category': 'other', 'sentiment': 0.79, 'keyword_mentioned': 'other', 'message_length': 35}
2025-09-19 21:33:17 | INFO | {'message': 'I just found a movie! It was funny.', 'author': 'Charlie', 'timestamp': '2025-09-19 21:33:17', 'category': 'entertainment', 'sentiment': 0.05, 'keyword_mentioned': 'movie', 'message_length': 35}
2025-09-19 21:33:17 | INFO | Sent message to Kafka topic 'project_json': {'message': 'I just found a movie! It was funny.', 'author': 'Charlie', 'timestamp': '2025-09-19 21:33:17', 'category': 'entertainment', 'sentiment': 0.05, 'keyword_mentioned': 'movie', 'message_length': 35}
2025-09-19 21:33:22 | INFO | {'message': 'I just shared JavaScript! It was weird.', 'author': 'Bob', 'timestamp': '2025-09-19 21:33:22', 'category': 'tech', 'sentiment': 0.32, 'keyword_mentioned': 'JavaScript', 'message_length': 39}
2025-09-19 21:33:22 | INFO | Sent message to Kafka topic 'project_json': {'message': 'I just shared JavaScript! It was weird.', 'author': 'Bob', 'timestamp': '2025-09-19 21:33:22', 'category': 'tech', 'sentiment': 0.32, 'keyword_mentioned': 'JavaScript', 'message_length': 39}
2025-09-19 21:33:27 | INFO | {'message': 'I just tried an app! It was exciting.', 'author': 'Eve', 'timestamp': '2025-09-19 21:33:27', 'category': 'other', 'sentiment': 0.96, 'keyword_mentioned': 'other', 'message_length': 37}
2025-09-19 21:33:27 | INFO | Sent message to Kafka topic 'project_json': {'message': 'I just tried an app! It was exciting.', 'author': 'Eve', 'timestamp': '2025-09-19 21:33:27', 'category': 'other', 'sentiment': 0.96, 'keyword_mentioned': 'other', 'message_length': 37}
2025-09-19 21:33:32 | INFO | {'message': 'I just loved travel! It was amazing.', 'author': 'Eve', 'timestamp': '2025-09-19 21:33:32', 'category': 'travel', 'sentiment': 0.94, 'keyword_mentioned': 'travel', 'message_length': 36}
2025-09-19 21:33:32 | INFO | Sent message to Kafka topic 'project_json': {'message': 'I just loved travel! It was amazing.', 'author': 'Eve', 'timestamp': '2025-09-19 21:33:32', 'category': 'travel', 'sentiment': 0.94, 'keyword_mentioned': 'travel', 'message_length': 36}
2025-09-19 21:33:37 | INFO | {'message': 'I just saw an app! It was funny.', 'author': 'Eve', 'timestamp': '2025-09-19 21:33:37', 'category': 'other', 'sentiment': 0.07, 'keyword_mentioned': 'other', 'message_length': 32}
2025-09-19 21:33:37 | INFO | Sent message to Kafka topic 'project_json': {'message': 'I just saw an app! It was funny.', 'author': 'Eve', 'timestamp': '2025-09-19 21:33:37', 'category': 'other', 'sentiment': 0.07, 'keyword_mentioned': 'other', 'message_length': 32}
2025-09-19 21:33:42 | INFO | {'message': 'I just shared recipe! It was funny.', 'author': 'Alice', 'timestamp': '2025-09-19 21:33:42', 'category': 'food', 'sentiment': 0.87, 'keyword_mentioned': 'recipe', 'message_length': 35}
2025-09-19 21:33:42 | INFO | Sent message to Kafka topic 'project_json': {'message': 'I just shared recipe! It was funny.', 'author': 'Alice', 'timestamp': '2025-09-19 21:33:42', 'category': 'food', 'sentiment': 0.87, 'keyword_mentioned': 'recipe', 'message_length': 35}
2025-09-19 21:33:47 | INFO | {'message': 'I just loved game! It was weird.', 'author': 'Alice', 'timestamp': '2025-09-19 21:33:47', 'category': 'gaming', 'sentiment': 0.2, 'keyword_mentioned': 'game', 'message_length': 32}
2025-09-19 21:33:47 | INFO | Sent message to Kafka topic 'project_json': {'message': 'I just loved game! It was weird.', 'author': 'Alice', 'timestamp': '2025-09-19 21:33:47', 'category': 'gaming', 'sentiment': 0.2, 'keyword_mentioned': 'game', 'message_length': 32}
2025-09-19 21:33:52 | INFO | {'message': 'I just tried a movie! It was weird.', 'author': 'Charlie', 'timestamp': '2025-09-19 21:33:52', 'category': 'entertainment', 'sentiment': 0.04, 'keyword_mentioned': 'movie', 'message_length': 35}
2025-09-19 21:33:52 | INFO | Sent message to Kafka topic 'project_json': {'message': 'I just tried a movie! It was weird.', 'author': 'Charlie', 'timestamp': '2025-09-19 21:33:52', 'category': 'entertainment', 'sentiment': 0.04, 'keyword_mentioned': 'movie', 'message_length': 35}
2025-09-19 21:33:57 | INFO | {'message': 'I just saw a meme! It was amazing.', 'author': 'Bob', 'timestamp': '2025-09-19 21:33:57', 'category': 'humor', 'sentiment': 0.13, 'keyword_mentioned': 'meme', 'message_length': 34}
2025-09-19 21:33:57 | INFO | Sent message to Kafka topic 'project_json': {'message': 'I just saw a meme! It was amazing.', 'author': 'Bob', 'timestamp': '2025-09-19 21:33:57', 'category': 'humor', 'sentiment': 0.13, 'keyword_mentioned': 'meme', 'message_length': 34}
2025-09-19 21:34:02 | INFO | {'message': 'I just tried a movie! It was amazing.', 'author': 'Charlie', 'timestamp': '2025-09-19 21:34:02', 'category': 'entertainment', 'sentiment': 0.18, 'keyword_mentioned': 'movie', 'message_length': 37}
2025-09-19 21:34:02 | INFO | Sent message to Kafka topic 'project_json': {'message': 'I just tried a movie! It was amazing.', 'author': 'Charlie', 'timestamp': '2025-09-19 21:34:02', 'category': 'entertainment', 'sentiment': 0.18, 'keyword_mentioned': 'movie', 'message_length': 37}
2025-09-19 21:34:07 | INFO | {'message': 'I just saw a meme! It was boring.', 'author': 'Alice', 'timestamp': '2025-09-19 21:34:07', 'category': 'humor', 'sentiment': 0.17, 'keyword_mentioned': 'meme', 'message_length': 33}
2025-09-19 21:34:07 | INFO | Sent message to Kafka topic 'project_json': {'message': 'I just saw a meme! It was boring.', 'author': 'Alice', 'timestamp': '2025-09-19 21:34:07', 'category': 'humor', 'sentiment': 0.17, 'keyword_mentioned': 'meme', 'message_length': 33}
2025-09-19 21:34:12 | INFO | {'message': 'I just found JavaScript! It was funny.', 'author': 'Charlie', 'timestamp': '2025-09-19 21:34:12', 'category': 'tech', 'sentiment': 0.58, 'keyword_mentioned': 'JavaScript', 'message_length': 38}
2025-09-19 21:34:12 | INFO | Sent message to Kafka topic 'project_json': {'message': 'I just found JavaScript! It was funny.', 'author': 'Charlie', 'timestamp': '2025-09-19 21:34:12', 'category': 'tech', 'sentiment': 0.58, 'keyword_mentioned': 'JavaScript', 'message_length': 38}
2025-09-19 21:34:17 | INFO | {'message': 'I just tried a trick! It was funny.', 'author': 'Bob', 'timestamp': '2025-09-19 21:34:17', 'category': 'other', 'sentiment': 0.17, 'keyword_mentioned': 'other', 'message_length': 35}
2025-09-19 21:34:17 | INFO | Sent message to Kafka topic 'project_json': {'message': 'I just tried a trick! It was funny.', 'author': 'Bob', 'timestamp': '2025-09-19 21:34:17', 'category': 'other', 'sentiment': 0.17, 'keyword_mentioned': 'other', 'message_length': 35}
2025-09-19 21:34:22 | INFO | {'message': 'I just saw a story! It was boring.', 'author': 'Charlie', 'timestamp': '2025-09-19 21:34:22', 'category': 'other', 'sentiment': 0.88, 'keyword_mentioned': 'other', 'message_length': 34}
2025-09-19 21:34:22 | INFO | Sent message to Kafka topic 'project_json': {'message': 'I just saw a story! It was boring.', 'author': 'Charlie', 'timestamp': '2025-09-19 21:34:22', 'category': 'other', 'sentiment': 0.88, 'keyword_mentioned': 'other', 'message_length': 34}
2025-09-19 21:34:27 | INFO | {'message': 'I just loved JavaScript! It was exciting.', 'author': 'Eve', 'timestamp': '2025-09-19 21:34:27', 'category': 'tech', 'sentiment': 0.42, 'keyword_mentioned': 'JavaScript', 'message_length': 41}
2025-09-19 21:34:27 | INFO | Sent message to Kafka topic 'project_json': {'message': 'I just loved JavaScript! It was exciting.', 'author': 'Eve', 'timestamp': '2025-09-19 21:34:27', 'category': 'tech', 'sentiment': 0.42, 'keyword_mentioned': 'JavaScript', 'message_length': 41}
2025-09-19 21:34:32 | INFO | {'message': 'I just found a movie! It was weird.', 'author': 'Alice', 'timestamp': '2025-09-19 21:34:32', 'category': 'entertainment', 'sentiment': 0.08, 'keyword_mentioned': 'movie', 'message_length': 35}
2025-09-19 21:34:32 | INFO | Sent message to Kafka topic 'project_json': {'message': 'I just found a movie! It was weird.', 'author': 'Alice', 'timestamp': '2025-09-19 21:34:32', 'category': 'entertainment', 'sentiment': 0.08, 'keyword_mentioned': 'movie', 'message_length': 35}
2025-09-19 21:34:37 | INFO | {'message': 'I just shared an app! It was weird.', 'author': 'Eve', 'timestamp': '2025-09-19 21:34:37', 'category': 'other', 'sentiment': 0.09, 'keyword_mentioned': 'other', 'message_length': 35}
2025-09-19 21:34:37 | INFO | Sent message to Kafka topic 'project_json': {'message': 'I just shared an app! It was weird.', 'author': 'Eve', 'timestamp': '2025-09-19 21:34:37', 'category': 'other', 'sentiment': 0.09, 'keyword_mentioned': 'other', 'message_length': 35}
2025-09-19 21:34:42 | INFO | {'message': 'I just loved game! It was funny.', 'author': 'Alice', 'timestamp': '2025-09-19 21:34:42', 'category': 'gaming', 'sentiment': 0.32, 'keyword_mentioned': 'game', 'message_length': 32}
2025-09-19 21:34:42 | INFO | Sent message to Kafka topic 'project_json': {'message': 'I just loved game! It was funny.', 'author': 'Alice', 'timestamp': '2025-09-19 21:34:42', 'category': 'gaming', 'sentiment': 0.32, 'keyword_mentioned': 'game', 'message_length': 32}
2025-09-19 21:34:47 | INFO | {'message': 'I just saw an app! It was exciting.', 'author': 'Charlie', 'timestamp': '2025-09-19 21:34:47', 'category': 'other', 'sentiment': 0.98, 'keyword_mentioned': 'other', 'message_length': 35}
2025-09-19 21:34:47 | INFO | Sent message to Kafka topic 'project_json': {'message': 'I just saw an app! It was exciting.', 'author': 'Charlie', 'timestamp': '2025-09-19 21:34:47', 'category': 'other', 'sentiment': 0.98, 'keyword_mentioned': 'other', 'message_length': 35}
2025-09-19 21:34:52 | INFO | {'message': 'I just tried recipe! It was exciting.', 'author': 'Charlie', 'timestamp': '2025-09-19 21:34:52', 'category': 'food', 'sentiment': 0.9, 'keyword_mentioned': 'recipe', 'message_length': 37}
2025-09-19 21:34:52 | INFO | Sent message to Kafka topic 'project_json': {'message': 'I just tried recipe! It was exciting.', 'author': 'Charlie', 'timestamp': '2025-09-19 21:34:52', 'category': 'food', 'sentiment': 0.9, 'keyword_mentioned': 'recipe', 'message_length': 37}
2025-09-19 21:34:57 | INFO | {'message': 'I just shared a trick! It was exciting.', 'author': 'Eve', 'timestamp': '2025-09-19 21:34:57', 'category': 'other', 'sentiment': 0.65, 'keyword_mentioned': 'other', 'message_length': 39}
2025-09-19 21:34:57 | INFO | Sent message to Kafka topic 'project_json': {'message': 'I just shared a trick! It was exciting.', 'author': 'Eve', 'timestamp': '2025-09-19 21:34:57', 'category': 'other', 'sentiment': 0.65, 'keyword_mentioned': 'other', 'message_length': 39}
2025-09-19 21:35:02 | INFO | {'message': 'I just found a trick! It was funny.', 'author': 'Charlie', 'timestamp': '2025-09-19 21:35:02', 'category': 'other', 'sentiment': 0.23, 'keyword_mentioned': 'other', 'message_length': 35}
2025-09-19 21:35:02 | INFO | Sent message to Kafka topic 'project_json': {'message': 'I just found a trick! It was funny.', 'author': 'Charlie', 'timestamp': '2025-09-19 21:35:02', 'category': 'other', 'sentiment': 0.23, 'keyword_mentioned': 'other', 'message_length': 35}
2025-09-19 21:35:07 | INFO | {'message': 'I just found a story! It was funny.', 'author': 'Charlie', 'timestamp': '2025-09-19 21:35:07', 'category': 'other', 'sentiment': 0.27, 'keyword_mentioned': 'other', 'message_length': 35}
2025-09-19 21:35:07 | INFO | Sent message to Kafka topic 'project_json': {'message': 'I just found a story! It was funny.', 'author': 'Charlie', 'timestamp': '2025-09-19 21:35:07', 'category': 'other', 'sentiment': 0.27, 'keyword_mentioned': 'other', 'message_length': 35}
2025-09-19 21:35:12 | INFO | {'message': 'I just found recipe! It was funny.', 'author': 'Eve', 'timestamp': '2025-09-19 21:35:12', 'category': 'food', 'sentiment': 0.52, 'keyword_mentioned': 'recipe', 'message_length': 34}
2025-09-19 21:35:12 | INFO | Sent message to Kafka topic 'project_json': {'message': 'I just found recipe! It was funny.', 'author': 'Eve', 'timestamp': '2025-09-19 21:35:12', 'category': 'food', 'sentiment': 0.52, 'keyword_mentioned': 'recipe', 'message_length': 34}
2025-09-19 21:35:17 | INFO | {'message': 'I just saw Python! It was exciting.', 'author': 'Charlie', 'timestamp': '2025-09-19 21:35:17', 'category': 'tech', 'sentiment': 0.29, 'keyword_mentioned': 'Python', 'message_length': 35}
2025-09-19 21:35:17 | INFO | Sent message to Kafka topic 'project_json': {'message': 'I just saw Python! It was exciting.', 'author': 'Charlie', 'timestamp': '2025-09-19 21:35:17', 'category': 'tech', 'sentiment': 0.29, 'keyword_mentioned': 'Python', 'message_length': 35}
2025-09-19 21:35:22 | INFO | {'message': 'I just tried a meme! It was funny.', 'author': 'Alice', 'timestamp': '2025-09-19 21:35:22', 'category': 'humor', 'sentiment': 0.6, 'keyword_mentioned': 'meme', 'message_length': 34}
2025-09-19 21:35:22 | INFO | Sent message to Kafka topic 'project_json': {'message': 'I just tried a meme! It was funny.', 'author': 'Alice', 'timestamp': '2025-09-19 21:35:22', 'category': 'humor', 'sentiment': 0.6, 'keyword_mentioned': 'meme', 'message_length': 34}
2025-09-19 21:35:27 | INFO | {'message': 'I just found a trick! It was exciting.', 'author': 'Eve', 'timestamp': '2025-09-19 21:35:27', 'category': 'other', 'sentiment': 0.99, 'keyword_mentioned': 'other', 'message_length': 38}
2025-09-19 21:35:27 | INFO | Sent message to Kafka topic 'project_json': {'message': 'I just found a trick! It was exciting.', 'author': 'Eve', 'timestamp': '2025-09-19 21:35:27', 'category': 'other', 'sentiment': 0.99, 'keyword_mentioned': 'other', 'message_length': 38}
2025-09-19 21:35:32 | INFO | {'message': 'I just tried an app! It was funny.', 'author': 'Bob', 'timestamp': '2025-09-19 21:35:32', 'category': 'other', 'sentiment': 0.32, 'keyword_mentioned': 'other', 'message_length': 34}
2025-09-19 21:35:32 | INFO | Sent message to Kafka topic 'project_json': {'message': 'I just tried an app! It was funny.', 'author': 'Bob', 'timestamp': '2025-09-19 21:35:32', 'category': 'other', 'sentiment': 0.32, 'keyword_mentioned': 'other', 'message_length': 34}
2025-09-19 21:35:37 | INFO | {'message': 'I just loved travel! It was exciting.', 'author': 'Eve', 'timestamp': '2025-09-19 21:35:37', 'category': 'travel', 'sentiment': 0.23, 'keyword_mentioned': 'travel', 'message_length': 37}
2025-09-19 21:35:37 | INFO | Sent message to Kafka topic 'project_json': {'message': 'I just loved travel! It was exciting.', 'author': 'Eve', 'timestamp': '2025-09-19 21:35:37', 'category': 'travel', 'sentiment': 0.23, 'keyword_mentioned': 'travel', 'message_length': 37}
2025-09-19 21:35:42 | WARNING | Producer interrupted by user.
2025-09-19 21:35:42 | INFO | Kafka producer closed.
2025-09-19 21:35:42 | INFO | Producer shutting down.
