2025-09-19 21:27:31 | INFO | Processed JSON message: {'message': 'I just loved game! It was exciting.', 'author': 'Bob', 'timestamp': '2025-09-19 21:27:31', 'category': 'gaming', 'sentiment': 0.17, 'keyword_mentioned': 'game', 'message_length': 35}
2025-09-19 21:27:31 | INFO | Message received - Keyword: game, Sentiment: 0.17
2025-09-19 21:27:31 | INFO | Updated keyword sentiment averages: {'movie': 0.5, 'game': 0.53, 'recipe': 0.04, 'other': 0.58, 'travel': 0.68, 'meme': 0.03, 'Python': 0.08, 'JavaScript': 0.4}
2025-09-19 21:27:31 | INFO | Updated keyword counts: {'movie': 1, 'game': 2, 'recipe': 2, 'other': 4, 'travel': 2, 'meme': 1, 'Python': 2, 'JavaScript': 1}
2025-09-19 21:27:32 | INFO | Chart updated successfully for keyword: game
2025-09-19 21:27:36 | INFO | Processed JSON message: {'message': 'I just found a trick! It was amazing.', 'author': 'Bob', 'timestamp': '2025-09-19 21:27:36', 'category': 'other', 'sentiment': 0.3, 'keyword_mentioned': 'other', 'message_length': 37}
2025-09-19 21:27:36 | INFO | Message received - Keyword: other, Sentiment: 0.3
2025-09-19 21:27:36 | INFO | Updated keyword sentiment averages: {'movie': 0.5, 'game': 0.53, 'recipe': 0.04, 'other': 0.53, 'travel': 0.68, 'meme': 0.03, 'Python': 0.08, 'JavaScript': 0.4}
2025-09-19 21:27:36 | INFO | Updated keyword counts: {'movie': 1, 'game': 2, 'recipe': 2, 'other': 5, 'travel': 2, 'meme': 1, 'Python': 2, 'JavaScript': 1}
2025-09-19 21:27:37 | INFO | Chart updated successfully for keyword: other
2025-09-19 21:27:41 | INFO | Processed JSON message: {'message': 'I just shared game! It was exciting.', 'author': 'Bob', 'timestamp': '2025-09-19 21:27:41', 'category': 'gaming', 'sentiment': 0.14, 'keyword_mentioned': 'game', 'message_length': 36}
2025-09-19 21:27:41 | INFO | Message received - Keyword: game, Sentiment: 0.14
2025-09-19 21:27:41 | INFO | Updated keyword sentiment averages: {'movie': 0.5, 'game': 0.4, 'recipe': 0.04, 'other': 0.53, 'travel': 0.68, 'meme': 0.03, 'Python': 0.08, 'JavaScript': 0.4}
2025-09-19 21:27:41 | INFO | Updated keyword counts: {'movie': 1, 'game': 3, 'recipe': 2, 'other': 5, 'travel': 2, 'meme': 1, 'Python': 2, 'JavaScript': 1}
2025-09-19 21:27:42 | INFO | Chart updated successfully for keyword: game
2025-09-19 21:27:46 | INFO | Processed JSON message: {'message': 'I just saw a movie! It was amazing.', 'author': 'Charlie', 'timestamp': '2025-09-19 21:27:46', 'category': 'entertainment', 'sentiment': 0.57, 'keyword_mentioned': 'movie', 'message_length': 35}
2025-09-19 21:27:46 | INFO | Message received - Keyword: movie, Sentiment: 0.57
2025-09-19 21:27:46 | INFO | Updated keyword sentiment averages: {'movie': 0.53, 'game': 0.4, 'recipe': 0.04, 'other': 0.53, 'travel': 0.68, 'meme': 0.03, 'Python': 0.08, 'JavaScript': 0.4}
2025-09-19 21:27:46 | INFO | Updated keyword counts: {'movie': 2, 'game': 3, 'recipe': 2, 'other': 5, 'travel': 2, 'meme': 1, 'Python': 2, 'JavaScript': 1}
2025-09-19 21:27:47 | INFO | Chart updated successfully for keyword: movie
2025-09-19 21:27:51 | INFO | Processed JSON message: {'message': 'I just shared a movie! It was amazing.', 'author': 'Eve', 'timestamp': '2025-09-19 21:27:51', 'category': 'entertainment', 'sentiment': 0.14, 'keyword_mentioned': 'movie', 'message_length': 38}
2025-09-19 21:27:51 | INFO | Message received - Keyword: movie, Sentiment: 0.14
2025-09-19 21:27:51 | INFO | Updated keyword sentiment averages: {'movie': 0.4, 'game': 0.4, 'recipe': 0.04, 'other': 0.53, 'travel': 0.68, 'meme': 0.03, 'Python': 0.08, 'JavaScript': 0.4}
2025-09-19 21:27:51 | INFO | Updated keyword counts: {'movie': 3, 'game': 3, 'recipe': 2, 'other': 5, 'travel': 2, 'meme': 1, 'Python': 2, 'JavaScript': 1}
2025-09-19 21:27:52 | INFO | Chart updated successfully for keyword: movie
2025-09-19 21:27:56 | INFO | Processed JSON message: {'message': 'I just shared game! It was amazing.', 'author': 'Charlie', 'timestamp': '2025-09-19 21:27:56', 'category': 'gaming', 'sentiment': 0.49, 'keyword_mentioned': 'game', 'message_length': 35}
2025-09-19 21:27:56 | INFO | Message received - Keyword: game, Sentiment: 0.49
2025-09-19 21:27:56 | INFO | Updated keyword sentiment averages: {'movie': 0.4, 'game': 0.42, 'recipe': 0.04, 'other': 0.53, 'travel': 0.68, 'meme': 0.03, 'Python': 0.08, 'JavaScript': 0.4}
2025-09-19 21:27:56 | INFO | Updated keyword counts: {'movie': 3, 'game': 4, 'recipe': 2, 'other': 5, 'travel': 2, 'meme': 1, 'Python': 2, 'JavaScript': 1}
2025-09-19 21:27:57 | INFO | Chart updated successfully for keyword: game
2025-09-19 21:28:01 | INFO | Processed JSON message: {'message': 'I just found a trick! It was boring.', 'author': 'Bob', 'timestamp': '2025-09-19 21:28:01', 'category': 'other', 'sentiment': 0.26, 'keyword_mentioned': 'other', 'message_length': 36}
2025-09-19 21:28:01 | INFO | Message received - Keyword: other, Sentiment: 0.26
2025-09-19 21:28:01 | INFO | Updated keyword sentiment averages: {'movie': 0.4, 'game': 0.42, 'recipe': 0.04, 'other': 0.48, 'travel': 0.68, 'meme': 0.03, 'Python': 0.08, 'JavaScript': 0.4}
2025-09-19 21:28:01 | INFO | Updated keyword counts: {'movie': 3, 'game': 4, 'recipe': 2, 'other': 6, 'travel': 2, 'meme': 1, 'Python': 2, 'JavaScript': 1}
2025-09-19 21:28:02 | INFO | Chart updated successfully for keyword: other
2025-09-19 21:28:06 | INFO | Processed JSON message: {'message': 'I just found an app! It was funny.', 'author': 'Alice', 'timestamp': '2025-09-19 21:28:06', 'category': 'other', 'sentiment': 0.94, 'keyword_mentioned': 'other', 'message_length': 34}
2025-09-19 21:28:06 | INFO | Message received - Keyword: other, Sentiment: 0.94
2025-09-19 21:28:06 | INFO | Updated keyword sentiment averages: {'movie': 0.4, 'game': 0.42, 'recipe': 0.04, 'other': 0.55, 'travel': 0.68, 'meme': 0.03, 'Python': 0.08, 'JavaScript': 0.4}
2025-09-19 21:28:06 | INFO | Updated keyword counts: {'movie': 3, 'game': 4, 'recipe': 2, 'other': 7, 'travel': 2, 'meme': 1, 'Python': 2, 'JavaScript': 1}
2025-09-19 21:28:07 | INFO | Chart updated successfully for keyword: other
2025-09-19 21:28:11 | INFO | Processed JSON message: {'message': 'I just saw a story! It was exciting.', 'author': 'Bob', 'timestamp': '2025-09-19 21:28:11', 'category': 'other', 'sentiment': 0.87, 'keyword_mentioned': 'other', 'message_length': 36}
2025-09-19 21:28:11 | INFO | Message received - Keyword: other, Sentiment: 0.87
2025-09-19 21:28:11 | INFO | Updated keyword sentiment averages: {'movie': 0.4, 'game': 0.42, 'recipe': 0.04, 'other': 0.59, 'travel': 0.68, 'meme': 0.03, 'Python': 0.08, 'JavaScript': 0.4}
2025-09-19 21:28:11 | INFO | Updated keyword counts: {'movie': 3, 'game': 4, 'recipe': 2, 'other': 8, 'travel': 2, 'meme': 1, 'Python': 2, 'JavaScript': 1}
2025-09-19 21:28:12 | INFO | Chart updated successfully for keyword: other
2025-09-19 21:28:16 | INFO | Processed JSON message: {'message': 'I just loved a story! It was weird.', 'author': 'Bob', 'timestamp': '2025-09-19 21:28:16', 'category': 'other', 'sentiment': 0.76, 'keyword_mentioned': 'other', 'message_length': 35}
2025-09-19 21:28:16 | INFO | Message received - Keyword: other, Sentiment: 0.76
2025-09-19 21:28:16 | INFO | Updated keyword sentiment averages: {'movie': 0.4, 'game': 0.42, 'recipe': 0.04, 'other': 0.61, 'travel': 0.68, 'meme': 0.03, 'Python': 0.08, 'JavaScript': 0.4}
2025-09-19 21:28:16 | INFO | Updated keyword counts: {'movie': 3, 'game': 4, 'recipe': 2, 'other': 9, 'travel': 2, 'meme': 1, 'Python': 2, 'JavaScript': 1}
2025-09-19 21:28:17 | INFO | Chart updated successfully for keyword: other
2025-09-19 21:28:21 | INFO | Processed JSON message: {'message': 'I just loved an app! It was amazing.', 'author': 'Alice', 'timestamp': '2025-09-19 21:28:21', 'category': 'other', 'sentiment': 0.4, 'keyword_mentioned': 'other', 'message_length': 36}
2025-09-19 21:28:21 | INFO | Message received - Keyword: other, Sentiment: 0.4
2025-09-19 21:28:21 | INFO | Updated keyword sentiment averages: {'movie': 0.4, 'game': 0.42, 'recipe': 0.04, 'other': 0.59, 'travel': 0.68, 'meme': 0.03, 'Python': 0.08, 'JavaScript': 0.4}
2025-09-19 21:28:21 | INFO | Updated keyword counts: {'movie': 3, 'game': 4, 'recipe': 2, 'other': 10, 'travel': 2, 'meme': 1, 'Python': 2, 'JavaScript': 1}
2025-09-19 21:28:22 | INFO | Chart updated successfully for keyword: other
2025-09-19 21:28:26 | INFO | Processed JSON message: {'message': 'I just shared a story! It was weird.', 'author': 'Eve', 'timestamp': '2025-09-19 21:28:26', 'category': 'other', 'sentiment': 0.75, 'keyword_mentioned': 'other', 'message_length': 36}
2025-09-19 21:28:26 | INFO | Message received - Keyword: other, Sentiment: 0.75
2025-09-19 21:28:26 | INFO | Updated keyword sentiment averages: {'movie': 0.4, 'game': 0.42, 'recipe': 0.04, 'other': 0.6, 'travel': 0.68, 'meme': 0.03, 'Python': 0.08, 'JavaScript': 0.4}
2025-09-19 21:28:26 | INFO | Updated keyword counts: {'movie': 3, 'game': 4, 'recipe': 2, 'other': 11, 'travel': 2, 'meme': 1, 'Python': 2, 'JavaScript': 1}
2025-09-19 21:28:27 | INFO | Chart updated successfully for keyword: other
2025-09-19 21:28:31 | INFO | Processed JSON message: {'message': 'I just shared recipe! It was weird.', 'author': 'Eve', 'timestamp': '2025-09-19 21:28:31', 'category': 'food', 'sentiment': 0.3, 'keyword_mentioned': 'recipe', 'message_length': 35}
2025-09-19 21:28:31 | INFO | Message received - Keyword: recipe, Sentiment: 0.3
2025-09-19 21:28:31 | INFO | Updated keyword sentiment averages: {'movie': 0.4, 'game': 0.42, 'recipe': 0.12, 'other': 0.6, 'travel': 0.68, 'meme': 0.03, 'Python': 0.08, 'JavaScript': 0.4}
2025-09-19 21:28:31 | INFO | Updated keyword counts: {'movie': 3, 'game': 4, 'recipe': 3, 'other': 11, 'travel': 2, 'meme': 1, 'Python': 2, 'JavaScript': 1}
2025-09-19 21:28:32 | INFO | Chart updated successfully for keyword: recipe
2025-09-19 21:28:36 | INFO | Processed JSON message: {'message': 'I just found travel! It was weird.', 'author': 'Bob', 'timestamp': '2025-09-19 21:28:36', 'category': 'travel', 'sentiment': 0.51, 'keyword_mentioned': 'travel', 'message_length': 34}
2025-09-19 21:28:36 | INFO | Message received - Keyword: travel, Sentiment: 0.51
2025-09-19 21:28:36 | INFO | Updated keyword sentiment averages: {'movie': 0.4, 'game': 0.42, 'recipe': 0.12, 'other': 0.6, 'travel': 0.62, 'meme': 0.03, 'Python': 0.08, 'JavaScript': 0.4}
2025-09-19 21:28:36 | INFO | Updated keyword counts: {'movie': 3, 'game': 4, 'recipe': 3, 'other': 11, 'travel': 3, 'meme': 1, 'Python': 2, 'JavaScript': 1}
2025-09-19 21:28:37 | INFO | Chart updated successfully for keyword: travel
2025-09-19 21:28:41 | INFO | Processed JSON message: {'message': 'I just loved a meme! It was exciting.', 'author': 'Eve', 'timestamp': '2025-09-19 21:28:41', 'category': 'humor', 'sentiment': 0.78, 'keyword_mentioned': 'meme', 'message_length': 37}
2025-09-19 21:28:41 | INFO | Message received - Keyword: meme, Sentiment: 0.78
2025-09-19 21:28:41 | INFO | Updated keyword sentiment averages: {'movie': 0.4, 'game': 0.42, 'recipe': 0.12, 'other': 0.6, 'travel': 0.62, 'meme': 0.41, 'Python': 0.08, 'JavaScript': 0.4}
2025-09-19 21:28:41 | INFO | Updated keyword counts: {'movie': 3, 'game': 4, 'recipe': 3, 'other': 11, 'travel': 3, 'meme': 2, 'Python': 2, 'JavaScript': 1}
2025-09-19 21:28:42 | INFO | Chart updated successfully for keyword: meme
2025-09-19 21:28:46 | INFO | Processed JSON message: {'message': 'I just tried travel! It was amazing.', 'author': 'Alice', 'timestamp': '2025-09-19 21:28:46', 'category': 'travel', 'sentiment': 0.4, 'keyword_mentioned': 'travel', 'message_length': 36}
2025-09-19 21:28:46 | INFO | Message received - Keyword: travel, Sentiment: 0.4
2025-09-19 21:28:46 | INFO | Updated keyword sentiment averages: {'movie': 0.4, 'game': 0.42, 'recipe': 0.12, 'other': 0.6, 'travel': 0.56, 'meme': 0.41, 'Python': 0.08, 'JavaScript': 0.4}
2025-09-19 21:28:46 | INFO | Updated keyword counts: {'movie': 3, 'game': 4, 'recipe': 3, 'other': 11, 'travel': 4, 'meme': 2, 'Python': 2, 'JavaScript': 1}
2025-09-19 21:28:47 | INFO | Chart updated successfully for keyword: travel
2025-09-19 21:28:51 | INFO | Processed JSON message: {'message': 'I just loved a movie! It was boring.', 'author': 'Eve', 'timestamp': '2025-09-19 21:28:51', 'category': 'entertainment', 'sentiment': 0.66, 'keyword_mentioned': 'movie', 'message_length': 36}
2025-09-19 21:28:51 | INFO | Message received - Keyword: movie, Sentiment: 0.66
2025-09-19 21:28:51 | INFO | Updated keyword sentiment averages: {'movie': 0.47, 'game': 0.42, 'recipe': 0.12, 'other': 0.6, 'travel': 0.56, 'meme': 0.41, 'Python': 0.08, 'JavaScript': 0.4}
2025-09-19 21:28:51 | INFO | Updated keyword counts: {'movie': 4, 'game': 4, 'recipe': 3, 'other': 11, 'travel': 4, 'meme': 2, 'Python': 2, 'JavaScript': 1}
2025-09-19 21:28:52 | INFO | Chart updated successfully for keyword: movie
2025-09-19 21:28:56 | INFO | Processed JSON message: {'message': 'I just loved a trick! It was funny.', 'author': 'Charlie', 'timestamp': '2025-09-19 21:28:56', 'category': 'other', 'sentiment': 0.45, 'keyword_mentioned': 'other', 'message_length': 35}
2025-09-19 21:28:56 | INFO | Message received - Keyword: other, Sentiment: 0.45
2025-09-19 21:28:56 | INFO | Updated keyword sentiment averages: {'movie': 0.47, 'game': 0.42, 'recipe': 0.12, 'other': 0.59, 'travel': 0.56, 'meme': 0.41, 'Python': 0.08, 'JavaScript': 0.4}
2025-09-19 21:28:56 | INFO | Updated keyword counts: {'movie': 4, 'game': 4, 'recipe': 3, 'other': 12, 'travel': 4, 'meme': 2, 'Python': 2, 'JavaScript': 1}
2025-09-19 21:28:57 | INFO | Chart updated successfully for keyword: other
2025-09-19 21:29:01 | INFO | Processed JSON message: {'message': 'I just saw a movie! It was funny.', 'author': 'Alice', 'timestamp': '2025-09-19 21:29:01', 'category': 'entertainment', 'sentiment': 0.33, 'keyword_mentioned': 'movie', 'message_length': 33}
2025-09-19 21:29:01 | INFO | Message received - Keyword: movie, Sentiment: 0.33
2025-09-19 21:29:01 | INFO | Updated keyword sentiment averages: {'movie': 0.44, 'game': 0.42, 'recipe': 0.12, 'other': 0.59, 'travel': 0.56, 'meme': 0.41, 'Python': 0.08, 'JavaScript': 0.4}
2025-09-19 21:29:01 | INFO | Updated keyword counts: {'movie': 5, 'game': 4, 'recipe': 3, 'other': 12, 'travel': 4, 'meme': 2, 'Python': 2, 'JavaScript': 1}
2025-09-19 21:29:02 | INFO | Chart updated successfully for keyword: movie
2025-09-19 21:29:06 | INFO | Processed JSON message: {'message': 'I just found game! It was amazing.', 'author': 'Alice', 'timestamp': '2025-09-19 21:29:06', 'category': 'gaming', 'sentiment': 0.03, 'keyword_mentioned': 'game', 'message_length': 34}
2025-09-19 21:29:06 | INFO | Message received - Keyword: game, Sentiment: 0.03
2025-09-19 21:29:06 | INFO | Updated keyword sentiment averages: {'movie': 0.44, 'game': 0.34, 'recipe': 0.12, 'other': 0.59, 'travel': 0.56, 'meme': 0.41, 'Python': 0.08, 'JavaScript': 0.4}
2025-09-19 21:29:06 | INFO | Updated keyword counts: {'movie': 5, 'game': 5, 'recipe': 3, 'other': 12, 'travel': 4, 'meme': 2, 'Python': 2, 'JavaScript': 1}
2025-09-19 21:29:07 | INFO | Chart updated successfully for keyword: game
2025-09-19 21:29:11 | INFO | Processed JSON message: {'message': 'I just found a story! It was funny.', 'author': 'Charlie', 'timestamp': '2025-09-19 21:29:11', 'category': 'other', 'sentiment': 0.02, 'keyword_mentioned': 'other', 'message_length': 35}
2025-09-19 21:29:11 | INFO | Message received - Keyword: other, Sentiment: 0.02
2025-09-19 21:29:11 | INFO | Updated keyword sentiment averages: {'movie': 0.44, 'game': 0.34, 'recipe': 0.12, 'other': 0.54, 'travel': 0.56, 'meme': 0.41, 'Python': 0.08, 'JavaScript': 0.4}
2025-09-19 21:29:11 | INFO | Updated keyword counts: {'movie': 5, 'game': 5, 'recipe': 3, 'other': 13, 'travel': 4, 'meme': 2, 'Python': 2, 'JavaScript': 1}
2025-09-19 21:29:12 | INFO | Chart updated successfully for keyword: other
2025-09-19 21:29:16 | INFO | Processed JSON message: {'message': 'I just saw Python! It was exciting.', 'author': 'Eve', 'timestamp': '2025-09-19 21:29:16', 'category': 'tech', 'sentiment': 0.4, 'keyword_mentioned': 'Python', 'message_length': 35}
2025-09-19 21:29:16 | INFO | Message received - Keyword: Python, Sentiment: 0.4
2025-09-19 21:29:16 | INFO | Updated keyword sentiment averages: {'movie': 0.44, 'game': 0.34, 'recipe': 0.12, 'other': 0.54, 'travel': 0.56, 'meme': 0.41, 'Python': 0.19, 'JavaScript': 0.4}
2025-09-19 21:29:16 | INFO | Updated keyword counts: {'movie': 5, 'game': 5, 'recipe': 3, 'other': 13, 'travel': 4, 'meme': 2, 'Python': 3, 'JavaScript': 1}
2025-09-19 21:29:17 | INFO | Chart updated successfully for keyword: Python
2025-09-19 21:29:22 | INFO | Processed JSON message: {'message': 'I just found recipe! It was funny.', 'author': 'Bob', 'timestamp': '2025-09-19 21:29:21', 'category': 'food', 'sentiment': 0.08, 'keyword_mentioned': 'recipe', 'message_length': 34}
2025-09-19 21:29:22 | INFO | Message received - Keyword: recipe, Sentiment: 0.08
2025-09-19 21:29:22 | INFO | Updated keyword sentiment averages: {'movie': 0.44, 'game': 0.34, 'recipe': 0.11, 'other': 0.54, 'travel': 0.56, 'meme': 0.41, 'Python': 0.19, 'JavaScript': 0.4}
2025-09-19 21:29:22 | INFO | Updated keyword counts: {'movie': 5, 'game': 5, 'recipe': 4, 'other': 13, 'travel': 4, 'meme': 2, 'Python': 3, 'JavaScript': 1}
2025-09-19 21:29:22 | INFO | Chart updated successfully for keyword: recipe
2025-09-19 21:29:27 | INFO | Processed JSON message: {'message': 'I just shared travel! It was exciting.', 'author': 'Alice', 'timestamp': '2025-09-19 21:29:26', 'category': 'travel', 'sentiment': 0.37, 'keyword_mentioned': 'travel', 'message_length': 38}
2025-09-19 21:29:27 | INFO | Message received - Keyword: travel, Sentiment: 0.37
2025-09-19 21:29:27 | INFO | Updated keyword sentiment averages: {'movie': 0.44, 'game': 0.34, 'recipe': 0.11, 'other': 0.54, 'travel': 0.53, 'meme': 0.41, 'Python': 0.19, 'JavaScript': 0.4}
2025-09-19 21:29:27 | INFO | Updated keyword counts: {'movie': 5, 'game': 5, 'recipe': 4, 'other': 13, 'travel': 5, 'meme': 2, 'Python': 3, 'JavaScript': 1}
2025-09-19 21:29:27 | INFO | Chart updated successfully for keyword: travel
2025-09-19 21:29:32 | INFO | Processed JSON message: {'message': 'I just tried recipe! It was amazing.', 'author': 'Charlie', 'timestamp': '2025-09-19 21:29:32', 'category': 'food', 'sentiment': 0.81, 'keyword_mentioned': 'recipe', 'message_length': 36}
2025-09-19 21:29:32 | INFO | Message received - Keyword: recipe, Sentiment: 0.81
2025-09-19 21:29:32 | INFO | Updated keyword sentiment averages: {'movie': 0.44, 'game': 0.34, 'recipe': 0.25, 'other': 0.54, 'travel': 0.53, 'meme': 0.41, 'Python': 0.19, 'JavaScript': 0.4}
2025-09-19 21:29:32 | INFO | Updated keyword counts: {'movie': 5, 'game': 5, 'recipe': 5, 'other': 13, 'travel': 5, 'meme': 2, 'Python': 3, 'JavaScript': 1}
2025-09-19 21:29:32 | INFO | Chart updated successfully for keyword: recipe
2025-09-19 21:29:37 | INFO | Processed JSON message: {'message': 'I just tried recipe! It was weird.', 'author': 'Bob', 'timestamp': '2025-09-19 21:29:37', 'category': 'food', 'sentiment': 0.76, 'keyword_mentioned': 'recipe', 'message_length': 34}
2025-09-19 21:29:37 | INFO | Message received - Keyword: recipe, Sentiment: 0.76
2025-09-19 21:29:37 | INFO | Updated keyword sentiment averages: {'movie': 0.44, 'game': 0.34, 'recipe': 0.34, 'other': 0.54, 'travel': 0.53, 'meme': 0.41, 'Python': 0.19, 'JavaScript': 0.4}
2025-09-19 21:29:37 | INFO | Updated keyword counts: {'movie': 5, 'game': 5, 'recipe': 6, 'other': 13, 'travel': 5, 'meme': 2, 'Python': 3, 'JavaScript': 1}
2025-09-19 21:29:37 | INFO | Chart updated successfully for keyword: recipe
2025-09-19 21:29:42 | INFO | Processed JSON message: {'message': 'I just tried a trick! It was boring.', 'author': 'Eve', 'timestamp': '2025-09-19 21:29:42', 'category': 'other', 'sentiment': 0.26, 'keyword_mentioned': 'other', 'message_length': 36}
2025-09-19 21:29:42 | INFO | Message received - Keyword: other, Sentiment: 0.26
2025-09-19 21:29:42 | INFO | Updated keyword sentiment averages: {'movie': 0.44, 'game': 0.34, 'recipe': 0.34, 'other': 0.52, 'travel': 0.53, 'meme': 0.41, 'Python': 0.19, 'JavaScript': 0.4}
2025-09-19 21:29:42 | INFO | Updated keyword counts: {'movie': 5, 'game': 5, 'recipe': 6, 'other': 14, 'travel': 5, 'meme': 2, 'Python': 3, 'JavaScript': 1}
2025-09-19 21:29:42 | INFO | Chart updated successfully for keyword: other
2025-09-19 21:29:47 | INFO | Processed JSON message: {'message': 'I just shared recipe! It was funny.', 'author': 'Bob', 'timestamp': '2025-09-19 21:29:47', 'category': 'food', 'sentiment': 0.71, 'keyword_mentioned': 'recipe', 'message_length': 35}
2025-09-19 21:29:47 | INFO | Message received - Keyword: recipe, Sentiment: 0.71
2025-09-19 21:29:47 | INFO | Updated keyword sentiment averages: {'movie': 0.44, 'game': 0.34, 'recipe': 0.39, 'other': 0.52, 'travel': 0.53, 'meme': 0.41, 'Python': 0.19, 'JavaScript': 0.4}
2025-09-19 21:29:47 | INFO | Updated keyword counts: {'movie': 5, 'game': 5, 'recipe': 7, 'other': 14, 'travel': 5, 'meme': 2, 'Python': 3, 'JavaScript': 1}
2025-09-19 21:29:47 | INFO | Chart updated successfully for keyword: recipe
2025-09-19 21:29:52 | INFO | Processed JSON message: {'message': 'I just shared JavaScript! It was weird.', 'author': 'Bob', 'timestamp': '2025-09-19 21:29:52', 'category': 'tech', 'sentiment': 0.61, 'keyword_mentioned': 'JavaScript', 'message_length': 39}
2025-09-19 21:29:52 | INFO | Message received - Keyword: JavaScript, Sentiment: 0.61
2025-09-19 21:29:52 | INFO | Updated keyword sentiment averages: {'movie': 0.44, 'game': 0.34, 'recipe': 0.39, 'other': 0.52, 'travel': 0.53, 'meme': 0.41, 'Python': 0.19, 'JavaScript': 0.51}
2025-09-19 21:29:52 | INFO | Updated keyword counts: {'movie': 5, 'game': 5, 'recipe': 7, 'other': 14, 'travel': 5, 'meme': 2, 'Python': 3, 'JavaScript': 2}
2025-09-19 21:29:52 | INFO | Chart updated successfully for keyword: JavaScript
2025-09-19 21:29:57 | INFO | Processed JSON message: {'message': 'I just shared a trick! It was weird.', 'author': 'Alice', 'timestamp': '2025-09-19 21:29:57', 'category': 'other', 'sentiment': 0.3, 'keyword_mentioned': 'other', 'message_length': 36}
2025-09-19 21:29:57 | INFO | Message received - Keyword: other, Sentiment: 0.3
2025-09-19 21:29:57 | INFO | Updated keyword sentiment averages: {'movie': 0.44, 'game': 0.34, 'recipe': 0.39, 'other': 0.51, 'travel': 0.53, 'meme': 0.41, 'Python': 0.19, 'JavaScript': 0.51}
2025-09-19 21:29:57 | INFO | Updated keyword counts: {'movie': 5, 'game': 5, 'recipe': 7, 'other': 15, 'travel': 5, 'meme': 2, 'Python': 3, 'JavaScript': 2}
2025-09-19 21:29:57 | INFO | Chart updated successfully for keyword: other
2025-09-19 21:30:02 | INFO | Processed JSON message: {'message': 'I just saw game! It was funny.', 'author': 'Alice', 'timestamp': '2025-09-19 21:30:02', 'category': 'gaming', 'sentiment': 0.66, 'keyword_mentioned': 'game', 'message_length': 30}
2025-09-19 21:30:02 | INFO | Message received - Keyword: game, Sentiment: 0.66
2025-09-19 21:30:02 | INFO | Updated keyword sentiment averages: {'movie': 0.44, 'game': 0.4, 'recipe': 0.39, 'other': 0.51, 'travel': 0.53, 'meme': 0.41, 'Python': 0.19, 'JavaScript': 0.51}
2025-09-19 21:30:02 | INFO | Updated keyword counts: {'movie': 5, 'game': 6, 'recipe': 7, 'other': 15, 'travel': 5, 'meme': 2, 'Python': 3, 'JavaScript': 2}
2025-09-19 21:30:02 | INFO | Chart updated successfully for keyword: game
2025-09-19 21:30:07 | INFO | Processed JSON message: {'message': 'I just loved game! It was exciting.', 'author': 'Bob', 'timestamp': '2025-09-19 21:30:07', 'category': 'gaming', 'sentiment': 0.3, 'keyword_mentioned': 'game', 'message_length': 35}
2025-09-19 21:30:07 | INFO | Message received - Keyword: game, Sentiment: 0.3
2025-09-19 21:30:07 | INFO | Updated keyword sentiment averages: {'movie': 0.44, 'game': 0.38, 'recipe': 0.39, 'other': 0.51, 'travel': 0.53, 'meme': 0.41, 'Python': 0.19, 'JavaScript': 0.51}
2025-09-19 21:30:07 | INFO | Updated keyword counts: {'movie': 5, 'game': 7, 'recipe': 7, 'other': 15, 'travel': 5, 'meme': 2, 'Python': 3, 'JavaScript': 2}
2025-09-19 21:30:07 | INFO | Chart updated successfully for keyword: game
2025-09-19 21:30:12 | INFO | Processed JSON message: {'message': 'I just saw recipe! It was boring.', 'author': 'Eve', 'timestamp': '2025-09-19 21:30:12', 'category': 'food', 'sentiment': 0.7, 'keyword_mentioned': 'recipe', 'message_length': 33}
2025-09-19 21:30:12 | INFO | Message received - Keyword: recipe, Sentiment: 0.7
2025-09-19 21:30:12 | INFO | Updated keyword sentiment averages: {'movie': 0.44, 'game': 0.38, 'recipe': 0.43, 'other': 0.51, 'travel': 0.53, 'meme': 0.41, 'Python': 0.19, 'JavaScript': 0.51}
2025-09-19 21:30:12 | INFO | Updated keyword counts: {'movie': 5, 'game': 7, 'recipe': 8, 'other': 15, 'travel': 5, 'meme': 2, 'Python': 3, 'JavaScript': 2}
2025-09-19 21:30:12 | INFO | Chart updated successfully for keyword: recipe
2025-09-19 21:30:17 | INFO | Processed JSON message: {'message': 'I just loved a meme! It was funny.', 'author': 'Bob', 'timestamp': '2025-09-19 21:30:17', 'category': 'humor', 'sentiment': 0.52, 'keyword_mentioned': 'meme', 'message_length': 34}
2025-09-19 21:30:17 | INFO | Message received - Keyword: meme, Sentiment: 0.52
2025-09-19 21:30:17 | INFO | Updated keyword sentiment averages: {'movie': 0.44, 'game': 0.38, 'recipe': 0.43, 'other': 0.51, 'travel': 0.53, 'meme': 0.44, 'Python': 0.19, 'JavaScript': 0.51}
2025-09-19 21:30:17 | INFO | Updated keyword counts: {'movie': 5, 'game': 7, 'recipe': 8, 'other': 15, 'travel': 5, 'meme': 3, 'Python': 3, 'JavaScript': 2}
2025-09-19 21:30:17 | INFO | Chart updated successfully for keyword: meme
2025-09-19 21:30:22 | INFO | Processed JSON message: {'message': 'I just loved game! It was exciting.', 'author': 'Bob', 'timestamp': '2025-09-19 21:30:22', 'category': 'gaming', 'sentiment': 0.12, 'keyword_mentioned': 'game', 'message_length': 35}
2025-09-19 21:30:22 | INFO | Message received - Keyword: game, Sentiment: 0.12
2025-09-19 21:30:22 | INFO | Updated keyword sentiment averages: {'movie': 0.44, 'game': 0.35, 'recipe': 0.43, 'other': 0.51, 'travel': 0.53, 'meme': 0.44, 'Python': 0.19, 'JavaScript': 0.51}
2025-09-19 21:30:22 | INFO | Updated keyword counts: {'movie': 5, 'game': 8, 'recipe': 8, 'other': 15, 'travel': 5, 'meme': 3, 'Python': 3, 'JavaScript': 2}
2025-09-19 21:30:22 | INFO | Chart updated successfully for keyword: game
2025-09-19 21:30:27 | INFO | Processed JSON message: {'message': 'I just shared JavaScript! It was exciting.', 'author': 'Eve', 'timestamp': '2025-09-19 21:30:27', 'category': 'tech', 'sentiment': 0.81, 'keyword_mentioned': 'JavaScript', 'message_length': 42}
2025-09-19 21:30:27 | INFO | Message received - Keyword: JavaScript, Sentiment: 0.81
2025-09-19 21:30:27 | INFO | Updated keyword sentiment averages: {'movie': 0.44, 'game': 0.35, 'recipe': 0.43, 'other': 0.51, 'travel': 0.53, 'meme': 0.44, 'Python': 0.19, 'JavaScript': 0.61}
2025-09-19 21:30:27 | INFO | Updated keyword counts: {'movie': 5, 'game': 8, 'recipe': 8, 'other': 15, 'travel': 5, 'meme': 3, 'Python': 3, 'JavaScript': 3}
2025-09-19 21:30:27 | INFO | Chart updated successfully for keyword: JavaScript
2025-09-19 21:30:32 | INFO | Processed JSON message: {'message': 'I just tried a story! It was funny.', 'author': 'Charlie', 'timestamp': '2025-09-19 21:30:32', 'category': 'other', 'sentiment': 0.81, 'keyword_mentioned': 'other', 'message_length': 35}
2025-09-19 21:30:32 | INFO | Message received - Keyword: other, Sentiment: 0.81
2025-09-19 21:30:32 | INFO | Updated keyword sentiment averages: {'movie': 0.44, 'game': 0.35, 'recipe': 0.43, 'other': 0.53, 'travel': 0.53, 'meme': 0.44, 'Python': 0.19, 'JavaScript': 0.61}
2025-09-19 21:30:32 | INFO | Updated keyword counts: {'movie': 5, 'game': 8, 'recipe': 8, 'other': 16, 'travel': 5, 'meme': 3, 'Python': 3, 'JavaScript': 3}
2025-09-19 21:30:32 | INFO | Chart updated successfully for keyword: other
2025-09-19 21:30:37 | INFO | Processed JSON message: {'message': 'I just shared JavaScript! It was boring.', 'author': 'Charlie', 'timestamp': '2025-09-19 21:30:37', 'category': 'tech', 'sentiment': 0.65, 'keyword_mentioned': 'JavaScript', 'message_length': 40}
2025-09-19 21:30:37 | INFO | Message received - Keyword: JavaScript, Sentiment: 0.65
2025-09-19 21:30:37 | INFO | Updated keyword sentiment averages: {'movie': 0.44, 'game': 0.35, 'recipe': 0.43, 'other': 0.53, 'travel': 0.53, 'meme': 0.44, 'Python': 0.19, 'JavaScript': 0.62}
2025-09-19 21:30:37 | INFO | Updated keyword counts: {'movie': 5, 'game': 8, 'recipe': 8, 'other': 16, 'travel': 5, 'meme': 3, 'Python': 3, 'JavaScript': 4}
2025-09-19 21:30:37 | INFO | Chart updated successfully for keyword: JavaScript
2025-09-19 21:30:42 | INFO | Processed JSON message: {'message': 'I just shared a trick! It was exciting.', 'author': 'Charlie', 'timestamp': '2025-09-19 21:30:42', 'category': 'other', 'sentiment': 0.32, 'keyword_mentioned': 'other', 'message_length': 39}
2025-09-19 21:30:42 | INFO | Message received - Keyword: other, Sentiment: 0.32
2025-09-19 21:30:42 | INFO | Updated keyword sentiment averages: {'movie': 0.44, 'game': 0.35, 'recipe': 0.43, 'other': 0.52, 'travel': 0.53, 'meme': 0.44, 'Python': 0.19, 'JavaScript': 0.62}
2025-09-19 21:30:42 | INFO | Updated keyword counts: {'movie': 5, 'game': 8, 'recipe': 8, 'other': 17, 'travel': 5, 'meme': 3, 'Python': 3, 'JavaScript': 4}
2025-09-19 21:30:42 | INFO | Chart updated successfully for keyword: other
2025-09-19 21:30:47 | INFO | Processed JSON message: {'message': 'I just shared Python! It was boring.', 'author': 'Eve', 'timestamp': '2025-09-19 21:30:47', 'category': 'tech', 'sentiment': 0.92, 'keyword_mentioned': 'Python', 'message_length': 36}
2025-09-19 21:30:47 | INFO | Message received - Keyword: Python, Sentiment: 0.92
2025-09-19 21:30:47 | INFO | Updated keyword sentiment averages: {'movie': 0.44, 'game': 0.35, 'recipe': 0.43, 'other': 0.52, 'travel': 0.53, 'meme': 0.44, 'Python': 0.37, 'JavaScript': 0.62}
2025-09-19 21:30:47 | INFO | Updated keyword counts: {'movie': 5, 'game': 8, 'recipe': 8, 'other': 17, 'travel': 5, 'meme': 3, 'Python': 4, 'JavaScript': 4}
2025-09-19 21:30:47 | INFO | Chart updated successfully for keyword: Python
2025-09-19 21:30:52 | INFO | Processed JSON message: {'message': 'I just found travel! It was weird.', 'author': 'Alice', 'timestamp': '2025-09-19 21:30:52', 'category': 'travel', 'sentiment': 0.31, 'keyword_mentioned': 'travel', 'message_length': 34}
2025-09-19 21:30:52 | INFO | Message received - Keyword: travel, Sentiment: 0.31
2025-09-19 21:30:52 | INFO | Updated keyword sentiment averages: {'movie': 0.44, 'game': 0.35, 'recipe': 0.43, 'other': 0.52, 'travel': 0.49, 'meme': 0.44, 'Python': 0.37, 'JavaScript': 0.62}
2025-09-19 21:30:52 | INFO | Updated keyword counts: {'movie': 5, 'game': 8, 'recipe': 8, 'other': 17, 'travel': 6, 'meme': 3, 'Python': 4, 'JavaScript': 4}
2025-09-19 21:30:52 | INFO | Chart updated successfully for keyword: travel
2025-09-19 21:30:57 | INFO | Processed JSON message: {'message': 'I just found a trick! It was exciting.', 'author': 'Bob', 'timestamp': '2025-09-19 21:30:57', 'category': 'other', 'sentiment': 0.63, 'keyword_mentioned': 'other', 'message_length': 38}
2025-09-19 21:30:57 | INFO | Message received - Keyword: other, Sentiment: 0.63
2025-09-19 21:30:57 | INFO | Updated keyword sentiment averages: {'movie': 0.44, 'game': 0.35, 'recipe': 0.43, 'other': 0.52, 'travel': 0.49, 'meme': 0.44, 'Python': 0.37, 'JavaScript': 0.62}
2025-09-19 21:30:57 | INFO | Updated keyword counts: {'movie': 5, 'game': 8, 'recipe': 8, 'other': 18, 'travel': 6, 'meme': 3, 'Python': 4, 'JavaScript': 4}
2025-09-19 21:30:57 | INFO | Chart updated successfully for keyword: other
2025-09-19 21:31:02 | INFO | Processed JSON message: {'message': 'I just found a movie! It was weird.', 'author': 'Eve', 'timestamp': '2025-09-19 21:31:02', 'category': 'entertainment', 'sentiment': 0.43, 'keyword_mentioned': 'movie', 'message_length': 35}
2025-09-19 21:31:02 | INFO | Message received - Keyword: movie, Sentiment: 0.43
2025-09-19 21:31:02 | INFO | Updated keyword sentiment averages: {'movie': 0.44, 'game': 0.35, 'recipe': 0.43, 'other': 0.52, 'travel': 0.49, 'meme': 0.44, 'Python': 0.37, 'JavaScript': 0.62}
2025-09-19 21:31:02 | INFO | Updated keyword counts: {'movie': 6, 'game': 8, 'recipe': 8, 'other': 18, 'travel': 6, 'meme': 3, 'Python': 4, 'JavaScript': 4}
2025-09-19 21:31:02 | INFO | Chart updated successfully for keyword: movie
2025-09-19 21:31:07 | INFO | Processed JSON message: {'message': 'I just tried game! It was funny.', 'author': 'Bob', 'timestamp': '2025-09-19 21:31:07', 'category': 'gaming', 'sentiment': 0.69, 'keyword_mentioned': 'game', 'message_length': 32}
2025-09-19 21:31:07 | INFO | Message received - Keyword: game, Sentiment: 0.69
2025-09-19 21:31:07 | INFO | Updated keyword sentiment averages: {'movie': 0.44, 'game': 0.39, 'recipe': 0.43, 'other': 0.52, 'travel': 0.49, 'meme': 0.44, 'Python': 0.37, 'JavaScript': 0.62}
2025-09-19 21:31:07 | INFO | Updated keyword counts: {'movie': 6, 'game': 9, 'recipe': 8, 'other': 18, 'travel': 6, 'meme': 3, 'Python': 4, 'JavaScript': 4}
2025-09-19 21:31:07 | INFO | Chart updated successfully for keyword: game
2025-09-19 21:31:12 | INFO | Processed JSON message: {'message': 'I just shared an app! It was funny.', 'author': 'Alice', 'timestamp': '2025-09-19 21:31:12', 'category': 'other', 'sentiment': 0.59, 'keyword_mentioned': 'other', 'message_length': 35}
2025-09-19 21:31:12 | INFO | Message received - Keyword: other, Sentiment: 0.59
2025-09-19 21:31:12 | INFO | Updated keyword sentiment averages: {'movie': 0.44, 'game': 0.39, 'recipe': 0.43, 'other': 0.53, 'travel': 0.49, 'meme': 0.44, 'Python': 0.37, 'JavaScript': 0.62}
2025-09-19 21:31:12 | INFO | Updated keyword counts: {'movie': 6, 'game': 9, 'recipe': 8, 'other': 19, 'travel': 6, 'meme': 3, 'Python': 4, 'JavaScript': 4}
2025-09-19 21:31:12 | INFO | Chart updated successfully for keyword: other
2025-09-19 21:31:17 | INFO | Processed JSON message: {'message': 'I just loved recipe! It was amazing.', 'author': 'Alice', 'timestamp': '2025-09-19 21:31:17', 'category': 'food', 'sentiment': 0.32, 'keyword_mentioned': 'recipe', 'message_length': 36}
2025-09-19 21:31:17 | INFO | Message received - Keyword: recipe, Sentiment: 0.32
2025-09-19 21:31:17 | INFO | Updated keyword sentiment averages: {'movie': 0.44, 'game': 0.39, 'recipe': 0.42, 'other': 0.53, 'travel': 0.49, 'meme': 0.44, 'Python': 0.37, 'JavaScript': 0.62}
2025-09-19 21:31:17 | INFO | Updated keyword counts: {'movie': 6, 'game': 9, 'recipe': 9, 'other': 19, 'travel': 6, 'meme': 3, 'Python': 4, 'JavaScript': 4}
2025-09-19 21:31:17 | INFO | Chart updated successfully for keyword: recipe
2025-09-19 21:31:22 | INFO | Processed JSON message: {'message': 'I just tried an app! It was boring.', 'author': 'Alice', 'timestamp': '2025-09-19 21:31:22', 'category': 'other', 'sentiment': 0.4, 'keyword_mentioned': 'other', 'message_length': 35}
2025-09-19 21:31:22 | INFO | Message received - Keyword: other, Sentiment: 0.4
2025-09-19 21:31:22 | INFO | Updated keyword sentiment averages: {'movie': 0.44, 'game': 0.39, 'recipe': 0.42, 'other': 0.52, 'travel': 0.49, 'meme': 0.44, 'Python': 0.37, 'JavaScript': 0.62}
2025-09-19 21:31:22 | INFO | Updated keyword counts: {'movie': 6, 'game': 9, 'recipe': 9, 'other': 20, 'travel': 6, 'meme': 3, 'Python': 4, 'JavaScript': 4}
2025-09-19 21:31:22 | INFO | Chart updated successfully for keyword: other
2025-09-19 21:31:27 | INFO | Processed JSON message: {'message': 'I just loved a trick! It was exciting.', 'author': 'Charlie', 'timestamp': '2025-09-19 21:31:27', 'category': 'other', 'sentiment': 0.92, 'keyword_mentioned': 'other', 'message_length': 38}
2025-09-19 21:31:27 | INFO | Message received - Keyword: other, Sentiment: 0.92
2025-09-19 21:31:27 | INFO | Updated keyword sentiment averages: {'movie': 0.44, 'game': 0.39, 'recipe': 0.42, 'other': 0.54, 'travel': 0.49, 'meme': 0.44, 'Python': 0.37, 'JavaScript': 0.62}
2025-09-19 21:31:27 | INFO | Updated keyword counts: {'movie': 6, 'game': 9, 'recipe': 9, 'other': 21, 'travel': 6, 'meme': 3, 'Python': 4, 'JavaScript': 4}
2025-09-19 21:31:27 | INFO | Chart updated successfully for keyword: other
2025-09-19 21:31:32 | INFO | Processed JSON message: {'message': 'I just saw JavaScript! It was exciting.', 'author': 'Eve', 'timestamp': '2025-09-19 21:31:32', 'category': 'tech', 'sentiment': 0.32, 'keyword_mentioned': 'JavaScript', 'message_length': 39}
2025-09-19 21:31:32 | INFO | Message received - Keyword: JavaScript, Sentiment: 0.32
2025-09-19 21:31:32 | INFO | Updated keyword sentiment averages: {'movie': 0.44, 'game': 0.39, 'recipe': 0.42, 'other': 0.54, 'travel': 0.49, 'meme': 0.44, 'Python': 0.37, 'JavaScript': 0.56}
2025-09-19 21:31:32 | INFO | Updated keyword counts: {'movie': 6, 'game': 9, 'recipe': 9, 'other': 21, 'travel': 6, 'meme': 3, 'Python': 4, 'JavaScript': 5}
2025-09-19 21:31:32 | INFO | Chart updated successfully for keyword: JavaScript
2025-09-19 21:31:37 | INFO | Processed JSON message: {'message': 'I just tried a trick! It was weird.', 'author': 'Eve', 'timestamp': '2025-09-19 21:31:37', 'category': 'other', 'sentiment': 0.53, 'keyword_mentioned': 'other', 'message_length': 35}
2025-09-19 21:31:37 | INFO | Message received - Keyword: other, Sentiment: 0.53
2025-09-19 21:31:37 | INFO | Updated keyword sentiment averages: {'movie': 0.44, 'game': 0.39, 'recipe': 0.42, 'other': 0.54, 'travel': 0.49, 'meme': 0.44, 'Python': 0.37, 'JavaScript': 0.56}
2025-09-19 21:31:37 | INFO | Updated keyword counts: {'movie': 6, 'game': 9, 'recipe': 9, 'other': 22, 'travel': 6, 'meme': 3, 'Python': 4, 'JavaScript': 5}
2025-09-19 21:31:37 | INFO | Chart updated successfully for keyword: other
2025-09-19 21:31:42 | INFO | Processed JSON message: {'message': 'I just saw JavaScript! It was boring.', 'author': 'Eve', 'timestamp': '2025-09-19 21:31:42', 'category': 'tech', 'sentiment': 0.28, 'keyword_mentioned': 'JavaScript', 'message_length': 37}
2025-09-19 21:31:42 | INFO | Message received - Keyword: JavaScript, Sentiment: 0.28
2025-09-19 21:31:42 | INFO | Updated keyword sentiment averages: {'movie': 0.44, 'game': 0.39, 'recipe': 0.42, 'other': 0.54, 'travel': 0.49, 'meme': 0.44, 'Python': 0.37, 'JavaScript': 0.51}
2025-09-19 21:31:42 | INFO | Updated keyword counts: {'movie': 6, 'game': 9, 'recipe': 9, 'other': 22, 'travel': 6, 'meme': 3, 'Python': 4, 'JavaScript': 6}
2025-09-19 21:31:42 | INFO | Chart updated successfully for keyword: JavaScript
2025-09-19 21:31:47 | INFO | Processed JSON message: {'message': 'I just found recipe! It was exciting.', 'author': 'Charlie', 'timestamp': '2025-09-19 21:31:47', 'category': 'food', 'sentiment': 0.01, 'keyword_mentioned': 'recipe', 'message_length': 37}
2025-09-19 21:31:47 | INFO | Message received - Keyword: recipe, Sentiment: 0.01
2025-09-19 21:31:47 | INFO | Updated keyword sentiment averages: {'movie': 0.44, 'game': 0.39, 'recipe': 0.38, 'other': 0.54, 'travel': 0.49, 'meme': 0.44, 'Python': 0.37, 'JavaScript': 0.51}
2025-09-19 21:31:47 | INFO | Updated keyword counts: {'movie': 6, 'game': 9, 'recipe': 10, 'other': 22, 'travel': 6, 'meme': 3, 'Python': 4, 'JavaScript': 6}
2025-09-19 21:31:47 | INFO | Chart updated successfully for keyword: recipe
2025-09-19 21:31:52 | INFO | Processed JSON message: {'message': 'I just loved a movie! It was exciting.', 'author': 'Eve', 'timestamp': '2025-09-19 21:31:52', 'category': 'entertainment', 'sentiment': 0.04, 'keyword_mentioned': 'movie', 'message_length': 38}
2025-09-19 21:31:52 | INFO | Message received - Keyword: movie, Sentiment: 0.04
2025-09-19 21:31:52 | INFO | Updated keyword sentiment averages: {'movie': 0.38, 'game': 0.39, 'recipe': 0.38, 'other': 0.54, 'travel': 0.49, 'meme': 0.44, 'Python': 0.37, 'JavaScript': 0.51}
2025-09-19 21:31:52 | INFO | Updated keyword counts: {'movie': 7, 'game': 9, 'recipe': 10, 'other': 22, 'travel': 6, 'meme': 3, 'Python': 4, 'JavaScript': 6}
2025-09-19 21:31:52 | INFO | Chart updated successfully for keyword: movie
2025-09-19 21:31:57 | INFO | Processed JSON message: {'message': 'I just loved JavaScript! It was amazing.', 'author': 'Alice', 'timestamp': '2025-09-19 21:31:57', 'category': 'tech', 'sentiment': 0.12, 'keyword_mentioned': 'JavaScript', 'message_length': 40}
2025-09-19 21:31:57 | INFO | Message received - Keyword: JavaScript, Sentiment: 0.12
2025-09-19 21:31:57 | INFO | Updated keyword sentiment averages: {'movie': 0.38, 'game': 0.39, 'recipe': 0.38, 'other': 0.54, 'travel': 0.49, 'meme': 0.44, 'Python': 0.37, 'JavaScript': 0.46}
2025-09-19 21:31:57 | INFO | Updated keyword counts: {'movie': 7, 'game': 9, 'recipe': 10, 'other': 22, 'travel': 6, 'meme': 3, 'Python': 4, 'JavaScript': 7}
2025-09-19 21:31:57 | INFO | Chart updated successfully for keyword: JavaScript
2025-09-19 21:32:02 | INFO | Processed JSON message: {'message': 'I just shared a trick! It was funny.', 'author': 'Eve', 'timestamp': '2025-09-19 21:32:02', 'category': 'other', 'sentiment': 0.79, 'keyword_mentioned': 'other', 'message_length': 36}
2025-09-19 21:32:02 | INFO | Message received - Keyword: other, Sentiment: 0.79
2025-09-19 21:32:02 | INFO | Updated keyword sentiment averages: {'movie': 0.38, 'game': 0.39, 'recipe': 0.38, 'other': 0.55, 'travel': 0.49, 'meme': 0.44, 'Python': 0.37, 'JavaScript': 0.46}
2025-09-19 21:32:02 | INFO | Updated keyword counts: {'movie': 7, 'game': 9, 'recipe': 10, 'other': 23, 'travel': 6, 'meme': 3, 'Python': 4, 'JavaScript': 7}
2025-09-19 21:32:02 | INFO | Chart updated successfully for keyword: other
2025-09-19 21:32:07 | INFO | Processed JSON message: {'message': 'I just loved recipe! It was exciting.', 'author': 'Bob', 'timestamp': '2025-09-19 21:32:07', 'category': 'food', 'sentiment': 0.57, 'keyword_mentioned': 'recipe', 'message_length': 37}
2025-09-19 21:32:07 | INFO | Message received - Keyword: recipe, Sentiment: 0.57
2025-09-19 21:32:07 | INFO | Updated keyword sentiment averages: {'movie': 0.38, 'game': 0.39, 'recipe': 0.39, 'other': 0.55, 'travel': 0.49, 'meme': 0.44, 'Python': 0.37, 'JavaScript': 0.46}
2025-09-19 21:32:07 | INFO | Updated keyword counts: {'movie': 7, 'game': 9, 'recipe': 11, 'other': 23, 'travel': 6, 'meme': 3, 'Python': 4, 'JavaScript': 7}
2025-09-19 21:32:07 | INFO | Chart updated successfully for keyword: recipe
2025-09-19 21:32:12 | INFO | Processed JSON message: {'message': 'I just loved a trick! It was weird.', 'author': 'Charlie', 'timestamp': '2025-09-19 21:32:12', 'category': 'other', 'sentiment': 0.93, 'keyword_mentioned': 'other', 'message_length': 35}
2025-09-19 21:32:12 | INFO | Message received - Keyword: other, Sentiment: 0.93
2025-09-19 21:32:12 | INFO | Updated keyword sentiment averages: {'movie': 0.38, 'game': 0.39, 'recipe': 0.39, 'other': 0.57, 'travel': 0.49, 'meme': 0.44, 'Python': 0.37, 'JavaScript': 0.46}
2025-09-19 21:32:12 | INFO | Updated keyword counts: {'movie': 7, 'game': 9, 'recipe': 11, 'other': 24, 'travel': 6, 'meme': 3, 'Python': 4, 'JavaScript': 7}
2025-09-19 21:32:12 | INFO | Chart updated successfully for keyword: other
2025-09-19 21:32:17 | INFO | Processed JSON message: {'message': 'I just saw a trick! It was exciting.', 'author': 'Charlie', 'timestamp': '2025-09-19 21:32:17', 'category': 'other', 'sentiment': 0.38, 'keyword_mentioned': 'other', 'message_length': 36}
2025-09-19 21:32:17 | INFO | Message received - Keyword: other, Sentiment: 0.38
2025-09-19 21:32:17 | INFO | Updated keyword sentiment averages: {'movie': 0.38, 'game': 0.39, 'recipe': 0.39, 'other': 0.56, 'travel': 0.49, 'meme': 0.44, 'Python': 0.37, 'JavaScript': 0.46}
2025-09-19 21:32:17 | INFO | Updated keyword counts: {'movie': 7, 'game': 9, 'recipe': 11, 'other': 25, 'travel': 6, 'meme': 3, 'Python': 4, 'JavaScript': 7}
2025-09-19 21:32:17 | INFO | Chart updated successfully for keyword: other
2025-09-19 21:32:22 | INFO | Processed JSON message: {'message': 'I just found a story! It was weird.', 'author': 'Charlie', 'timestamp': '2025-09-19 21:32:22', 'category': 'other', 'sentiment': 0.05, 'keyword_mentioned': 'other', 'message_length': 35}
2025-09-19 21:32:22 | INFO | Message received - Keyword: other, Sentiment: 0.05
2025-09-19 21:32:22 | INFO | Updated keyword sentiment averages: {'movie': 0.38, 'game': 0.39, 'recipe': 0.39, 'other': 0.54, 'travel': 0.49, 'meme': 0.44, 'Python': 0.37, 'JavaScript': 0.46}
2025-09-19 21:32:22 | INFO | Updated keyword counts: {'movie': 7, 'game': 9, 'recipe': 11, 'other': 26, 'travel': 6, 'meme': 3, 'Python': 4, 'JavaScript': 7}
2025-09-19 21:32:22 | INFO | Chart updated successfully for keyword: other
2025-09-19 21:32:27 | INFO | Processed JSON message: {'message': 'I just loved game! It was weird.', 'author': 'Charlie', 'timestamp': '2025-09-19 21:32:27', 'category': 'gaming', 'sentiment': 0.76, 'keyword_mentioned': 'game', 'message_length': 32}
2025-09-19 21:32:27 | INFO | Message received - Keyword: game, Sentiment: 0.76
2025-09-19 21:32:27 | INFO | Updated keyword sentiment averages: {'movie': 0.38, 'game': 0.42, 'recipe': 0.39, 'other': 0.54, 'travel': 0.49, 'meme': 0.44, 'Python': 0.37, 'JavaScript': 0.46}
2025-09-19 21:32:27 | INFO | Updated keyword counts: {'movie': 7, 'game': 10, 'recipe': 11, 'other': 26, 'travel': 6, 'meme': 3, 'Python': 4, 'JavaScript': 7}
2025-09-19 21:32:27 | INFO | Chart updated successfully for keyword: game
2025-09-19 21:32:32 | INFO | Processed JSON message: {'message': 'I just tried recipe! It was weird.', 'author': 'Bob', 'timestamp': '2025-09-19 21:32:32', 'category': 'food', 'sentiment': 0.37, 'keyword_mentioned': 'recipe', 'message_length': 34}
2025-09-19 21:32:32 | INFO | Message received - Keyword: recipe, Sentiment: 0.37
2025-09-19 21:32:32 | INFO | Updated keyword sentiment averages: {'movie': 0.38, 'game': 0.42, 'recipe': 0.39, 'other': 0.54, 'travel': 0.49, 'meme': 0.44, 'Python': 0.37, 'JavaScript': 0.46}
2025-09-19 21:32:32 | INFO | Updated keyword counts: {'movie': 7, 'game': 10, 'recipe': 12, 'other': 26, 'travel': 6, 'meme': 3, 'Python': 4, 'JavaScript': 7}
2025-09-19 21:32:32 | INFO | Chart updated successfully for keyword: recipe
2025-09-19 21:32:37 | INFO | Processed JSON message: {'message': 'I just loved an app! It was weird.', 'author': 'Charlie', 'timestamp': '2025-09-19 21:32:37', 'category': 'other', 'sentiment': 0.42, 'keyword_mentioned': 'other', 'message_length': 34}
2025-09-19 21:32:37 | INFO | Message received - Keyword: other, Sentiment: 0.42
2025-09-19 21:32:37 | INFO | Updated keyword sentiment averages: {'movie': 0.38, 'game': 0.42, 'recipe': 0.39, 'other': 0.53, 'travel': 0.49, 'meme': 0.44, 'Python': 0.37, 'JavaScript': 0.46}
2025-09-19 21:32:37 | INFO | Updated keyword counts: {'movie': 7, 'game': 10, 'recipe': 12, 'other': 27, 'travel': 6, 'meme': 3, 'Python': 4, 'JavaScript': 7}
2025-09-19 21:32:37 | INFO | Chart updated successfully for keyword: other
2025-09-19 21:32:42 | INFO | Processed JSON message: {'message': 'I just found a story! It was funny.', 'author': 'Bob', 'timestamp': '2025-09-19 21:32:42', 'category': 'other', 'sentiment': 0.89, 'keyword_mentioned': 'other', 'message_length': 35}
2025-09-19 21:32:42 | INFO | Message received - Keyword: other, Sentiment: 0.89
2025-09-19 21:32:42 | INFO | Updated keyword sentiment averages: {'movie': 0.38, 'game': 0.42, 'recipe': 0.39, 'other': 0.55, 'travel': 0.49, 'meme': 0.44, 'Python': 0.37, 'JavaScript': 0.46}
2025-09-19 21:32:42 | INFO | Updated keyword counts: {'movie': 7, 'game': 10, 'recipe': 12, 'other': 28, 'travel': 6, 'meme': 3, 'Python': 4, 'JavaScript': 7}
2025-09-19 21:32:42 | INFO | Chart updated successfully for keyword: other
2025-09-19 21:32:47 | INFO | Processed JSON message: {'message': 'I just found recipe! It was amazing.', 'author': 'Bob', 'timestamp': '2025-09-19 21:32:47', 'category': 'food', 'sentiment': 0.6, 'keyword_mentioned': 'recipe', 'message_length': 36}
2025-09-19 21:32:47 | INFO | Message received - Keyword: recipe, Sentiment: 0.6
2025-09-19 21:32:47 | INFO | Updated keyword sentiment averages: {'movie': 0.38, 'game': 0.42, 'recipe': 0.41, 'other': 0.55, 'travel': 0.49, 'meme': 0.44, 'Python': 0.37, 'JavaScript': 0.46}
2025-09-19 21:32:47 | INFO | Updated keyword counts: {'movie': 7, 'game': 10, 'recipe': 13, 'other': 28, 'travel': 6, 'meme': 3, 'Python': 4, 'JavaScript': 7}
2025-09-19 21:32:47 | INFO | Chart updated successfully for keyword: recipe
2025-09-19 21:32:52 | INFO | Processed JSON message: {'message': 'I just found a trick! It was weird.', 'author': 'Charlie', 'timestamp': '2025-09-19 21:32:52', 'category': 'other', 'sentiment': 0.66, 'keyword_mentioned': 'other', 'message_length': 35}
2025-09-19 21:32:52 | INFO | Message received - Keyword: other, Sentiment: 0.66
2025-09-19 21:32:52 | INFO | Updated keyword sentiment averages: {'movie': 0.38, 'game': 0.42, 'recipe': 0.41, 'other': 0.55, 'travel': 0.49, 'meme': 0.44, 'Python': 0.37, 'JavaScript': 0.46}
2025-09-19 21:32:52 | INFO | Updated keyword counts: {'movie': 7, 'game': 10, 'recipe': 13, 'other': 29, 'travel': 6, 'meme': 3, 'Python': 4, 'JavaScript': 7}
2025-09-19 21:32:52 | INFO | Chart updated successfully for keyword: other
2025-09-19 21:32:57 | INFO | Processed JSON message: {'message': 'I just found recipe! It was amazing.', 'author': 'Charlie', 'timestamp': '2025-09-19 21:32:57', 'category': 'food', 'sentiment': 0.45, 'keyword_mentioned': 'recipe', 'message_length': 36}
2025-09-19 21:32:57 | INFO | Message received - Keyword: recipe, Sentiment: 0.45
2025-09-19 21:32:57 | INFO | Updated keyword sentiment averages: {'movie': 0.38, 'game': 0.42, 'recipe': 0.41, 'other': 0.55, 'travel': 0.49, 'meme': 0.44, 'Python': 0.37, 'JavaScript': 0.46}
2025-09-19 21:32:57 | INFO | Updated keyword counts: {'movie': 7, 'game': 10, 'recipe': 14, 'other': 29, 'travel': 6, 'meme': 3, 'Python': 4, 'JavaScript': 7}
2025-09-19 21:32:57 | INFO | Chart updated successfully for keyword: recipe
