2025-09-19 21:12:13 | INFO | Processed JSON message: {'message': 'I just found a trick! It was weird.', 'author': 'Eve', 'timestamp': '2025-09-19 21:12:13', 'category': 'other', 'sentiment': 0.95, 'keyword_mentioned': 'other', 'message_length': 35}
2025-09-19 21:12:13 | INFO | Message received - Keyword: other, Sentiment: 0.95
2025-09-19 21:12:13 | INFO | Updated keyword sentiment averages: {'other': 0.5, 'travel': 0.3, 'movie': 0.48, 'Python': 0.48, 'game': 0.23, 'meme': 0.12, 'JavaScript': 0.57}
2025-09-19 21:12:13 | INFO | Updated keyword counts: {'other': 12, 'travel': 2, 'movie': 3, 'Python': 2, 'game': 1, 'meme': 3, 'JavaScript': 1}
2025-09-19 21:12:13 | INFO | Chart updated successfully for keyword: other
2025-09-19 21:12:18 | INFO | Processed JSON message: {'message': 'I just found a meme! It was boring.', 'author': 'Eve', 'timestamp': '2025-09-19 21:12:18', 'category': 'humor', 'sentiment': 0.53, 'keyword_mentioned': 'meme', 'message_length': 35}
2025-09-19 21:12:18 | INFO | Message received - Keyword: meme, Sentiment: 0.53
2025-09-19 21:12:18 | INFO | Updated keyword sentiment averages: {'other': 0.5, 'travel': 0.3, 'movie': 0.48, 'Python': 0.48, 'game': 0.23, 'meme': 0.23, 'JavaScript': 0.57}
2025-09-19 21:12:18 | INFO | Updated keyword counts: {'other': 12, 'travel': 2, 'movie': 3, 'Python': 2, 'game': 1, 'meme': 4, 'JavaScript': 1}
2025-09-19 21:12:18 | INFO | Chart updated successfully for keyword: meme
2025-09-19 21:12:23 | INFO | Processed JSON message: {'message': 'I just found JavaScript! It was exciting.', 'author': 'Eve', 'timestamp': '2025-09-19 21:12:23', 'category': 'tech', 'sentiment': 0.9, 'keyword_mentioned': 'JavaScript', 'message_length': 41}
2025-09-19 21:12:23 | INFO | Message received - Keyword: JavaScript, Sentiment: 0.9
2025-09-19 21:12:23 | INFO | Updated keyword sentiment averages: {'other': 0.5, 'travel': 0.3, 'movie': 0.48, 'Python': 0.48, 'game': 0.23, 'meme': 0.23, 'JavaScript': 0.73}
2025-09-19 21:12:23 | INFO | Updated keyword counts: {'other': 12, 'travel': 2, 'movie': 3, 'Python': 2, 'game': 1, 'meme': 4, 'JavaScript': 2}
2025-09-19 21:12:23 | INFO | Chart updated successfully for keyword: JavaScript
2025-09-19 21:12:28 | INFO | Processed JSON message: {'message': 'I just loved a story! It was weird.', 'author': 'Bob', 'timestamp': '2025-09-19 21:12:28', 'category': 'other', 'sentiment': 0.78, 'keyword_mentioned': 'other', 'message_length': 35}
2025-09-19 21:12:28 | INFO | Message received - Keyword: other, Sentiment: 0.78
2025-09-19 21:12:28 | INFO | Updated keyword sentiment averages: {'other': 0.53, 'travel': 0.3, 'movie': 0.48, 'Python': 0.48, 'game': 0.23, 'meme': 0.23, 'JavaScript': 0.73}
2025-09-19 21:12:28 | INFO | Updated keyword counts: {'other': 13, 'travel': 2, 'movie': 3, 'Python': 2, 'game': 1, 'meme': 4, 'JavaScript': 2}
2025-09-19 21:12:28 | INFO | Chart updated successfully for keyword: other
2025-09-19 21:12:33 | INFO | Processed JSON message: {'message': 'I just loved a movie! It was exciting.', 'author': 'Bob', 'timestamp': '2025-09-19 21:12:33', 'category': 'entertainment', 'sentiment': 1.0, 'keyword_mentioned': 'movie', 'message_length': 38}
2025-09-19 21:12:33 | INFO | Message received - Keyword: movie, Sentiment: 1.0
2025-09-19 21:12:33 | INFO | Updated keyword sentiment averages: {'other': 0.53, 'travel': 0.3, 'movie': 0.61, 'Python': 0.48, 'game': 0.23, 'meme': 0.23, 'JavaScript': 0.73}
2025-09-19 21:12:33 | INFO | Updated keyword counts: {'other': 13, 'travel': 2, 'movie': 4, 'Python': 2, 'game': 1, 'meme': 4, 'JavaScript': 2}
2025-09-19 21:12:33 | INFO | Chart updated successfully for keyword: movie
2025-09-19 21:12:38 | INFO | Processed JSON message: {'message': 'I just found an app! It was funny.', 'author': 'Charlie', 'timestamp': '2025-09-19 21:12:38', 'category': 'other', 'sentiment': 0.07, 'keyword_mentioned': 'other', 'message_length': 34}
2025-09-19 21:12:38 | INFO | Message received - Keyword: other, Sentiment: 0.07
2025-09-19 21:12:38 | INFO | Updated keyword sentiment averages: {'other': 0.49, 'travel': 0.3, 'movie': 0.61, 'Python': 0.48, 'game': 0.23, 'meme': 0.23, 'JavaScript': 0.73}
2025-09-19 21:12:38 | INFO | Updated keyword counts: {'other': 14, 'travel': 2, 'movie': 4, 'Python': 2, 'game': 1, 'meme': 4, 'JavaScript': 2}
2025-09-19 21:12:38 | INFO | Chart updated successfully for keyword: other
2025-09-19 21:12:43 | INFO | Processed JSON message: {'message': 'I just found Python! It was boring.', 'author': 'Bob', 'timestamp': '2025-09-19 21:12:43', 'category': 'tech', 'sentiment': 0.67, 'keyword_mentioned': 'Python', 'message_length': 35}
2025-09-19 21:12:43 | INFO | Message received - Keyword: Python, Sentiment: 0.67
2025-09-19 21:12:43 | INFO | Updated keyword sentiment averages: {'other': 0.49, 'travel': 0.3, 'movie': 0.61, 'Python': 0.54, 'game': 0.23, 'meme': 0.23, 'JavaScript': 0.73}
2025-09-19 21:12:43 | INFO | Updated keyword counts: {'other': 14, 'travel': 2, 'movie': 4, 'Python': 3, 'game': 1, 'meme': 4, 'JavaScript': 2}
2025-09-19 21:12:43 | INFO | Chart updated successfully for keyword: Python
2025-09-19 21:12:48 | INFO | Processed JSON message: {'message': 'I just loved a movie! It was exciting.', 'author': 'Alice', 'timestamp': '2025-09-19 21:12:48', 'category': 'entertainment', 'sentiment': 0.54, 'keyword_mentioned': 'movie', 'message_length': 38}
2025-09-19 21:12:48 | INFO | Message received - Keyword: movie, Sentiment: 0.54
2025-09-19 21:12:48 | INFO | Updated keyword sentiment averages: {'other': 0.49, 'travel': 0.3, 'movie': 0.59, 'Python': 0.54, 'game': 0.23, 'meme': 0.23, 'JavaScript': 0.73}
2025-09-19 21:12:48 | INFO | Updated keyword counts: {'other': 14, 'travel': 2, 'movie': 5, 'Python': 3, 'game': 1, 'meme': 4, 'JavaScript': 2}
2025-09-19 21:12:48 | INFO | Chart updated successfully for keyword: movie
2025-09-19 21:12:53 | INFO | Processed JSON message: {'message': 'I just loved a story! It was boring.', 'author': 'Bob', 'timestamp': '2025-09-19 21:12:53', 'category': 'other', 'sentiment': 0.58, 'keyword_mentioned': 'other', 'message_length': 36}
2025-09-19 21:12:53 | INFO | Message received - Keyword: other, Sentiment: 0.58
2025-09-19 21:12:53 | INFO | Updated keyword sentiment averages: {'other': 0.5, 'travel': 0.3, 'movie': 0.59, 'Python': 0.54, 'game': 0.23, 'meme': 0.23, 'JavaScript': 0.73}
2025-09-19 21:12:53 | INFO | Updated keyword counts: {'other': 15, 'travel': 2, 'movie': 5, 'Python': 3, 'game': 1, 'meme': 4, 'JavaScript': 2}
2025-09-19 21:12:53 | INFO | Chart updated successfully for keyword: other
2025-09-19 21:12:58 | INFO | Processed JSON message: {'message': 'I just loved game! It was weird.', 'author': 'Bob', 'timestamp': '2025-09-19 21:12:58', 'category': 'gaming', 'sentiment': 0.12, 'keyword_mentioned': 'game', 'message_length': 32}
2025-09-19 21:12:58 | INFO | Message received - Keyword: game, Sentiment: 0.12
2025-09-19 21:12:58 | INFO | Updated keyword sentiment averages: {'other': 0.5, 'travel': 0.3, 'movie': 0.59, 'Python': 0.54, 'game': 0.17, 'meme': 0.23, 'JavaScript': 0.73}
2025-09-19 21:12:58 | INFO | Updated keyword counts: {'other': 15, 'travel': 2, 'movie': 5, 'Python': 3, 'game': 2, 'meme': 4, 'JavaScript': 2}
2025-09-19 21:12:58 | INFO | Chart updated successfully for keyword: game
2025-09-19 21:13:03 | INFO | Processed JSON message: {'message': 'I just shared travel! It was funny.', 'author': 'Charlie', 'timestamp': '2025-09-19 21:13:03', 'category': 'travel', 'sentiment': 0.46, 'keyword_mentioned': 'travel', 'message_length': 35}
2025-09-19 21:13:03 | INFO | Message received - Keyword: travel, Sentiment: 0.46
2025-09-19 21:13:03 | INFO | Updated keyword sentiment averages: {'other': 0.5, 'travel': 0.35, 'movie': 0.59, 'Python': 0.54, 'game': 0.17, 'meme': 0.23, 'JavaScript': 0.73}
2025-09-19 21:13:03 | INFO | Updated keyword counts: {'other': 15, 'travel': 3, 'movie': 5, 'Python': 3, 'game': 2, 'meme': 4, 'JavaScript': 2}
2025-09-19 21:13:03 | INFO | Chart updated successfully for keyword: travel
2025-09-19 21:13:05 | WARNING | Consumer interrupted by user.
2025-09-19 21:13:05 | INFO | Kafka consumer for topic 'project_json' closed.
2025-09-19 21:13:05 | INFO | END consumer for topic 'project_json' and group 'buzz_group'.
