2025-09-19 21:12:18 | INFO | {'message': 'I just found a meme! It was boring.', 'author': 'Eve', 'timestamp': '2025-09-19 21:12:18', 'category': 'humor', 'sentiment': 0.53, 'keyword_mentioned': 'meme', 'message_length': 35}
2025-09-19 21:12:18 | INFO | Sent message to Kafka topic 'project_json': {'message': 'I just found a meme! It was boring.', 'author': 'Eve', 'timestamp': '2025-09-19 21:12:18', 'category': 'humor', 'sentiment': 0.53, 'keyword_mentioned': 'meme', 'message_length': 35}
2025-09-19 21:12:23 | INFO | {'message': 'I just found JavaScript! It was exciting.', 'author': 'Eve', 'timestamp': '2025-09-19 21:12:23', 'category': 'tech', 'sentiment': 0.9, 'keyword_mentioned': 'JavaScript', 'message_length': 41}
2025-09-19 21:12:23 | INFO | Sent message to Kafka topic 'project_json': {'message': 'I just found JavaScript! It was exciting.', 'author': 'Eve', 'timestamp': '2025-09-19 21:12:23', 'category': 'tech', 'sentiment': 0.9, 'keyword_mentioned': 'JavaScript', 'message_length': 41}
2025-09-19 21:12:28 | INFO | {'message': 'I just loved a story! It was weird.', 'author': 'Bob', 'timestamp': '2025-09-19 21:12:28', 'category': 'other', 'sentiment': 0.78, 'keyword_mentioned': 'other', 'message_length': 35}
2025-09-19 21:12:28 | INFO | Sent message to Kafka topic 'project_json': {'message': 'I just loved a story! It was weird.', 'author': 'Bob', 'timestamp': '2025-09-19 21:12:28', 'category': 'other', 'sentiment': 0.78, 'keyword_mentioned': 'other', 'message_length': 35}
2025-09-19 21:12:33 | INFO | {'message': 'I just loved a movie! It was exciting.', 'author': 'Bob', 'timestamp': '2025-09-19 21:12:33', 'category': 'entertainment', 'sentiment': 1.0, 'keyword_mentioned': 'movie', 'message_length': 38}
2025-09-19 21:12:33 | INFO | Sent message to Kafka topic 'project_json': {'message': 'I just loved a movie! It was exciting.', 'author': 'Bob', 'timestamp': '2025-09-19 21:12:33', 'category': 'entertainment', 'sentiment': 1.0, 'keyword_mentioned': 'movie', 'message_length': 38}
2025-09-19 21:12:38 | INFO | {'message': 'I just found an app! It was funny.', 'author': 'Charlie', 'timestamp': '2025-09-19 21:12:38', 'category': 'other', 'sentiment': 0.07, 'keyword_mentioned': 'other', 'message_length': 34}
2025-09-19 21:12:38 | INFO | Sent message to Kafka topic 'project_json': {'message': 'I just found an app! It was funny.', 'author': 'Charlie', 'timestamp': '2025-09-19 21:12:38', 'category': 'other', 'sentiment': 0.07, 'keyword_mentioned': 'other', 'message_length': 34}
2025-09-19 21:12:43 | INFO | {'message': 'I just found Python! It was boring.', 'author': 'Bob', 'timestamp': '2025-09-19 21:12:43', 'category': 'tech', 'sentiment': 0.67, 'keyword_mentioned': 'Python', 'message_length': 35}
2025-09-19 21:12:43 | INFO | Sent message to Kafka topic 'project_json': {'message': 'I just found Python! It was boring.', 'author': 'Bob', 'timestamp': '2025-09-19 21:12:43', 'category': 'tech', 'sentiment': 0.67, 'keyword_mentioned': 'Python', 'message_length': 35}
2025-09-19 21:12:48 | INFO | {'message': 'I just loved a movie! It was exciting.', 'author': 'Alice', 'timestamp': '2025-09-19 21:12:48', 'category': 'entertainment', 'sentiment': 0.54, 'keyword_mentioned': 'movie', 'message_length': 38}
2025-09-19 21:12:48 | INFO | Sent message to Kafka topic 'project_json': {'message': 'I just loved a movie! It was exciting.', 'author': 'Alice', 'timestamp': '2025-09-19 21:12:48', 'category': 'entertainment', 'sentiment': 0.54, 'keyword_mentioned': 'movie', 'message_length': 38}
2025-09-19 21:12:53 | INFO | {'message': 'I just loved a story! It was boring.', 'author': 'Bob', 'timestamp': '2025-09-19 21:12:53', 'category': 'other', 'sentiment': 0.58, 'keyword_mentioned': 'other', 'message_length': 36}
2025-09-19 21:12:53 | INFO | Sent message to Kafka topic 'project_json': {'message': 'I just loved a story! It was boring.', 'author': 'Bob', 'timestamp': '2025-09-19 21:12:53', 'category': 'other', 'sentiment': 0.58, 'keyword_mentioned': 'other', 'message_length': 36}
2025-09-19 21:12:58 | INFO | {'message': 'I just loved game! It was weird.', 'author': 'Bob', 'timestamp': '2025-09-19 21:12:58', 'category': 'gaming', 'sentiment': 0.12, 'keyword_mentioned': 'game', 'message_length': 32}
2025-09-19 21:12:58 | INFO | Sent message to Kafka topic 'project_json': {'message': 'I just loved game! It was weird.', 'author': 'Bob', 'timestamp': '2025-09-19 21:12:58', 'category': 'gaming', 'sentiment': 0.12, 'keyword_mentioned': 'game', 'message_length': 32}
2025-09-19 21:13:03 | INFO | {'message': 'I just shared travel! It was funny.', 'author': 'Charlie', 'timestamp': '2025-09-19 21:13:03', 'category': 'travel', 'sentiment': 0.46, 'keyword_mentioned': 'travel', 'message_length': 35}
2025-09-19 21:13:03 | INFO | Sent message to Kafka topic 'project_json': {'message': 'I just shared travel! It was funny.', 'author': 'Charlie', 'timestamp': '2025-09-19 21:13:03', 'category': 'travel', 'sentiment': 0.46, 'keyword_mentioned': 'travel', 'message_length': 35}
2025-09-19 21:13:07 | WARNING | Producer interrupted by user.
2025-09-19 21:13:07 | INFO | Kafka producer closed.
2025-09-19 21:13:07 | INFO | Producer shutting down.
2025-09-19 21:17:26 | INFO | Logging to file: logs/project_log.log
2025-09-19 21:17:26 | INFO | Log sanitization enabled, personal info removed
2025-09-19 21:17:26 | INFO | START producer...
2025-09-19 21:17:26 | INFO | Kafka producer connected to localhost:9092
2025-09-19 21:17:26 | INFO | {'message': 'I just tried Python! It was funny.', 'author': 'Charlie', 'timestamp': '2025-09-19 21:17:26', 'category': 'tech', 'sentiment': 0.23, 'keyword_mentioned': 'Python', 'message_length': 34}
2025-09-19 21:17:26 | INFO | Sent message to Kafka topic 'project_json': {'message': 'I just tried Python! It was funny.', 'author': 'Charlie', 'timestamp': '2025-09-19 21:17:26', 'category': 'tech', 'sentiment': 0.23, 'keyword_mentioned': 'Python', 'message_length': 34}
2025-09-19 21:17:26 | INFO | Logging to file: logs/project_log.log
2025-09-19 21:17:26 | INFO | Log sanitization enabled, personal info removed
2025-09-19 21:17:27 | INFO | START consumer.
2025-09-19 21:17:27 | INFO | Kafka topic: project_json
2025-09-19 21:17:27 | INFO | Kafka consumer group id: buzz_group
2025-09-19 21:17:27 | INFO | Consumer: Topic 'project_json' and group 'buzz_group'...
2025-09-19 21:17:27 | INFO | Kafka broker address: localhost:9092
2025-09-19 21:17:27 | INFO | Creating Kafka consumer. Topic='project_json' and group ID='buzz_group'.
2025-09-19 21:17:27 | INFO | Kafka consumer created successfully.
2025-09-19 21:17:27 | INFO | Polling messages from topic 'project_json'...
2025-09-19 21:17:31 | INFO | Processed JSON message: {'message': 'I just tried Python! It was funny.', 'author': 'Charlie', 'timestamp': '2025-09-19 21:17:26', 'category': 'tech', 'sentiment': 0.23, 'keyword_mentioned': 'Python', 'message_length': 34}
2025-09-19 21:17:31 | INFO | Message received - Keyword: Python, Sentiment: 0.23
2025-09-19 21:17:31 | INFO | Updated keyword sentiment averages: {'Python': 0.23}
2025-09-19 21:17:31 | INFO | Updated keyword counts: {'Python': 1}
2025-09-19 21:17:31 | INFO | Chart updated successfully for keyword: Python
2025-09-19 21:17:31 | INFO | {'message': 'I just found a story! It was boring.', 'author': 'Charlie', 'timestamp': '2025-09-19 21:17:31', 'category': 'other', 'sentiment': 0.52, 'keyword_mentioned': 'other', 'message_length': 36}
2025-09-19 21:17:31 | INFO | Sent message to Kafka topic 'project_json': {'message': 'I just found a story! It was boring.', 'author': 'Charlie', 'timestamp': '2025-09-19 21:17:31', 'category': 'other', 'sentiment': 0.52, 'keyword_mentioned': 'other', 'message_length': 36}
2025-09-19 21:17:31 | INFO | Processed JSON message: {'message': 'I just found a story! It was boring.', 'author': 'Charlie', 'timestamp': '2025-09-19 21:17:31', 'category': 'other', 'sentiment': 0.52, 'keyword_mentioned': 'other', 'message_length': 36}
2025-09-19 21:17:31 | INFO | Message received - Keyword: other, Sentiment: 0.52
2025-09-19 21:17:31 | INFO | Updated keyword sentiment averages: {'Python': 0.23, 'other': 0.52}
2025-09-19 21:17:31 | INFO | Updated keyword counts: {'Python': 1, 'other': 1}
2025-09-19 21:17:32 | INFO | Chart updated successfully for keyword: other
2025-09-19 21:17:36 | INFO | {'message': 'I just saw a meme! It was funny.', 'author': 'Bob', 'timestamp': '2025-09-19 21:17:36', 'category': 'humor', 'sentiment': 0.18, 'keyword_mentioned': 'meme', 'message_length': 32}
2025-09-19 21:17:36 | INFO | Sent message to Kafka topic 'project_json': {'message': 'I just saw a meme! It was funny.', 'author': 'Bob', 'timestamp': '2025-09-19 21:17:36', 'category': 'humor', 'sentiment': 0.18, 'keyword_mentioned': 'meme', 'message_length': 32}
2025-09-19 21:17:36 | INFO | Processed JSON message: {'message': 'I just saw a meme! It was funny.', 'author': 'Bob', 'timestamp': '2025-09-19 21:17:36', 'category': 'humor', 'sentiment': 0.18, 'keyword_mentioned': 'meme', 'message_length': 32}
2025-09-19 21:17:36 | INFO | Message received - Keyword: meme, Sentiment: 0.18
2025-09-19 21:17:36 | INFO | Updated keyword sentiment averages: {'Python': 0.23, 'other': 0.52, 'meme': 0.18}
2025-09-19 21:17:36 | INFO | Updated keyword counts: {'Python': 1, 'other': 1, 'meme': 1}
2025-09-19 21:17:37 | INFO | Chart updated successfully for keyword: meme
2025-09-19 21:17:41 | INFO | {'message': 'I just tried a story! It was funny.', 'author': 'Charlie', 'timestamp': '2025-09-19 21:17:41', 'category': 'other', 'sentiment': 0.47, 'keyword_mentioned': 'other', 'message_length': 35}
2025-09-19 21:17:41 | INFO | Sent message to Kafka topic 'project_json': {'message': 'I just tried a story! It was funny.', 'author': 'Charlie', 'timestamp': '2025-09-19 21:17:41', 'category': 'other', 'sentiment': 0.47, 'keyword_mentioned': 'other', 'message_length': 35}
2025-09-19 21:17:41 | INFO | Processed JSON message: {'message': 'I just tried a story! It was funny.', 'author': 'Charlie', 'timestamp': '2025-09-19 21:17:41', 'category': 'other', 'sentiment': 0.47, 'keyword_mentioned': 'other', 'message_length': 35}
2025-09-19 21:17:41 | INFO | Message received - Keyword: other, Sentiment: 0.47
2025-09-19 21:17:41 | INFO | Updated keyword sentiment averages: {'Python': 0.23, 'other': 0.49, 'meme': 0.18}
2025-09-19 21:17:41 | INFO | Updated keyword counts: {'Python': 1, 'other': 2, 'meme': 1}
2025-09-19 21:17:42 | INFO | Chart updated successfully for keyword: other
2025-09-19 21:17:46 | WARNING | Consumer interrupted by user.
2025-09-19 21:17:46 | INFO | Kafka consumer for topic 'project_json' closed.
2025-09-19 21:17:46 | INFO | END consumer for topic 'project_json' and group 'buzz_group'.
2025-09-19 21:17:46 | INFO | {'message': 'I just loved a story! It was exciting.', 'author': 'Eve', 'timestamp': '2025-09-19 21:17:46', 'category': 'other', 'sentiment': 0.55, 'keyword_mentioned': 'other', 'message_length': 38}
2025-09-19 21:17:46 | INFO | Sent message to Kafka topic 'project_json': {'message': 'I just loved a story! It was exciting.', 'author': 'Eve', 'timestamp': '2025-09-19 21:17:46', 'category': 'other', 'sentiment': 0.55, 'keyword_mentioned': 'other', 'message_length': 38}
2025-09-19 21:17:49 | WARNING | Producer interrupted by user.
2025-09-19 21:17:49 | INFO | Kafka producer closed.
2025-09-19 21:17:49 | INFO | Producer shutting down.
2025-09-19 21:19:01 | INFO | Logging to file: logs/project_log.log
2025-09-19 21:19:01 | INFO | Log sanitization enabled, personal info removed
2025-09-19 21:19:01 | INFO | Logging to file: logs/project_log.log
2025-09-19 21:19:01 | INFO | Log sanitization enabled, personal info removed
2025-09-19 21:19:01 | INFO | START producer...
2025-09-19 21:19:02 | INFO | Kafka producer connected to localhost:9092
2025-09-19 21:19:02 | INFO | {'message': 'I just saw Python! It was funny.', 'author': 'Bob', 'timestamp': '2025-09-19 21:19:02', 'category': 'tech', 'sentiment': 0.11, 'keyword_mentioned': 'Python', 'message_length': 32}
2025-09-19 21:19:02 | INFO | Sent message to Kafka topic 'project_json': {'message': 'I just saw Python! It was funny.', 'author': 'Bob', 'timestamp': '2025-09-19 21:19:02', 'category': 'tech', 'sentiment': 0.11, 'keyword_mentioned': 'Python', 'message_length': 32}
2025-09-19 21:19:02 | INFO | START consumer.
2025-09-19 21:19:02 | INFO | Kafka topic: project_json
2025-09-19 21:19:02 | INFO | Kafka consumer group id: buzz_group
2025-09-19 21:19:02 | INFO | Consumer: Topic 'project_json' and group 'buzz_group'...
2025-09-19 21:19:02 | INFO | Kafka broker address: localhost:9092
2025-09-19 21:19:02 | INFO | Creating Kafka consumer. Topic='project_json' and group ID='buzz_group'.
2025-09-19 21:19:02 | INFO | Kafka consumer created successfully.
2025-09-19 21:19:02 | INFO | Polling messages from topic 'project_json'...
2025-09-19 21:19:06 | INFO | Processed JSON message: {'message': 'I just loved a story! It was exciting.', 'author': 'Eve', 'timestamp': '2025-09-19 21:17:46', 'category': 'other', 'sentiment': 0.55, 'keyword_mentioned': 'other', 'message_length': 38}
2025-09-19 21:19:06 | INFO | Message received - Keyword: other, Sentiment: 0.55
2025-09-19 21:19:06 | INFO | Updated keyword sentiment averages: {'other': 0.55}
2025-09-19 21:19:06 | INFO | Updated keyword counts: {'other': 1}
2025-09-19 21:19:06 | INFO | Chart updated successfully for keyword: other
2025-09-19 21:19:06 | INFO | Processed JSON message: {'message': 'I just saw Python! It was funny.', 'author': 'Bob', 'timestamp': '2025-09-19 21:19:02', 'category': 'tech', 'sentiment': 0.11, 'keyword_mentioned': 'Python', 'message_length': 32}
2025-09-19 21:19:06 | INFO | Message received - Keyword: Python, Sentiment: 0.11
2025-09-19 21:19:06 | INFO | Updated keyword sentiment averages: {'other': 0.55, 'Python': 0.11}
2025-09-19 21:19:06 | INFO | Updated keyword counts: {'other': 1, 'Python': 1}
2025-09-19 21:19:06 | INFO | Chart updated successfully for keyword: Python
2025-09-19 21:19:07 | INFO | {'message': 'I just saw Python! It was weird.', 'author': 'Eve', 'timestamp': '2025-09-19 21:19:07', 'category': 'tech', 'sentiment': 0.0, 'keyword_mentioned': 'Python', 'message_length': 32}
2025-09-19 21:19:07 | INFO | Sent message to Kafka topic 'project_json': {'message': 'I just saw Python! It was weird.', 'author': 'Eve', 'timestamp': '2025-09-19 21:19:07', 'category': 'tech', 'sentiment': 0.0, 'keyword_mentioned': 'Python', 'message_length': 32}
2025-09-19 21:19:07 | INFO | Processed JSON message: {'message': 'I just saw Python! It was weird.', 'author': 'Eve', 'timestamp': '2025-09-19 21:19:07', 'category': 'tech', 'sentiment': 0.0, 'keyword_mentioned': 'Python', 'message_length': 32}
2025-09-19 21:19:07 | INFO | Message received - Keyword: Python, Sentiment: 0.0
2025-09-19 21:19:07 | INFO | Updated keyword sentiment averages: {'other': 0.55, 'Python': 0.06}
2025-09-19 21:19:07 | INFO | Updated keyword counts: {'other': 1, 'Python': 2}
2025-09-19 21:19:07 | INFO | Chart updated successfully for keyword: Python
2025-09-19 21:19:12 | INFO | {'message': 'I just loved a trick! It was weird.', 'author': 'Charlie', 'timestamp': '2025-09-19 21:19:12', 'category': 'other', 'sentiment': 0.1, 'keyword_mentioned': 'other', 'message_length': 35}
2025-09-19 21:19:12 | INFO | Sent message to Kafka topic 'project_json': {'message': 'I just loved a trick! It was weird.', 'author': 'Charlie', 'timestamp': '2025-09-19 21:19:12', 'category': 'other', 'sentiment': 0.1, 'keyword_mentioned': 'other', 'message_length': 35}
2025-09-19 21:19:12 | INFO | Processed JSON message: {'message': 'I just loved a trick! It was weird.', 'author': 'Charlie', 'timestamp': '2025-09-19 21:19:12', 'category': 'other', 'sentiment': 0.1, 'keyword_mentioned': 'other', 'message_length': 35}
2025-09-19 21:19:12 | INFO | Message received - Keyword: other, Sentiment: 0.1
2025-09-19 21:19:12 | INFO | Updated keyword sentiment averages: {'other': 0.33, 'Python': 0.06}
2025-09-19 21:19:12 | INFO | Updated keyword counts: {'other': 2, 'Python': 2}
2025-09-19 21:19:12 | INFO | Chart updated successfully for keyword: other
2025-09-19 21:19:17 | INFO | {'message': 'I just shared travel! It was weird.', 'author': 'Bob', 'timestamp': '2025-09-19 21:19:17', 'category': 'travel', 'sentiment': 0.24, 'keyword_mentioned': 'travel', 'message_length': 35}
2025-09-19 21:19:17 | INFO | Sent message to Kafka topic 'project_json': {'message': 'I just shared travel! It was weird.', 'author': 'Bob', 'timestamp': '2025-09-19 21:19:17', 'category': 'travel', 'sentiment': 0.24, 'keyword_mentioned': 'travel', 'message_length': 35}
2025-09-19 21:19:17 | INFO | Processed JSON message: {'message': 'I just shared travel! It was weird.', 'author': 'Bob', 'timestamp': '2025-09-19 21:19:17', 'category': 'travel', 'sentiment': 0.24, 'keyword_mentioned': 'travel', 'message_length': 35}
2025-09-19 21:19:17 | INFO | Message received - Keyword: travel, Sentiment: 0.24
2025-09-19 21:19:17 | INFO | Updated keyword sentiment averages: {'other': 0.33, 'Python': 0.06, 'travel': 0.24}
2025-09-19 21:19:17 | INFO | Updated keyword counts: {'other': 2, 'Python': 2, 'travel': 1}
2025-09-19 21:19:17 | INFO | Chart updated successfully for keyword: travel
2025-09-19 21:19:19 | WARNING | Consumer interrupted by user.
2025-09-19 21:19:19 | INFO | Kafka consumer for topic 'project_json' closed.
2025-09-19 21:19:19 | INFO | END consumer for topic 'project_json' and group 'buzz_group'.
2025-09-19 21:19:22 | WARNING | Producer interrupted by user.
2025-09-19 21:19:22 | INFO | Kafka producer closed.
2025-09-19 21:19:22 | INFO | Producer shutting down.
