2025-09-16 19:15:41 | INFO | {'message': 'I just saw a meme! It was funny.', 'author': 'Charlie'}
2025-09-16 19:15:44 | INFO | {'message': 'I just tried an app! It was amazing.', 'author': 'Bob'}
2025-09-16 19:15:47 | INFO | {'message': 'I just loved a movie! It was exciting.', 'author': 'Eve'}
2025-09-16 19:15:50 | INFO | {'message': 'I just found an app! It was amazing.', 'author': 'Alice'}
2025-09-16 19:15:53 | INFO | {'message': 'I just shared an app! It was amazing.', 'author': 'Eve'}
2025-09-16 19:15:56 | INFO | {'message': 'I just loved a movie! It was amazing.', 'author': 'Eve'}
2025-09-16 19:15:59 | INFO | {'message': 'I just saw a story! It was boring.', 'author': 'Charlie'}
2025-09-16 19:16:02 | INFO | {'message': 'I just found a trick! It was boring.', 'author': 'Alice'}
2025-09-16 19:16:05 | INFO | {'message': 'I just loved a meme! It was weird.', 'author': 'Charlie'}
2025-09-16 19:16:09 | INFO | {'message': 'I just tried a meme! It was funny.', 'author': 'Charlie'}
2025-09-16 19:16:12 | INFO | {'message': 'I just shared an app! It was funny.', 'author': 'Alice'}
2025-09-16 19:16:15 | INFO | {'message': 'I just tried a meme! It was boring.', 'author': 'Bob'}
2025-09-16 19:16:18 | INFO | {'message': 'I just loved an app! It was amazing.', 'author': 'Bob'}
2025-09-16 19:16:21 | INFO | {'message': 'I just found a trick! It was exciting.', 'author': 'Charlie'}
2025-09-16 19:16:24 | INFO | {'message': 'I just loved an app! It was boring.', 'author': 'Alice'}
2025-09-16 19:16:27 | INFO | {'message': 'I just found a movie! It was amazing.', 'author': 'Bob'}
2025-09-16 19:16:30 | INFO | {'message': 'I just saw an app! It was weird.', 'author': 'Eve'}
2025-09-16 19:16:33 | INFO | {'message': 'I just tried a story! It was amazing.', 'author': 'Alice'}
2025-09-16 19:16:36 | INFO | {'message': 'I just found an app! It was exciting.', 'author': 'Alice'}
2025-09-16 19:16:39 | INFO | Logging to file: logs/project_log.log
2025-09-16 19:16:39 | INFO | {'message': 'I just found a trick! It was exciting.', 'author': 'Eve'}
2025-09-16 19:16:39 | INFO | Log sanitization enabled, personal info removed
2025-09-16 19:16:39 | INFO | Project root: PROJECT_ROOT
2025-09-16 19:16:39 | INFO | Data folder: PROJECT_ROOT/data
2025-09-16 19:16:39 | INFO | Data file: PROJECT_ROOT/data/buzz_live.json
2025-09-16 19:16:43 | INFO | {'message': 'I just tried a meme! It was amazing.', 'author': 'Eve'}
2025-09-16 19:16:46 | INFO | {'message': 'I just found a movie! It was funny.', 'author': 'Alice'}
2025-09-16 19:16:49 | INFO | {'message': 'I just found a story! It was funny.', 'author': 'Alice'}
2025-09-16 19:16:52 | INFO | {'message': 'I just shared a movie! It was funny.', 'author': 'Alice'}
2025-09-16 19:16:55 | INFO | {'message': 'I just saw an app! It was funny.', 'author': 'Bob'}
2025-09-16 19:16:58 | INFO | {'message': 'I just found a story! It was weird.', 'author': 'Bob'}
2025-09-16 19:17:01 | INFO | {'message': 'I just loved an app! It was exciting.', 'author': 'Charlie'}
2025-09-16 19:17:04 | INFO | {'message': 'I just shared an app! It was funny.', 'author': 'Charlie'}
2025-09-16 19:17:07 | INFO | {'message': 'I just tried a story! It was funny.', 'author': 'Alice'}
2025-09-16 19:17:10 | INFO | {'message': 'I just saw a story! It was exciting.', 'author': 'Charlie'}
2025-09-16 19:17:14 | INFO | {'message': 'I just tried a movie! It was boring.', 'author': 'Eve'}
2025-09-16 19:17:17 | INFO | {'message': 'I just shared a story! It was funny.', 'author': 'Bob'}
2025-09-16 19:17:20 | INFO | {'message': 'I just found a story! It was funny.', 'author': 'Alice'}
2025-09-16 19:17:23 | INFO | {'message': 'I just shared a trick! It was exciting.', 'author': 'Eve'}
2025-09-16 19:17:26 | INFO | {'message': 'I just shared a story! It was boring.', 'author': 'Bob'}
2025-09-16 19:17:29 | INFO | {'message': 'I just tried an app! It was boring.', 'author': 'Bob'}
2025-09-16 19:17:29 | INFO | START consumer.
2025-09-16 19:17:32 | INFO | {'message': 'I just saw a trick! It was boring.', 'author': 'Charlie'}
2025-09-16 19:17:32 | INFO | Processed JSON message: {'message': 'I just saw a trick! It was boring.', 'author': 'Charlie'}
2025-09-16 19:17:32 | INFO | Message received from author: Charlie
2025-09-16 19:17:32 | INFO | Updated author counts: {'Charlie': 1}
2025-09-16 19:17:35 | INFO | {'message': 'I just loved a trick! It was boring.', 'author': 'Charlie'}
2025-09-16 19:17:38 | INFO | {'message': 'I just saw an app! It was boring.', 'author': 'Eve'}
2025-09-16 19:17:38 | INFO | Chart updated successfully for message: {"message": "I just saw a trick! It was boring.", "author": "Charlie"}

2025-09-16 19:17:38 | INFO | Processed JSON message: {'message': 'I just loved a trick! It was boring.', 'author': 'Charlie'}
2025-09-16 19:17:38 | INFO | Message received from author: Charlie
2025-09-16 19:17:38 | INFO | Updated author counts: {'Charlie': 2}
2025-09-16 19:17:41 | INFO | {'message': 'I just found a trick! It was boring.', 'author': 'Alice'}
2025-09-16 19:17:42 | INFO | Chart updated successfully for message: {"message": "I just loved a trick! It was boring.", "author": "Charlie"}

2025-09-16 19:17:42 | INFO | Processed JSON message: {'message': 'I just saw an app! It was boring.', 'author': 'Eve'}
2025-09-16 19:17:42 | INFO | Message received from author: Eve
2025-09-16 19:17:42 | INFO | Updated author counts: {'Charlie': 2, 'Eve': 1}
2025-09-16 19:17:42 | INFO | Chart updated successfully for message: {"message": "I just saw an app! It was boring.", "author": "Eve"}

2025-09-16 19:17:42 | INFO | Processed JSON message: {'message': 'I just found a trick! It was boring.', 'author': 'Alice'}
2025-09-16 19:17:42 | INFO | Message received from author: Alice
2025-09-16 19:17:42 | INFO | Updated author counts: {'Charlie': 2, 'Eve': 1, 'Alice': 1}
2025-09-16 19:17:42 | INFO | Chart updated successfully for message: {"message": "I just found a trick! It was boring.", "author": "Alice"}

2025-09-16 19:17:44 | INFO | {'message': 'I just loved an app! It was boring.', 'author': 'Eve'}
2025-09-16 19:17:44 | INFO | Processed JSON message: {'message': 'I just loved an app! It was boring.', 'author': 'Eve'}
2025-09-16 19:17:44 | INFO | Message received from author: Eve
2025-09-16 19:17:44 | INFO | Updated author counts: {'Charlie': 2, 'Eve': 2, 'Alice': 1}
2025-09-16 19:17:45 | INFO | Chart updated successfully for message: {"message": "I just loved an app! It was boring.", "author": "Eve"}

2025-09-16 19:17:48 | INFO | {'message': 'I just tried a meme! It was weird.', 'author': 'Eve'}
2025-09-16 19:17:48 | INFO | Processed JSON message: {'message': 'I just tried a meme! It was weird.', 'author': 'Eve'}
2025-09-16 19:17:48 | INFO | Message received from author: Eve
2025-09-16 19:17:48 | INFO | Updated author counts: {'Charlie': 2, 'Eve': 3, 'Alice': 1}
2025-09-16 19:17:48 | INFO | Chart updated successfully for message: {"message": "I just tried a meme! It was weird.", "author": "Eve"}

2025-09-16 19:17:51 | INFO | {'message': 'I just shared an app! It was exciting.', 'author': 'Eve'}
2025-09-16 19:17:51 | INFO | Processed JSON message: {'message': 'I just shared an app! It was exciting.', 'author': 'Eve'}
2025-09-16 19:17:51 | INFO | Message received from author: Eve
2025-09-16 19:17:51 | INFO | Updated author counts: {'Charlie': 2, 'Eve': 4, 'Alice': 1}
2025-09-16 19:17:51 | INFO | Chart updated successfully for message: {"message": "I just shared an app! It was exciting.", "author": "Eve"}

2025-09-16 19:17:54 | INFO | {'message': 'I just tried a trick! It was boring.', 'author': 'Bob'}
2025-09-16 19:17:54 | INFO | Processed JSON message: {'message': 'I just tried a trick! It was boring.', 'author': 'Bob'}
2025-09-16 19:17:54 | INFO | Message received from author: Bob
2025-09-16 19:17:54 | INFO | Updated author counts: {'Charlie': 2, 'Eve': 4, 'Alice': 1, 'Bob': 1}
2025-09-16 19:17:55 | INFO | Chart updated successfully for message: {"message": "I just tried a trick! It was boring.", "author": "Bob"}

2025-09-16 19:17:57 | INFO | {'message': 'I just found a meme! It was funny.', 'author': 'Alice'}
2025-09-16 19:17:57 | INFO | Processed JSON message: {'message': 'I just found a meme! It was funny.', 'author': 'Alice'}
2025-09-16 19:17:57 | INFO | Message received from author: Alice
2025-09-16 19:17:57 | INFO | Updated author counts: {'Charlie': 2, 'Eve': 4, 'Alice': 2, 'Bob': 1}
2025-09-16 19:17:57 | INFO | Chart updated successfully for message: {"message": "I just found a meme! It was funny.", "author": "Alice"}

2025-09-16 19:18:00 | INFO | {'message': 'I just loved a movie! It was boring.', 'author': 'Eve'}
2025-09-16 19:18:00 | INFO | Processed JSON message: {'message': 'I just loved a movie! It was boring.', 'author': 'Eve'}
2025-09-16 19:18:00 | INFO | Message received from author: Eve
2025-09-16 19:18:00 | INFO | Updated author counts: {'Charlie': 2, 'Eve': 5, 'Alice': 2, 'Bob': 1}
2025-09-16 19:18:00 | INFO | Chart updated successfully for message: {"message": "I just loved a movie! It was boring.", "author": "Eve"}

2025-09-16 19:18:03 | INFO | {'message': 'I just saw a trick! It was funny.', 'author': 'Eve'}
2025-09-16 19:18:03 | INFO | Processed JSON message: {'message': 'I just saw a trick! It was funny.', 'author': 'Eve'}
2025-09-16 19:18:03 | INFO | Message received from author: Eve
2025-09-16 19:18:03 | INFO | Updated author counts: {'Charlie': 2, 'Eve': 6, 'Alice': 2, 'Bob': 1}
2025-09-16 19:18:03 | INFO | Chart updated successfully for message: {"message": "I just saw a trick! It was funny.", "author": "Eve"}

2025-09-16 19:18:06 | INFO | {'message': 'I just loved a trick! It was amazing.', 'author': 'Eve'}
2025-09-16 19:18:06 | INFO | Processed JSON message: {'message': 'I just loved a trick! It was amazing.', 'author': 'Eve'}
2025-09-16 19:18:06 | INFO | Message received from author: Eve
2025-09-16 19:18:06 | INFO | Updated author counts: {'Charlie': 2, 'Eve': 7, 'Alice': 2, 'Bob': 1}
2025-09-16 19:18:06 | INFO | Chart updated successfully for message: {"message": "I just loved a trick! It was amazing.", "author": "Eve"}

2025-09-16 19:18:09 | INFO | {'message': 'I just tried a story! It was weird.', 'author': 'Eve'}
2025-09-16 19:18:09 | INFO | Processed JSON message: {'message': 'I just tried a story! It was weird.', 'author': 'Eve'}
2025-09-16 19:18:09 | INFO | Message received from author: Eve
2025-09-16 19:18:09 | INFO | Updated author counts: {'Charlie': 2, 'Eve': 8, 'Alice': 2, 'Bob': 1}
2025-09-16 19:18:09 | INFO | Chart updated successfully for message: {"message": "I just tried a story! It was weird.", "author": "Eve"}

2025-09-16 19:18:12 | INFO | {'message': 'I just tried a movie! It was funny.', 'author': 'Alice'}
2025-09-16 19:18:12 | INFO | Processed JSON message: {'message': 'I just tried a movie! It was funny.', 'author': 'Alice'}
2025-09-16 19:18:12 | INFO | Message received from author: Alice
2025-09-16 19:18:12 | INFO | Updated author counts: {'Charlie': 2, 'Eve': 8, 'Alice': 3, 'Bob': 1}
2025-09-16 19:18:13 | INFO | Chart updated successfully for message: {"message": "I just tried a movie! It was funny.", "author": "Alice"}

2025-09-16 19:18:15 | INFO | {'message': 'I just saw an app! It was exciting.', 'author': 'Bob'}
2025-09-16 19:18:15 | INFO | Processed JSON message: {'message': 'I just saw an app! It was exciting.', 'author': 'Bob'}
2025-09-16 19:18:15 | INFO | Message received from author: Bob
2025-09-16 19:18:15 | INFO | Updated author counts: {'Charlie': 2, 'Eve': 8, 'Alice': 3, 'Bob': 2}
2025-09-16 19:18:15 | INFO | Chart updated successfully for message: {"message": "I just saw an app! It was exciting.", "author": "Bob"}

2025-09-16 19:18:18 | INFO | {'message': 'I just shared a meme! It was funny.', 'author': 'Bob'}
2025-09-16 19:18:18 | INFO | Processed JSON message: {'message': 'I just shared a meme! It was funny.', 'author': 'Bob'}
2025-09-16 19:18:18 | INFO | Message received from author: Bob
2025-09-16 19:18:18 | INFO | Updated author counts: {'Charlie': 2, 'Eve': 8, 'Alice': 3, 'Bob': 3}
2025-09-16 19:18:19 | INFO | Chart updated successfully for message: {"message": "I just shared a meme! It was funny.", "author": "Bob"}

2025-09-16 19:18:22 | INFO | {'message': 'I just loved a trick! It was amazing.', 'author': 'Bob'}
2025-09-16 19:18:22 | INFO | Processed JSON message: {'message': 'I just loved a trick! It was amazing.', 'author': 'Bob'}
2025-09-16 19:18:22 | INFO | Message received from author: Bob
2025-09-16 19:18:22 | INFO | Updated author counts: {'Charlie': 2, 'Eve': 8, 'Alice': 3, 'Bob': 4}
2025-09-16 19:18:22 | INFO | Chart updated successfully for message: {"message": "I just loved a trick! It was amazing.", "author": "Bob"}

2025-09-16 19:18:25 | INFO | {'message': 'I just found a meme! It was exciting.', 'author': 'Alice'}
2025-09-16 19:18:25 | INFO | Processed JSON message: {'message': 'I just found a meme! It was exciting.', 'author': 'Alice'}
2025-09-16 19:18:25 | INFO | Message received from author: Alice
2025-09-16 19:18:25 | INFO | Updated author counts: {'Charlie': 2, 'Eve': 8, 'Alice': 4, 'Bob': 4}
2025-09-16 19:18:25 | INFO | Chart updated successfully for message: {"message": "I just found a meme! It was exciting.", "author": "Alice"}

2025-09-16 19:18:28 | INFO | {'message': 'I just tried a movie! It was weird.', 'author': 'Alice'}
2025-09-16 19:18:28 | INFO | Processed JSON message: {'message': 'I just tried a movie! It was weird.', 'author': 'Alice'}
2025-09-16 19:18:28 | INFO | Message received from author: Alice
2025-09-16 19:18:28 | INFO | Updated author counts: {'Charlie': 2, 'Eve': 8, 'Alice': 5, 'Bob': 4}
2025-09-16 19:18:28 | INFO | Chart updated successfully for message: {"message": "I just tried a movie! It was weird.", "author": "Alice"}

2025-09-16 19:18:31 | INFO | {'message': 'I just shared a meme! It was amazing.', 'author': 'Eve'}
2025-09-16 19:18:31 | INFO | Processed JSON message: {'message': 'I just shared a meme! It was amazing.', 'author': 'Eve'}
2025-09-16 19:18:31 | INFO | Message received from author: Eve
2025-09-16 19:18:31 | INFO | Updated author counts: {'Charlie': 2, 'Eve': 9, 'Alice': 5, 'Bob': 4}
2025-09-16 19:18:31 | INFO | Chart updated successfully for message: {"message": "I just shared a meme! It was amazing.", "author": "Eve"}

2025-09-16 19:18:34 | INFO | {'message': 'I just saw a trick! It was boring.', 'author': 'Alice'}
2025-09-16 19:18:34 | INFO | Processed JSON message: {'message': 'I just saw a trick! It was boring.', 'author': 'Alice'}
2025-09-16 19:18:34 | INFO | Message received from author: Alice
2025-09-16 19:18:34 | INFO | Updated author counts: {'Charlie': 2, 'Eve': 9, 'Alice': 6, 'Bob': 4}
2025-09-16 19:18:34 | INFO | Chart updated successfully for message: {"message": "I just saw a trick! It was boring.", "author": "Alice"}

2025-09-16 19:18:37 | INFO | Consumer interrupted by user.
2025-09-16 19:18:37 | INFO | {'message': 'I just shared a trick! It was boring.', 'author': 'Eve'}
2025-09-16 19:18:40 | INFO | {'message': 'I just shared a story! It was funny.', 'author': 'Eve'}
2025-09-16 19:18:43 | INFO | {'message': 'I just saw a story! It was amazing.', 'author': 'Eve'}
2025-09-16 19:18:44 | WARNING | Producer interrupted by user.
2025-09-16 19:18:44 | INFO | Producer shutting down.
2025-09-16 19:24:44 | INFO | Logging to file: logs/project_log.log
2025-09-16 19:24:44 | INFO | Log sanitization enabled, personal info removed
2025-09-16 19:24:44 | INFO | Project root: PROJECT_ROOT
2025-09-16 19:24:44 | INFO | Data folder: PROJECT_ROOT/data
2025-09-16 19:24:44 | INFO | Data file: PROJECT_ROOT/data/buzz.json
2025-09-16 19:24:44 | INFO | START producer.
2025-09-16 19:24:44 | INFO | Kafka broker address: localhost:9092
2025-09-16 19:24:45 | INFO | Kafka is ready. Brokers: {'throttle_time_ms': 0, 'brokers': [{'node_id': 1, 'host': 'localhost', 'port': 9092, 'rack': None}], 'cluster_id': 'c1RJkXlsTcCZ0bUhWwCWiQ', 'controller_id': 1}
2025-09-16 19:24:45 | INFO | Kafka topic: buzzline_json
2025-09-16 19:24:45 | INFO | Message interval: 3 seconds
2025-09-16 19:24:45 | INFO | Kafka broker address: localhost:9092
2025-09-16 19:24:45 | INFO | Connecting to Kafka broker at localhost:9092...
2025-09-16 19:24:45 | INFO | Kafka producer successfully created.
2025-09-16 19:24:45 | INFO | Kafka broker address: localhost:9092
2025-09-16 19:24:45 | INFO | Topic 'buzzline_json' created successfully.
2025-09-16 19:24:45 | INFO | Kafka topic 'buzzline_json' is ready.
2025-09-16 19:24:45 | INFO | Starting message production to topic 'buzzline_json'...
2025-09-16 19:24:45 | INFO | Opening data file in read mode: PROJECT_ROOT/data/buzz.json
2025-09-16 19:24:45 | INFO | Reading data from file: PROJECT_ROOT/data/buzz.json
2025-09-16 19:24:46 | INFO | Sent message to topic 'buzzline_json': {'message': 'Data engineering is my passion.', 'author': 'Eve'}
2025-09-16 19:24:49 | INFO | Sent message to topic 'buzzline_json': {'message': 'Distributed systems are fascinating.', 'author': 'Alice'}
2025-09-16 19:24:52 | INFO | Sent message to topic 'buzzline_json': {'message': 'Have a great day!', 'author': 'Charlie'}
2025-09-16 19:24:55 | INFO | Sent message to topic 'buzzline_json': {'message': 'Data engineering is my passion.', 'author': 'Alice'}
2025-09-16 19:24:59 | INFO | Sent message to topic 'buzzline_json': {'message': 'Distributed systems are fascinating.', 'author': 'Diana'}
2025-09-16 19:25:01 | INFO | Logging to file: logs/project_log.log
2025-09-16 19:25:01 | INFO | Log sanitization enabled, personal info removed
2025-09-16 19:25:02 | INFO | Sent message to topic 'buzzline_json': {'message': 'Buzz messages for everyone.', 'author': 'Alice'}
2025-09-16 19:25:05 | INFO | Sent message to topic 'buzzline_json': {'message': 'Hello, Kafka world!', 'author': 'Diana'}
2025-09-16 19:25:08 | INFO | Sent message to topic 'buzzline_json': {'message': 'This is a buzz message.', 'author': 'Eve'}
2025-09-16 19:25:10 | INFO | START consumer.
2025-09-16 19:25:10 | INFO | Kafka topic: buzzline_json
2025-09-16 19:25:10 | INFO | Kafka consumer group id: buzz_group
2025-09-16 19:25:10 | INFO | Consumer: Topic 'buzzline_json' and group 'buzz_group'...
2025-09-16 19:25:10 | INFO | Kafka broker address: localhost:9092
2025-09-16 19:25:10 | INFO | Creating Kafka consumer. Topic='buzzline_json' and group ID='buzz_group'.
2025-09-16 19:25:11 | INFO | Kafka consumer created successfully.
2025-09-16 19:25:11 | INFO | Polling messages from topic 'buzzline_json'...
2025-09-16 19:25:11 | INFO | Sent message to topic 'buzzline_json': {'message': 'JSON makes life easier.', 'author': 'Eve'}
2025-09-16 19:25:14 | INFO | Sent message to topic 'buzzline_json': {'message': 'JSON makes life easier.', 'author': 'Alice'}
2025-09-16 19:25:17 | INFO | Sent message to topic 'buzzline_json': {'message': 'Data engineering is my passion.', 'author': 'Diana'}
2025-09-16 19:25:20 | INFO | Sent message to topic 'buzzline_json': {'message': 'JSON makes life easier.', 'author': 'Diana'}
2025-09-16 19:25:23 | INFO | Sent message to topic 'buzzline_json': {'message': 'Kafka is awesome.', 'author': 'Charlie'}
2025-09-16 19:25:26 | INFO | Sent message to topic 'buzzline_json': {'message': 'JSON makes life easier.', 'author': 'Bob'}
2025-09-16 19:25:29 | INFO | Sent message to topic 'buzzline_json': {'message': 'I love Python!', 'author': 'Bob'}
2025-09-16 19:25:33 | INFO | Sent message to topic 'buzzline_json': {'message': 'This is a buzz message.', 'author': 'Eve'}
2025-09-16 19:25:36 | INFO | Sent message to topic 'buzzline_json': {'message': 'I love Python!', 'author': 'Eve'}
2025-09-16 19:25:39 | INFO | Sent message to topic 'buzzline_json': {'message': 'Buzz messages for everyone.', 'author': 'Alice'}
2025-09-16 19:25:42 | INFO | Sent message to topic 'buzzline_json': {'message': 'This is a buzz message.', 'author': 'Alice'}
2025-09-16 19:25:43 | INFO | Processed JSON message: {'message': 'Data engineering is my passion.', 'author': 'Eve'}
2025-09-16 19:25:43 | INFO | Message received from author: Eve
2025-09-16 19:25:43 | INFO | Updated author counts: {'Eve': 1}
2025-09-16 19:25:45 | INFO | Sent message to topic 'buzzline_json': {'message': 'Data engineering is my passion.', 'author': 'Diana'}
2025-09-16 19:25:45 | INFO | Chart updated successfully for message: {"message": "Data engineering is my passion.", "author": "Eve"}
2025-09-16 19:25:45 | INFO | Processed JSON message: {'message': 'Distributed systems are fascinating.', 'author': 'Alice'}
2025-09-16 19:25:45 | INFO | Message received from author: Alice
2025-09-16 19:25:45 | INFO | Updated author counts: {'Eve': 1, 'Alice': 1}
2025-09-16 19:25:46 | INFO | Chart updated successfully for message: {"message": "Distributed systems are fascinating.", "author": "Alice"}
2025-09-16 19:25:46 | INFO | Processed JSON message: {'message': 'Have a great day!', 'author': 'Charlie'}
2025-09-16 19:25:46 | INFO | Message received from author: Charlie
2025-09-16 19:25:46 | INFO | Updated author counts: {'Eve': 1, 'Alice': 1, 'Charlie': 1}
2025-09-16 19:25:46 | INFO | Chart updated successfully for message: {"message": "Have a great day!", "author": "Charlie"}
2025-09-16 19:25:46 | INFO | Processed JSON message: {'message': 'Data engineering is my passion.', 'author': 'Alice'}
2025-09-16 19:25:46 | INFO | Message received from author: Alice
2025-09-16 19:25:46 | INFO | Updated author counts: {'Eve': 1, 'Alice': 2, 'Charlie': 1}
2025-09-16 19:25:46 | INFO | Chart updated successfully for message: {"message": "Data engineering is my passion.", "author": "Alice"}
2025-09-16 19:25:46 | INFO | Processed JSON message: {'message': 'Distributed systems are fascinating.', 'author': 'Diana'}
2025-09-16 19:25:46 | INFO | Message received from author: Diana
2025-09-16 19:25:46 | INFO | Updated author counts: {'Eve': 1, 'Alice': 2, 'Charlie': 1, 'Diana': 1}
2025-09-16 19:25:46 | INFO | Chart updated successfully for message: {"message": "Distributed systems are fascinating.", "author": "Diana"}
2025-09-16 19:25:46 | INFO | Processed JSON message: {'message': 'Buzz messages for everyone.', 'author': 'Alice'}
2025-09-16 19:25:46 | INFO | Message received from author: Alice
2025-09-16 19:25:46 | INFO | Updated author counts: {'Eve': 1, 'Alice': 3, 'Charlie': 1, 'Diana': 1}
2025-09-16 19:25:47 | INFO | Chart updated successfully for message: {"message": "Buzz messages for everyone.", "author": "Alice"}
2025-09-16 19:25:47 | INFO | Processed JSON message: {'message': 'Hello, Kafka world!', 'author': 'Diana'}
2025-09-16 19:25:47 | INFO | Message received from author: Diana
2025-09-16 19:25:47 | INFO | Updated author counts: {'Eve': 1, 'Alice': 3, 'Charlie': 1, 'Diana': 2}
2025-09-16 19:25:47 | INFO | Chart updated successfully for message: {"message": "Hello, Kafka world!", "author": "Diana"}
2025-09-16 19:25:47 | INFO | Processed JSON message: {'message': 'This is a buzz message.', 'author': 'Eve'}
2025-09-16 19:25:47 | INFO | Message received from author: Eve
2025-09-16 19:25:47 | INFO | Updated author counts: {'Eve': 2, 'Alice': 3, 'Charlie': 1, 'Diana': 2}
2025-09-16 19:25:47 | INFO | Chart updated successfully for message: {"message": "This is a buzz message.", "author": "Eve"}
2025-09-16 19:25:47 | INFO | Processed JSON message: {'message': 'JSON makes life easier.', 'author': 'Eve'}
2025-09-16 19:25:47 | INFO | Message received from author: Eve
2025-09-16 19:25:47 | INFO | Updated author counts: {'Eve': 3, 'Alice': 3, 'Charlie': 1, 'Diana': 2}
2025-09-16 19:25:47 | INFO | Chart updated successfully for message: {"message": "JSON makes life easier.", "author": "Eve"}
2025-09-16 19:25:47 | INFO | Processed JSON message: {'message': 'JSON makes life easier.', 'author': 'Alice'}
2025-09-16 19:25:47 | INFO | Message received from author: Alice
2025-09-16 19:25:47 | INFO | Updated author counts: {'Eve': 3, 'Alice': 4, 'Charlie': 1, 'Diana': 2}
2025-09-16 19:25:47 | INFO | Chart updated successfully for message: {"message": "JSON makes life easier.", "author": "Alice"}
2025-09-16 19:25:47 | INFO | Processed JSON message: {'message': 'Data engineering is my passion.', 'author': 'Diana'}
2025-09-16 19:25:47 | INFO | Message received from author: Diana
2025-09-16 19:25:47 | INFO | Updated author counts: {'Eve': 3, 'Alice': 4, 'Charlie': 1, 'Diana': 3}
2025-09-16 19:25:47 | INFO | Chart updated successfully for message: {"message": "Data engineering is my passion.", "author": "Diana"}
2025-09-16 19:25:47 | INFO | Processed JSON message: {'message': 'JSON makes life easier.', 'author': 'Diana'}
2025-09-16 19:25:47 | INFO | Message received from author: Diana
2025-09-16 19:25:47 | INFO | Updated author counts: {'Eve': 3, 'Alice': 4, 'Charlie': 1, 'Diana': 4}
2025-09-16 19:25:47 | INFO | Chart updated successfully for message: {"message": "JSON makes life easier.", "author": "Diana"}
2025-09-16 19:25:48 | INFO | Processed JSON message: {'message': 'Kafka is awesome.', 'author': 'Charlie'}
2025-09-16 19:25:48 | INFO | Message received from author: Charlie
2025-09-16 19:25:48 | INFO | Updated author counts: {'Eve': 3, 'Alice': 4, 'Charlie': 2, 'Diana': 4}
2025-09-16 19:25:48 | INFO | Chart updated successfully for message: {"message": "Kafka is awesome.", "author": "Charlie"}
2025-09-16 19:25:48 | INFO | Processed JSON message: {'message': 'JSON makes life easier.', 'author': 'Bob'}
2025-09-16 19:25:48 | INFO | Message received from author: Bob
2025-09-16 19:25:48 | INFO | Updated author counts: {'Eve': 3, 'Alice': 4, 'Charlie': 2, 'Diana': 4, 'Bob': 1}
2025-09-16 19:25:48 | INFO | Sent message to topic 'buzzline_json': {'message': 'I love Python!', 'author': 'Eve'}
2025-09-16 19:25:48 | INFO | Chart updated successfully for message: {"message": "JSON makes life easier.", "author": "Bob"}
2025-09-16 19:25:48 | INFO | Processed JSON message: {'message': 'I love Python!', 'author': 'Bob'}
2025-09-16 19:25:48 | INFO | Message received from author: Bob
2025-09-16 19:25:48 | INFO | Updated author counts: {'Eve': 3, 'Alice': 4, 'Charlie': 2, 'Diana': 4, 'Bob': 2}
2025-09-16 19:25:48 | INFO | Chart updated successfully for message: {"message": "I love Python!", "author": "Bob"}
2025-09-16 19:25:48 | INFO | Processed JSON message: {'message': 'This is a buzz message.', 'author': 'Eve'}
2025-09-16 19:25:48 | INFO | Message received from author: Eve
2025-09-16 19:25:48 | INFO | Updated author counts: {'Eve': 4, 'Alice': 4, 'Charlie': 2, 'Diana': 4, 'Bob': 2}
2025-09-16 19:25:48 | INFO | Chart updated successfully for message: {"message": "This is a buzz message.", "author": "Eve"}
2025-09-16 19:25:48 | INFO | Processed JSON message: {'message': 'I love Python!', 'author': 'Eve'}
2025-09-16 19:25:48 | INFO | Message received from author: Eve
2025-09-16 19:25:48 | INFO | Updated author counts: {'Eve': 5, 'Alice': 4, 'Charlie': 2, 'Diana': 4, 'Bob': 2}
2025-09-16 19:25:48 | INFO | Chart updated successfully for message: {"message": "I love Python!", "author": "Eve"}
2025-09-16 19:25:48 | INFO | Processed JSON message: {'message': 'Buzz messages for everyone.', 'author': 'Alice'}
2025-09-16 19:25:48 | INFO | Message received from author: Alice
2025-09-16 19:25:48 | INFO | Updated author counts: {'Eve': 5, 'Alice': 5, 'Charlie': 2, 'Diana': 4, 'Bob': 2}
2025-09-16 19:25:49 | INFO | Chart updated successfully for message: {"message": "Buzz messages for everyone.", "author": "Alice"}
2025-09-16 19:25:49 | INFO | Processed JSON message: {'message': 'This is a buzz message.', 'author': 'Alice'}
2025-09-16 19:25:49 | INFO | Message received from author: Alice
2025-09-16 19:25:49 | INFO | Updated author counts: {'Eve': 5, 'Alice': 6, 'Charlie': 2, 'Diana': 4, 'Bob': 2}
2025-09-16 19:25:49 | INFO | Chart updated successfully for message: {"message": "This is a buzz message.", "author": "Alice"}
2025-09-16 19:25:49 | INFO | Processed JSON message: {'message': 'Data engineering is my passion.', 'author': 'Diana'}
2025-09-16 19:25:49 | INFO | Message received from author: Diana
2025-09-16 19:25:49 | INFO | Updated author counts: {'Eve': 5, 'Alice': 6, 'Charlie': 2, 'Diana': 5, 'Bob': 2}
2025-09-16 19:25:49 | INFO | Chart updated successfully for message: {"message": "Data engineering is my passion.", "author": "Diana"}
2025-09-16 19:25:49 | INFO | Processed JSON message: {'message': 'I love Python!', 'author': 'Eve'}
2025-09-16 19:25:49 | INFO | Message received from author: Eve
2025-09-16 19:25:49 | INFO | Updated author counts: {'Eve': 6, 'Alice': 6, 'Charlie': 2, 'Diana': 5, 'Bob': 2}
2025-09-16 19:25:50 | INFO | Chart updated successfully for message: {"message": "I love Python!", "author": "Eve"}
2025-09-16 19:25:51 | INFO | Sent message to topic 'buzzline_json': {'message': 'JSON makes life easier.', 'author': 'Charlie'}
2025-09-16 19:25:51 | INFO | Processed JSON message: {'message': 'JSON makes life easier.', 'author': 'Charlie'}
2025-09-16 19:25:51 | INFO | Message received from author: Charlie
2025-09-16 19:25:51 | INFO | Updated author counts: {'Eve': 6, 'Alice': 6, 'Charlie': 3, 'Diana': 5, 'Bob': 2}
2025-09-16 19:25:51 | INFO | Chart updated successfully for message: {"message": "JSON makes life easier.", "author": "Charlie"}
2025-09-16 19:25:54 | INFO | Sent message to topic 'buzzline_json': {'message': 'Have a great day!', 'author': 'Bob'}
2025-09-16 19:25:54 | INFO | Processed JSON message: {'message': 'Have a great day!', 'author': 'Bob'}
2025-09-16 19:25:54 | INFO | Message received from author: Bob
2025-09-16 19:25:54 | INFO | Updated author counts: {'Eve': 6, 'Alice': 6, 'Charlie': 3, 'Diana': 5, 'Bob': 3}
2025-09-16 19:25:54 | INFO | Chart updated successfully for message: {"message": "Have a great day!", "author": "Bob"}
2025-09-16 19:25:57 | INFO | Sent message to topic 'buzzline_json': {'message': 'Data engineering is my passion.', 'author': 'Alice'}
2025-09-16 19:25:57 | INFO | Processed JSON message: {'message': 'Data engineering is my passion.', 'author': 'Alice'}
2025-09-16 19:25:57 | INFO | Message received from author: Alice
2025-09-16 19:25:57 | INFO | Updated author counts: {'Eve': 6, 'Alice': 7, 'Charlie': 3, 'Diana': 5, 'Bob': 3}
2025-09-16 19:25:57 | INFO | Chart updated successfully for message: {"message": "Data engineering is my passion.", "author": "Alice"}
2025-09-16 19:26:00 | INFO | Sent message to topic 'buzzline_json': {'message': 'Kafka is awesome.', 'author': 'Diana'}
2025-09-16 19:26:00 | INFO | Processed JSON message: {'message': 'Kafka is awesome.', 'author': 'Diana'}
2025-09-16 19:26:00 | INFO | Message received from author: Diana
2025-09-16 19:26:00 | INFO | Updated author counts: {'Eve': 6, 'Alice': 7, 'Charlie': 3, 'Diana': 6, 'Bob': 3}
2025-09-16 19:26:00 | INFO | Chart updated successfully for message: {"message": "Kafka is awesome.", "author": "Diana"}
2025-09-16 19:26:03 | INFO | Sent message to topic 'buzzline_json': {'message': 'Kafka is awesome.', 'author': 'Diana'}
2025-09-16 19:26:03 | INFO | Processed JSON message: {'message': 'Kafka is awesome.', 'author': 'Diana'}
2025-09-16 19:26:03 | INFO | Message received from author: Diana
2025-09-16 19:26:03 | INFO | Updated author counts: {'Eve': 6, 'Alice': 7, 'Charlie': 3, 'Diana': 7, 'Bob': 3}
2025-09-16 19:26:04 | INFO | Chart updated successfully for message: {"message": "Kafka is awesome.", "author": "Diana"}
2025-09-16 19:26:07 | INFO | Sent message to topic 'buzzline_json': {'message': 'Hello, Kafka world!', 'author': 'Bob'}
2025-09-16 19:26:07 | INFO | Processed JSON message: {'message': 'Hello, Kafka world!', 'author': 'Bob'}
2025-09-16 19:26:07 | INFO | Message received from author: Bob
2025-09-16 19:26:07 | INFO | Updated author counts: {'Eve': 6, 'Alice': 7, 'Charlie': 3, 'Diana': 7, 'Bob': 4}
2025-09-16 19:26:07 | INFO | Chart updated successfully for message: {"message": "Hello, Kafka world!", "author": "Bob"}
2025-09-16 19:26:10 | INFO | Sent message to topic 'buzzline_json': {'message': 'Distributed systems are fascinating.', 'author': 'Diana'}
2025-09-16 19:26:10 | INFO | Processed JSON message: {'message': 'Distributed systems are fascinating.', 'author': 'Diana'}
2025-09-16 19:26:10 | INFO | Message received from author: Diana
2025-09-16 19:26:10 | INFO | Updated author counts: {'Eve': 6, 'Alice': 7, 'Charlie': 3, 'Diana': 8, 'Bob': 4}
2025-09-16 19:26:10 | INFO | Chart updated successfully for message: {"message": "Distributed systems are fascinating.", "author": "Diana"}
2025-09-16 19:26:13 | INFO | Sent message to topic 'buzzline_json': {'message': 'I love Python!', 'author': 'Diana'}
2025-09-16 19:26:13 | INFO | Processed JSON message: {'message': 'I love Python!', 'author': 'Diana'}
2025-09-16 19:26:13 | INFO | Message received from author: Diana
2025-09-16 19:26:13 | INFO | Updated author counts: {'Eve': 6, 'Alice': 7, 'Charlie': 3, 'Diana': 9, 'Bob': 4}
2025-09-16 19:26:13 | INFO | Chart updated successfully for message: {"message": "I love Python!", "author": "Diana"}
2025-09-16 19:26:16 | INFO | Sent message to topic 'buzzline_json': {'message': 'Have a great day!', 'author': 'Alice'}
2025-09-16 19:26:16 | INFO | Processed JSON message: {'message': 'Have a great day!', 'author': 'Alice'}
2025-09-16 19:26:16 | INFO | Message received from author: Alice
2025-09-16 19:26:16 | INFO | Updated author counts: {'Eve': 6, 'Alice': 8, 'Charlie': 3, 'Diana': 9, 'Bob': 4}
2025-09-16 19:26:16 | INFO | Chart updated successfully for message: {"message": "Have a great day!", "author": "Alice"}
2025-09-16 19:26:19 | INFO | Sent message to topic 'buzzline_json': {'message': 'Hello, Kafka world!', 'author': 'Charlie'}
2025-09-16 19:26:19 | INFO | Processed JSON message: {'message': 'Hello, Kafka world!', 'author': 'Charlie'}
2025-09-16 19:26:19 | INFO | Message received from author: Charlie
2025-09-16 19:26:19 | INFO | Updated author counts: {'Eve': 6, 'Alice': 8, 'Charlie': 4, 'Diana': 9, 'Bob': 4}
2025-09-16 19:26:19 | INFO | Chart updated successfully for message: {"message": "Hello, Kafka world!", "author": "Charlie"}
2025-09-16 19:26:22 | INFO | Sent message to topic 'buzzline_json': {'message': 'JSON makes life easier.', 'author': 'Diana'}
2025-09-16 19:26:22 | INFO | Processed JSON message: {'message': 'JSON makes life easier.', 'author': 'Diana'}
2025-09-16 19:26:22 | INFO | Message received from author: Diana
2025-09-16 19:26:22 | INFO | Updated author counts: {'Eve': 6, 'Alice': 8, 'Charlie': 4, 'Diana': 10, 'Bob': 4}
2025-09-16 19:26:22 | INFO | Chart updated successfully for message: {"message": "JSON makes life easier.", "author": "Diana"}
2025-09-16 19:26:25 | INFO | Sent message to topic 'buzzline_json': {'message': 'I love Python!', 'author': 'Bob'}
2025-09-16 19:26:25 | INFO | Processed JSON message: {'message': 'I love Python!', 'author': 'Bob'}
2025-09-16 19:26:25 | INFO | Message received from author: Bob
2025-09-16 19:26:25 | INFO | Updated author counts: {'Eve': 6, 'Alice': 8, 'Charlie': 4, 'Diana': 10, 'Bob': 5}
2025-09-16 19:26:25 | INFO | Chart updated successfully for message: {"message": "I love Python!", "author": "Bob"}
2025-09-16 19:26:28 | INFO | Sent message to topic 'buzzline_json': {'message': 'Have a great day!', 'author': 'Diana'}
2025-09-16 19:26:28 | INFO | Processed JSON message: {'message': 'Have a great day!', 'author': 'Diana'}
2025-09-16 19:26:28 | INFO | Message received from author: Diana
2025-09-16 19:26:28 | INFO | Updated author counts: {'Eve': 6, 'Alice': 8, 'Charlie': 4, 'Diana': 11, 'Bob': 5}
2025-09-16 19:26:28 | INFO | Chart updated successfully for message: {"message": "Have a great day!", "author": "Diana"}
2025-09-16 19:26:29 | WARNING | Consumer interrupted by user.
2025-09-16 19:26:29 | INFO | Kafka consumer for topic 'buzzline_json' closed.
2025-09-16 19:26:29 | INFO | END consumer for topic 'buzzline_json' and group 'buzz_group'.
2025-09-16 19:26:31 | INFO | Sent message to topic 'buzzline_json': {'message': 'Hello, Kafka world!', 'author': 'Alice'}
2025-09-16 19:26:33 | WARNING | Producer interrupted by user.
2025-09-16 19:26:33 | INFO | Kafka producer closed.
2025-09-16 19:26:33 | INFO | END producer.
2025-09-16 19:29:58 | INFO | Logging to file: logs/project_log.log
2025-09-16 19:29:58 | INFO | Log sanitization enabled, personal info removed
2025-09-16 19:29:58 | INFO | Project root: PROJECT_ROOT
2025-09-16 19:29:58 | INFO | Data folder: PROJECT_ROOT/data
2025-09-16 19:29:58 | INFO | Data file: PROJECT_ROOT/data/smoker_temps.csv
2025-09-16 19:29:58 | INFO | START producer.
2025-09-16 19:29:58 | INFO | Kafka broker address: localhost:9092
2025-09-16 19:29:59 | INFO | Kafka is ready. Brokers: {'throttle_time_ms': 0, 'brokers': [{'node_id': 1, 'host': 'localhost', 'port': 9092, 'rack': None}], 'cluster_id': 'c1RJkXlsTcCZ0bUhWwCWiQ', 'controller_id': 1}
2025-09-16 19:29:59 | INFO | Kafka topic: smoker_csv
2025-09-16 19:29:59 | INFO | Message interval: 5 seconds
2025-09-16 19:29:59 | INFO | Kafka broker address: localhost:9092
2025-09-16 19:29:59 | INFO | Connecting to Kafka broker at localhost:9092...
2025-09-16 19:29:59 | INFO | Kafka producer successfully created.
2025-09-16 19:29:59 | INFO | Kafka broker address: localhost:9092
2025-09-16 19:30:00 | INFO | Topic 'smoker_csv' created successfully.
2025-09-16 19:30:00 | INFO | Kafka topic 'smoker_csv' is ready.
2025-09-16 19:30:00 | INFO | Starting message production to topic 'smoker_csv'...
2025-09-16 19:30:00 | INFO | Opening data file in read mode: PROJECT_ROOT/data/smoker_temps.csv
2025-09-16 19:30:00 | INFO | Reading data from file: PROJECT_ROOT/data/smoker_temps.csv
2025-09-16 19:30:00 | INFO | Sent message to topic 'smoker_csv': {'timestamp': '2025-09-17T00:30:00.573271', 'temperature': 70.4}
2025-09-16 19:30:05 | INFO | Sent message to topic 'smoker_csv': {'timestamp': '2025-09-17T00:30:05.632042', 'temperature': 70.8}
2025-09-16 19:30:08 | INFO | Logging to file: logs/project_log.log
2025-09-16 19:30:08 | INFO | Log sanitization enabled, personal info removed
2025-09-16 19:30:09 | INFO | START consumer.
2025-09-16 19:30:09 | INFO | Kafka topic: smoker_csv
2025-09-16 19:30:09 | INFO | Kafka consumer group id: smoker_group
2025-09-16 19:30:09 | INFO | Rolling window size: 10
2025-09-16 19:30:09 | INFO | Consumer: Topic 'smoker_csv' and group 'smoker_group'...
2025-09-16 19:30:09 | INFO | Rolling window size: 10
2025-09-16 19:30:09 | INFO | Kafka broker address: localhost:9092
2025-09-16 19:30:09 | INFO | Creating Kafka consumer. Topic='smoker_csv' and group ID='smoker_group'.
2025-09-16 19:30:09 | INFO | Kafka consumer created successfully.
2025-09-16 19:30:09 | INFO | Polling messages from topic 'smoker_csv'...
2025-09-16 19:30:10 | INFO | Sent message to topic 'smoker_csv': {'timestamp': '2025-09-17T00:30:10.634251', 'temperature': 71.2}
2025-09-16 19:30:13 | INFO | Processed JSON message: {'timestamp': '2025-09-17T00:30:00.573271', 'temperature': 70.4}
2025-09-16 19:30:13 | INFO | Processed JSON message: {'timestamp': '2025-09-17T00:30:05.632042', 'temperature': 70.8}
2025-09-16 19:30:13 | INFO | Processed JSON message: {'timestamp': '2025-09-17T00:30:10.634251', 'temperature': 71.2}
2025-09-16 19:30:15 | INFO | Sent message to topic 'smoker_csv': {'timestamp': '2025-09-17T00:30:15.637016', 'temperature': 71.6}
2025-09-16 19:30:15 | INFO | Processed JSON message: {'timestamp': '2025-09-17T00:30:15.637016', 'temperature': 71.6}
2025-09-16 19:30:20 | INFO | Sent message to topic 'smoker_csv': {'timestamp': '2025-09-17T00:30:20.638270', 'temperature': 72.0}
2025-09-16 19:30:20 | INFO | Processed JSON message: {'timestamp': '2025-09-17T00:30:20.638270', 'temperature': 72.0}
2025-09-16 19:30:25 | INFO | Sent message to topic 'smoker_csv': {'timestamp': '2025-09-17T00:30:25.639620', 'temperature': 72.4}
2025-09-16 19:30:25 | INFO | Processed JSON message: {'timestamp': '2025-09-17T00:30:25.639620', 'temperature': 72.4}
2025-09-16 19:30:31 | INFO | Sent message to topic 'smoker_csv': {'timestamp': '2025-09-17T00:30:31.756560', 'temperature': 72.8}
2025-09-16 19:30:31 | INFO | Processed JSON message: {'timestamp': '2025-09-17T00:30:31.756560', 'temperature': 72.8}
2025-09-16 19:30:36 | INFO | Sent message to topic 'smoker_csv': {'timestamp': '2025-09-17T00:30:36.758274', 'temperature': 73.2}
2025-09-16 19:30:36 | INFO | Processed JSON message: {'timestamp': '2025-09-17T00:30:36.758274', 'temperature': 73.2}
2025-09-16 19:30:41 | INFO | Sent message to topic 'smoker_csv': {'timestamp': '2025-09-17T00:30:41.760567', 'temperature': 73.6}
2025-09-16 19:30:41 | INFO | Processed JSON message: {'timestamp': '2025-09-17T00:30:41.760567', 'temperature': 73.6}
2025-09-16 19:30:46 | INFO | Sent message to topic 'smoker_csv': {'timestamp': '2025-09-17T00:30:46.764236', 'temperature': 74.0}
2025-09-16 19:30:46 | INFO | Processed JSON message: {'timestamp': '2025-09-17T00:30:46.764236', 'temperature': 74.0}
2025-09-16 19:30:51 | INFO | Sent message to topic 'smoker_csv': {'timestamp': '2025-09-17T00:30:51.765352', 'temperature': 74.4}
2025-09-16 19:30:51 | INFO | Processed JSON message: {'timestamp': '2025-09-17T00:30:51.765352', 'temperature': 74.4}
2025-09-16 19:30:56 | INFO | Sent message to topic 'smoker_csv': {'timestamp': '2025-09-17T00:30:56.767891', 'temperature': 74.8}
2025-09-16 19:30:56 | INFO | Processed JSON message: {'timestamp': '2025-09-17T00:30:56.767891', 'temperature': 74.8}
2025-09-16 19:31:01 | INFO | Sent message to topic 'smoker_csv': {'timestamp': '2025-09-17T00:31:01.770013', 'temperature': 75.2}
2025-09-16 19:31:01 | INFO | Processed JSON message: {'timestamp': '2025-09-17T00:31:01.770013', 'temperature': 75.2}
2025-09-16 19:31:07 | INFO | Sent message to topic 'smoker_csv': {'timestamp': '2025-09-17T00:31:07.843426', 'temperature': 75.6}
2025-09-16 19:31:07 | INFO | Processed JSON message: {'timestamp': '2025-09-17T00:31:07.843426', 'temperature': 75.6}
2025-09-16 19:31:12 | INFO | Sent message to topic 'smoker_csv': {'timestamp': '2025-09-17T00:31:12.845947', 'temperature': 76.0}
2025-09-16 19:31:12 | INFO | Processed JSON message: {'timestamp': '2025-09-17T00:31:12.845947', 'temperature': 76.0}
2025-09-16 19:31:17 | INFO | Sent message to topic 'smoker_csv': {'timestamp': '2025-09-17T00:31:17.847280', 'temperature': 76.4}
2025-09-16 19:31:17 | INFO | Processed JSON message: {'timestamp': '2025-09-17T00:31:17.847280', 'temperature': 76.4}
2025-09-16 19:31:22 | INFO | Sent message to topic 'smoker_csv': {'timestamp': '2025-09-17T00:31:22.848662', 'temperature': 76.8}
2025-09-16 19:31:22 | INFO | Processed JSON message: {'timestamp': '2025-09-17T00:31:22.848662', 'temperature': 76.8}
2025-09-16 19:31:24 | WARNING | Consumer interrupted by user.
2025-09-16 19:31:24 | INFO | Kafka consumer for topic 'smoker_csv' closed.
2025-09-16 19:31:27 | WARNING | Producer interrupted by user.
2025-09-16 19:31:27 | INFO | Kafka producer closed.
2025-09-16 19:31:27 | INFO | END producer.
2025-09-16 20:39:08 | INFO | Logging to file: logs/project_log.log
2025-09-16 20:39:08 | INFO | Log sanitization enabled, personal info removed
2025-09-16 20:39:08 | INFO | Project root: PROJECT_ROOT
2025-09-16 20:39:08 | INFO | Data folder: PROJECT_ROOT/data
2025-09-16 20:39:08 | INFO | Data file: PROJECT_ROOT/data/buzz.json
2025-09-16 20:39:08 | INFO | START producer.
2025-09-16 20:39:08 | INFO | Kafka broker address: localhost:9092
2025-09-16 20:39:08 | INFO | Kafka is ready. Brokers: {'throttle_time_ms': 0, 'brokers': [{'node_id': 1, 'host': 'localhost', 'port': 9092, 'rack': None}], 'cluster_id': 'c1RJkXlsTcCZ0bUhWwCWiQ', 'controller_id': 1}
2025-09-16 20:39:08 | INFO | Kafka topic: buzzline_json
2025-09-16 20:39:08 | INFO | Message interval: 3 seconds
2025-09-16 20:39:08 | INFO | Kafka broker address: localhost:9092
2025-09-16 20:39:08 | INFO | Connecting to Kafka broker at localhost:9092...
2025-09-16 20:39:08 | INFO | Kafka producer successfully created.
2025-09-16 20:39:08 | INFO | Kafka broker address: localhost:9092
2025-09-16 20:39:08 | INFO | Topic 'buzzline_json' already exists. Recreating fresh...
2025-09-16 20:39:09 | INFO | Requested deletion of topic 'buzzline_json'.
2025-09-16 20:39:09 | INFO | Topic 'buzzline_json' created successfully.
2025-09-16 20:39:09 | INFO | Kafka topic 'buzzline_json' is ready.
2025-09-16 20:39:09 | INFO | Starting message production to topic 'buzzline_json'...
2025-09-16 20:39:09 | INFO | Opening data file in read mode: PROJECT_ROOT/data/buzz.json
2025-09-16 20:39:09 | INFO | Reading data from file: PROJECT_ROOT/data/buzz.json
2025-09-16 20:39:09 | INFO | Sent message to topic 'buzzline_json': {'message': 'Data engineering is my passion.', 'author': 'Eve'}
2025-09-16 20:39:12 | INFO | Sent message to topic 'buzzline_json': {'message': 'Distributed systems are fascinating.', 'author': 'Alice'}
2025-09-16 20:39:15 | INFO | Sent message to topic 'buzzline_json': {'message': 'Have a great day!', 'author': 'Charlie'}
2025-09-16 20:39:18 | INFO | Sent message to topic 'buzzline_json': {'message': 'Data engineering is my passion.', 'author': 'Alice'}
2025-09-16 20:39:21 | INFO | Sent message to topic 'buzzline_json': {'message': 'Distributed systems are fascinating.', 'author': 'Diana'}
2025-09-16 20:39:24 | INFO | Sent message to topic 'buzzline_json': {'message': 'Buzz messages for everyone.', 'author': 'Alice'}
2025-09-16 20:39:27 | INFO | Sent message to topic 'buzzline_json': {'message': 'Hello, Kafka world!', 'author': 'Diana'}
2025-09-16 20:39:31 | INFO | Sent message to topic 'buzzline_json': {'message': 'This is a buzz message.', 'author': 'Eve'}
2025-09-16 20:39:34 | INFO | Sent message to topic 'buzzline_json': {'message': 'JSON makes life easier.', 'author': 'Eve'}
2025-09-16 20:39:37 | INFO | Sent message to topic 'buzzline_json': {'message': 'JSON makes life easier.', 'author': 'Alice'}
2025-09-16 20:39:40 | INFO | Sent message to topic 'buzzline_json': {'message': 'Data engineering is my passion.', 'author': 'Diana'}
2025-09-16 20:39:43 | INFO | Sent message to topic 'buzzline_json': {'message': 'JSON makes life easier.', 'author': 'Diana'}
2025-09-16 20:39:46 | INFO | Sent message to topic 'buzzline_json': {'message': 'Kafka is awesome.', 'author': 'Charlie'}
2025-09-16 20:39:49 | INFO | Sent message to topic 'buzzline_json': {'message': 'JSON makes life easier.', 'author': 'Bob'}
2025-09-16 20:39:52 | INFO | Sent message to topic 'buzzline_json': {'message': 'I love Python!', 'author': 'Bob'}
2025-09-16 20:39:55 | INFO | Sent message to topic 'buzzline_json': {'message': 'This is a buzz message.', 'author': 'Eve'}
2025-09-16 20:39:58 | INFO | Sent message to topic 'buzzline_json': {'message': 'I love Python!', 'author': 'Eve'}
2025-09-16 20:40:01 | INFO | Sent message to topic 'buzzline_json': {'message': 'Buzz messages for everyone.', 'author': 'Alice'}
2025-09-16 20:40:05 | INFO | Sent message to topic 'buzzline_json': {'message': 'This is a buzz message.', 'author': 'Alice'}
2025-09-16 20:40:08 | INFO | Sent message to topic 'buzzline_json': {'message': 'Data engineering is my passion.', 'author': 'Diana'}
2025-09-16 20:40:11 | INFO | Sent message to topic 'buzzline_json': {'message': 'I love Python!', 'author': 'Eve'}
2025-09-16 20:40:14 | INFO | Sent message to topic 'buzzline_json': {'message': 'JSON makes life easier.', 'author': 'Charlie'}
2025-09-16 20:40:17 | INFO | Sent message to topic 'buzzline_json': {'message': 'Have a great day!', 'author': 'Bob'}
2025-09-16 20:40:20 | INFO | Sent message to topic 'buzzline_json': {'message': 'Data engineering is my passion.', 'author': 'Alice'}
2025-09-16 20:40:23 | INFO | Sent message to topic 'buzzline_json': {'message': 'Kafka is awesome.', 'author': 'Diana'}
2025-09-16 20:40:26 | INFO | Sent message to topic 'buzzline_json': {'message': 'Kafka is awesome.', 'author': 'Diana'}
2025-09-16 20:40:29 | INFO | Sent message to topic 'buzzline_json': {'message': 'Hello, Kafka world!', 'author': 'Bob'}
2025-09-16 20:40:32 | INFO | Sent message to topic 'buzzline_json': {'message': 'Distributed systems are fascinating.', 'author': 'Diana'}
2025-09-16 20:40:35 | INFO | Sent message to topic 'buzzline_json': {'message': 'I love Python!', 'author': 'Diana'}
2025-09-16 20:40:39 | INFO | Sent message to topic 'buzzline_json': {'message': 'Have a great day!', 'author': 'Alice'}
2025-09-16 20:40:42 | INFO | Sent message to topic 'buzzline_json': {'message': 'Hello, Kafka world!', 'author': 'Charlie'}
2025-09-16 20:40:45 | INFO | Sent message to topic 'buzzline_json': {'message': 'JSON makes life easier.', 'author': 'Diana'}
2025-09-16 20:40:48 | INFO | Sent message to topic 'buzzline_json': {'message': 'I love Python!', 'author': 'Bob'}
2025-09-16 20:40:51 | INFO | Sent message to topic 'buzzline_json': {'message': 'Have a great day!', 'author': 'Diana'}
2025-09-16 20:40:54 | INFO | Sent message to topic 'buzzline_json': {'message': 'Hello, Kafka world!', 'author': 'Alice'}
2025-09-16 20:40:57 | INFO | Sent message to topic 'buzzline_json': {'message': 'JSON makes life easier.', 'author': 'Alice'}
2025-09-16 20:41:00 | INFO | Sent message to topic 'buzzline_json': {'message': 'Buzz messages for everyone.', 'author': 'Charlie'}
2025-09-16 20:41:03 | INFO | Sent message to topic 'buzzline_json': {'message': 'Buzz messages for everyone.', 'author': 'Bob'}
2025-09-16 20:41:06 | INFO | Sent message to topic 'buzzline_json': {'message': 'Streaming data is fun.', 'author': 'Diana'}
2025-09-16 20:41:11 | INFO | Sent message to topic 'buzzline_json': {'message': 'Have a great day!', 'author': 'Diana'}
2025-09-16 20:41:14 | INFO | Sent message to topic 'buzzline_json': {'message': 'I love Python!', 'author': 'Alice'}
2025-09-16 20:41:17 | INFO | Sent message to topic 'buzzline_json': {'message': 'Streaming data is fun.', 'author': 'Charlie'}
2025-09-16 20:41:18 | WARNING | Producer interrupted by user.
2025-09-16 20:41:18 | INFO | Kafka producer closed.
2025-09-16 20:41:18 | INFO | END producer.
2025-09-16 20:43:08 | INFO | Logging to file: logs/project_log.log
2025-09-16 20:43:08 | INFO | Log sanitization enabled, personal info removed
2025-09-16 20:43:08 | INFO | START producer...
